<?xml version="1.0" encoding="UTF-8"?>
<!-- Generated by org.testng.reporters.JUnitReportReporter -->
<testsuite hostname="lileio" name="nc.tc.uap.workflow.admin.IWFEngineServiceTest" tests="71" failures="71" timestamp="3 Jun 2013 06:55:19 GMT" time="0.061" errors="0">
  <testcase name="forwardWorkflow" time="0.000" classname="nc.tc.uap.workflow.admin.IWFEngineServiceTest">
    <failure type="nc.bs.framework.exception.ComponentNotFoundException" message="Component: uap.workflow.admin.IWFEngineService,Detail Message: The tx component: uap.workflow.admin.IWFEngineService is not found in jndi  please deploy it!} jndiName: uap.workflow.admin.IWFEngineService meta: null">
      <![CDATA[nc.bs.framework.exception.ComponentNotFoundException: Component: uap.workflow.admin.IWFEngineService,Detail Message: The tx component: uap.workflow.admin.IWFEngineService is not found in jndi  please deploy it!} jndiName: uap.workflow.admin.IWFEngineService meta: null
	at nc.bs.framework.server.AbstractContext.lookup(AbstractContext.java:161)
	at nc.bs.framework.server.BusinessAppServer$3.lookup(BusinessAppServer.java:1089)
	at nc.bs.framework.server.ServerNCLocator.lookup(ServerNCLocator.java:21)
	at nc.bs.framework.common.NCLocator.lookup(NCLocator.java:154)
	at nc.tc.uap.workflow.admin.IWFEngineServiceTest.BeforeClass(IWFEngineServiceTest.java:81)
	at sun.reflect.NativeMethodAccessorImpl.invoke0(Native Method)
	at sun.reflect.NativeMethodAccessorImpl.invoke(NativeMethodAccessorImpl.java:39)
	at sun.reflect.DelegatingMethodAccessorImpl.invoke(DelegatingMethodAccessorImpl.java:25)
	at java.lang.reflect.Method.invoke(Method.java:597)
	at org.testng.internal.MethodInvocationHelper.invokeMethod(MethodInvocationHelper.java:84)
	at org.testng.internal.Invoker.invokeConfigurationMethod(Invoker.java:564)
	at org.testng.internal.Invoker.invokeConfigurations(Invoker.java:213)
	at org.testng.internal.Invoker.invokeConfigurations(Invoker.java:138)
	at org.testng.internal.TestMethodWorker.invokeBeforeClassMethods(TestMethodWorker.java:175)
	at org.testng.internal.TestMethodWorker.run(TestMethodWorker.java:107)
	at org.testng.TestRunner.privateRun(TestRunner.java:767)
	at org.testng.TestRunner.run(TestRunner.java:617)
	at org.testng.SuiteRunner.runTest(SuiteRunner.java:334)
	at org.testng.SuiteRunner.runSequentially(SuiteRunner.java:329)
	at org.testng.SuiteRunner.privateRun(SuiteRunner.java:291)
	at org.testng.SuiteRunner.run(SuiteRunner.java:240)
	at org.testng.SuiteRunnerWorker.runSuite(SuiteRunnerWorker.java:52)
	at org.testng.SuiteRunnerWorker.run(SuiteRunnerWorker.java:86)
	at org.testng.TestNG.runSuitesSequentially(TestNG.java:1224)
	at org.testng.TestNG.runSuitesLocally(TestNG.java:1149)
	at org.testng.TestNG.run(TestNG.java:1057)
	at org.testng.remote.RemoteTestNG.run(RemoteTestNG.java:127)
	at org.testng.remote.RemoteTestNG.initAndRun(RemoteTestNG.java:247)
	at org.testng.remote.RemoteTestNG.runTestNG(RemoteTestNG.java:216)
	at org.testng.yonyou.TestNGClientSocketHandler.run(TestNGClientSocketHandler.java:35)
]]>
    </failure>
  </testcase> <!-- forwardWorkflow -->
  <testcase name="checkUnfinishedWorkitem" time="0.000" classname="nc.tc.uap.workflow.admin.IWFEngineServiceTest">
    <failure type="nc.bs.framework.exception.ComponentNotFoundException" message="Component: uap.workflow.admin.IWFEngineService,Detail Message: The tx component: uap.workflow.admin.IWFEngineService is not found in jndi  please deploy it!} jndiName: uap.workflow.admin.IWFEngineService meta: null">
      <![CDATA[nc.bs.framework.exception.ComponentNotFoundException: Component: uap.workflow.admin.IWFEngineService,Detail Message: The tx component: uap.workflow.admin.IWFEngineService is not found in jndi  please deploy it!} jndiName: uap.workflow.admin.IWFEngineService meta: null
	at nc.bs.framework.server.AbstractContext.lookup(AbstractContext.java:161)
	at nc.bs.framework.server.BusinessAppServer$3.lookup(BusinessAppServer.java:1089)
	at nc.bs.framework.server.ServerNCLocator.lookup(ServerNCLocator.java:21)
	at nc.bs.framework.common.NCLocator.lookup(NCLocator.java:154)
	at nc.tc.uap.workflow.admin.IWFEngineServiceTest.BeforeClass(IWFEngineServiceTest.java:81)
	at sun.reflect.NativeMethodAccessorImpl.invoke0(Native Method)
	at sun.reflect.NativeMethodAccessorImpl.invoke(NativeMethodAccessorImpl.java:39)
	at sun.reflect.DelegatingMethodAccessorImpl.invoke(DelegatingMethodAccessorImpl.java:25)
	at java.lang.reflect.Method.invoke(Method.java:597)
	at org.testng.internal.MethodInvocationHelper.invokeMethod(MethodInvocationHelper.java:84)
	at org.testng.internal.Invoker.invokeConfigurationMethod(Invoker.java:564)
	at org.testng.internal.Invoker.invokeConfigurations(Invoker.java:213)
	at org.testng.internal.Invoker.invokeConfigurations(Invoker.java:138)
	at org.testng.internal.TestMethodWorker.invokeBeforeClassMethods(TestMethodWorker.java:175)
	at org.testng.internal.TestMethodWorker.run(TestMethodWorker.java:107)
	at org.testng.TestRunner.privateRun(TestRunner.java:767)
	at org.testng.TestRunner.run(TestRunner.java:617)
	at org.testng.SuiteRunner.runTest(SuiteRunner.java:334)
	at org.testng.SuiteRunner.runSequentially(SuiteRunner.java:329)
	at org.testng.SuiteRunner.privateRun(SuiteRunner.java:291)
	at org.testng.SuiteRunner.run(SuiteRunner.java:240)
	at org.testng.SuiteRunnerWorker.runSuite(SuiteRunnerWorker.java:52)
	at org.testng.SuiteRunnerWorker.run(SuiteRunnerWorker.java:86)
	at org.testng.TestNG.runSuitesSequentially(TestNG.java:1224)
	at org.testng.TestNG.runSuitesLocally(TestNG.java:1149)
	at org.testng.TestNG.run(TestNG.java:1057)
	at org.testng.remote.RemoteTestNG.run(RemoteTestNG.java:127)
	at org.testng.remote.RemoteTestNG.initAndRun(RemoteTestNG.java:247)
	at org.testng.remote.RemoteTestNG.runTestNG(RemoteTestNG.java:216)
	at org.testng.yonyou.TestNGClientSocketHandler.run(TestNGClientSocketHandler.java:35)
]]>
    </failure>
  </testcase> <!-- checkUnfinishedWorkitem -->
  <testcase name="beforeAddSign" time="0.000" classname="nc.tc.uap.workflow.admin.IWFEngineServiceTest">
    <failure type="nc.bs.framework.exception.ComponentNotFoundException" message="Component: uap.workflow.admin.IWFEngineService,Detail Message: The tx component: uap.workflow.admin.IWFEngineService is not found in jndi  please deploy it!} jndiName: uap.workflow.admin.IWFEngineService meta: null">
      <![CDATA[nc.bs.framework.exception.ComponentNotFoundException: Component: uap.workflow.admin.IWFEngineService,Detail Message: The tx component: uap.workflow.admin.IWFEngineService is not found in jndi  please deploy it!} jndiName: uap.workflow.admin.IWFEngineService meta: null
	at nc.bs.framework.server.AbstractContext.lookup(AbstractContext.java:161)
	at nc.bs.framework.server.BusinessAppServer$3.lookup(BusinessAppServer.java:1089)
	at nc.bs.framework.server.ServerNCLocator.lookup(ServerNCLocator.java:21)
	at nc.bs.framework.common.NCLocator.lookup(NCLocator.java:154)
	at nc.tc.uap.workflow.admin.IWFEngineServiceTest.BeforeClass(IWFEngineServiceTest.java:81)
	at sun.reflect.NativeMethodAccessorImpl.invoke0(Native Method)
	at sun.reflect.NativeMethodAccessorImpl.invoke(NativeMethodAccessorImpl.java:39)
	at sun.reflect.DelegatingMethodAccessorImpl.invoke(DelegatingMethodAccessorImpl.java:25)
	at java.lang.reflect.Method.invoke(Method.java:597)
	at org.testng.internal.MethodInvocationHelper.invokeMethod(MethodInvocationHelper.java:84)
	at org.testng.internal.Invoker.invokeConfigurationMethod(Invoker.java:564)
	at org.testng.internal.Invoker.invokeConfigurations(Invoker.java:213)
	at org.testng.internal.Invoker.invokeConfigurations(Invoker.java:138)
	at org.testng.internal.TestMethodWorker.invokeBeforeClassMethods(TestMethodWorker.java:175)
	at org.testng.internal.TestMethodWorker.run(TestMethodWorker.java:107)
	at org.testng.TestRunner.privateRun(TestRunner.java:767)
	at org.testng.TestRunner.run(TestRunner.java:617)
	at org.testng.SuiteRunner.runTest(SuiteRunner.java:334)
	at org.testng.SuiteRunner.runSequentially(SuiteRunner.java:329)
	at org.testng.SuiteRunner.privateRun(SuiteRunner.java:291)
	at org.testng.SuiteRunner.run(SuiteRunner.java:240)
	at org.testng.SuiteRunnerWorker.runSuite(SuiteRunnerWorker.java:52)
	at org.testng.SuiteRunnerWorker.run(SuiteRunnerWorker.java:86)
	at org.testng.TestNG.runSuitesSequentially(TestNG.java:1224)
	at org.testng.TestNG.runSuitesLocally(TestNG.java:1149)
	at org.testng.TestNG.run(TestNG.java:1057)
	at org.testng.remote.RemoteTestNG.run(RemoteTestNG.java:127)
	at org.testng.remote.RemoteTestNG.initAndRun(RemoteTestNG.java:247)
	at org.testng.remote.RemoteTestNG.runTestNG(RemoteTestNG.java:216)
	at org.testng.yonyou.TestNGClientSocketHandler.run(TestNGClientSocketHandler.java:35)
]]>
    </failure>
  </testcase> <!-- beforeAddSign -->
  <testcase name="checkUnfinishedWorkitem" time="0.000" classname="nc.tc.uap.workflow.admin.IWFEngineServiceTest">
    <failure type="nc.bs.framework.exception.ComponentNotFoundException" message="Component: uap.workflow.admin.IWFEngineService,Detail Message: The tx component: uap.workflow.admin.IWFEngineService is not found in jndi  please deploy it!} jndiName: uap.workflow.admin.IWFEngineService meta: null">
      <![CDATA[nc.bs.framework.exception.ComponentNotFoundException: Component: uap.workflow.admin.IWFEngineService,Detail Message: The tx component: uap.workflow.admin.IWFEngineService is not found in jndi  please deploy it!} jndiName: uap.workflow.admin.IWFEngineService meta: null
	at nc.bs.framework.server.AbstractContext.lookup(AbstractContext.java:161)
	at nc.bs.framework.server.BusinessAppServer$3.lookup(BusinessAppServer.java:1089)
	at nc.bs.framework.server.ServerNCLocator.lookup(ServerNCLocator.java:21)
	at nc.bs.framework.common.NCLocator.lookup(NCLocator.java:154)
	at nc.tc.uap.workflow.admin.IWFEngineServiceTest.BeforeClass(IWFEngineServiceTest.java:81)
	at sun.reflect.NativeMethodAccessorImpl.invoke0(Native Method)
	at sun.reflect.NativeMethodAccessorImpl.invoke(NativeMethodAccessorImpl.java:39)
	at sun.reflect.DelegatingMethodAccessorImpl.invoke(DelegatingMethodAccessorImpl.java:25)
	at java.lang.reflect.Method.invoke(Method.java:597)
	at org.testng.internal.MethodInvocationHelper.invokeMethod(MethodInvocationHelper.java:84)
	at org.testng.internal.Invoker.invokeConfigurationMethod(Invoker.java:564)
	at org.testng.internal.Invoker.invokeConfigurations(Invoker.java:213)
	at org.testng.internal.Invoker.invokeConfigurations(Invoker.java:138)
	at org.testng.internal.TestMethodWorker.invokeBeforeClassMethods(TestMethodWorker.java:175)
	at org.testng.internal.TestMethodWorker.run(TestMethodWorker.java:107)
	at org.testng.TestRunner.privateRun(TestRunner.java:767)
	at org.testng.TestRunner.run(TestRunner.java:617)
	at org.testng.SuiteRunner.runTest(SuiteRunner.java:334)
	at org.testng.SuiteRunner.runSequentially(SuiteRunner.java:329)
	at org.testng.SuiteRunner.privateRun(SuiteRunner.java:291)
	at org.testng.SuiteRunner.run(SuiteRunner.java:240)
	at org.testng.SuiteRunnerWorker.runSuite(SuiteRunnerWorker.java:52)
	at org.testng.SuiteRunnerWorker.run(SuiteRunnerWorker.java:86)
	at org.testng.TestNG.runSuitesSequentially(TestNG.java:1224)
	at org.testng.TestNG.runSuitesLocally(TestNG.java:1149)
	at org.testng.TestNG.run(TestNG.java:1057)
	at org.testng.remote.RemoteTestNG.run(RemoteTestNG.java:127)
	at org.testng.remote.RemoteTestNG.initAndRun(RemoteTestNG.java:247)
	at org.testng.remote.RemoteTestNG.runTestNG(RemoteTestNG.java:216)
	at org.testng.yonyou.TestNGClientSocketHandler.run(TestNGClientSocketHandler.java:35)
]]>
    </failure>
  </testcase> <!-- checkUnfinishedWorkitem -->
  <testcase name="forwardWorkflow" time="0.000" classname="nc.tc.uap.workflow.admin.IWFEngineServiceTest">
    <failure type="nc.bs.framework.exception.ComponentNotFoundException" message="Component: uap.workflow.admin.IWFEngineService,Detail Message: The tx component: uap.workflow.admin.IWFEngineService is not found in jndi  please deploy it!} jndiName: uap.workflow.admin.IWFEngineService meta: null">
      <![CDATA[nc.bs.framework.exception.ComponentNotFoundException: Component: uap.workflow.admin.IWFEngineService,Detail Message: The tx component: uap.workflow.admin.IWFEngineService is not found in jndi  please deploy it!} jndiName: uap.workflow.admin.IWFEngineService meta: null
	at nc.bs.framework.server.AbstractContext.lookup(AbstractContext.java:161)
	at nc.bs.framework.server.BusinessAppServer$3.lookup(BusinessAppServer.java:1089)
	at nc.bs.framework.server.ServerNCLocator.lookup(ServerNCLocator.java:21)
	at nc.bs.framework.common.NCLocator.lookup(NCLocator.java:154)
	at nc.tc.uap.workflow.admin.IWFEngineServiceTest.BeforeClass(IWFEngineServiceTest.java:81)
	at sun.reflect.NativeMethodAccessorImpl.invoke0(Native Method)
	at sun.reflect.NativeMethodAccessorImpl.invoke(NativeMethodAccessorImpl.java:39)
	at sun.reflect.DelegatingMethodAccessorImpl.invoke(DelegatingMethodAccessorImpl.java:25)
	at java.lang.reflect.Method.invoke(Method.java:597)
	at org.testng.internal.MethodInvocationHelper.invokeMethod(MethodInvocationHelper.java:84)
	at org.testng.internal.Invoker.invokeConfigurationMethod(Invoker.java:564)
	at org.testng.internal.Invoker.invokeConfigurations(Invoker.java:213)
	at org.testng.internal.Invoker.invokeConfigurations(Invoker.java:138)
	at org.testng.internal.TestMethodWorker.invokeBeforeClassMethods(TestMethodWorker.java:175)
	at org.testng.internal.TestMethodWorker.run(TestMethodWorker.java:107)
	at org.testng.TestRunner.privateRun(TestRunner.java:767)
	at org.testng.TestRunner.run(TestRunner.java:617)
	at org.testng.SuiteRunner.runTest(SuiteRunner.java:334)
	at org.testng.SuiteRunner.runSequentially(SuiteRunner.java:329)
	at org.testng.SuiteRunner.privateRun(SuiteRunner.java:291)
	at org.testng.SuiteRunner.run(SuiteRunner.java:240)
	at org.testng.SuiteRunnerWorker.runSuite(SuiteRunnerWorker.java:52)
	at org.testng.SuiteRunnerWorker.run(SuiteRunnerWorker.java:86)
	at org.testng.TestNG.runSuitesSequentially(TestNG.java:1224)
	at org.testng.TestNG.runSuitesLocally(TestNG.java:1149)
	at org.testng.TestNG.run(TestNG.java:1057)
	at org.testng.remote.RemoteTestNG.run(RemoteTestNG.java:127)
	at org.testng.remote.RemoteTestNG.initAndRun(RemoteTestNG.java:247)
	at org.testng.remote.RemoteTestNG.runTestNG(RemoteTestNG.java:216)
	at org.testng.yonyou.TestNGClientSocketHandler.run(TestNGClientSocketHandler.java:35)
]]>
    </failure>
  </testcase> <!-- forwardWorkflow -->
  <testcase name="forwardWorkflow" time="0.000" classname="nc.tc.uap.workflow.admin.IWFEngineServiceTest">
    <failure type="nc.bs.framework.exception.ComponentNotFoundException" message="Component: uap.workflow.admin.IWFEngineService,Detail Message: The tx component: uap.workflow.admin.IWFEngineService is not found in jndi  please deploy it!} jndiName: uap.workflow.admin.IWFEngineService meta: null">
      <![CDATA[nc.bs.framework.exception.ComponentNotFoundException: Component: uap.workflow.admin.IWFEngineService,Detail Message: The tx component: uap.workflow.admin.IWFEngineService is not found in jndi  please deploy it!} jndiName: uap.workflow.admin.IWFEngineService meta: null
	at nc.bs.framework.server.AbstractContext.lookup(AbstractContext.java:161)
	at nc.bs.framework.server.BusinessAppServer$3.lookup(BusinessAppServer.java:1089)
	at nc.bs.framework.server.ServerNCLocator.lookup(ServerNCLocator.java:21)
	at nc.bs.framework.common.NCLocator.lookup(NCLocator.java:154)
	at nc.tc.uap.workflow.admin.IWFEngineServiceTest.BeforeClass(IWFEngineServiceTest.java:81)
	at sun.reflect.NativeMethodAccessorImpl.invoke0(Native Method)
	at sun.reflect.NativeMethodAccessorImpl.invoke(NativeMethodAccessorImpl.java:39)
	at sun.reflect.DelegatingMethodAccessorImpl.invoke(DelegatingMethodAccessorImpl.java:25)
	at java.lang.reflect.Method.invoke(Method.java:597)
	at org.testng.internal.MethodInvocationHelper.invokeMethod(MethodInvocationHelper.java:84)
	at org.testng.internal.Invoker.invokeConfigurationMethod(Invoker.java:564)
	at org.testng.internal.Invoker.invokeConfigurations(Invoker.java:213)
	at org.testng.internal.Invoker.invokeConfigurations(Invoker.java:138)
	at org.testng.internal.TestMethodWorker.invokeBeforeClassMethods(TestMethodWorker.java:175)
	at org.testng.internal.TestMethodWorker.run(TestMethodWorker.java:107)
	at org.testng.TestRunner.privateRun(TestRunner.java:767)
	at org.testng.TestRunner.run(TestRunner.java:617)
	at org.testng.SuiteRunner.runTest(SuiteRunner.java:334)
	at org.testng.SuiteRunner.runSequentially(SuiteRunner.java:329)
	at org.testng.SuiteRunner.privateRun(SuiteRunner.java:291)
	at org.testng.SuiteRunner.run(SuiteRunner.java:240)
	at org.testng.SuiteRunnerWorker.runSuite(SuiteRunnerWorker.java:52)
	at org.testng.SuiteRunnerWorker.run(SuiteRunnerWorker.java:86)
	at org.testng.TestNG.runSuitesSequentially(TestNG.java:1224)
	at org.testng.TestNG.runSuitesLocally(TestNG.java:1149)
	at org.testng.TestNG.run(TestNG.java:1057)
	at org.testng.remote.RemoteTestNG.run(RemoteTestNG.java:127)
	at org.testng.remote.RemoteTestNG.initAndRun(RemoteTestNG.java:247)
	at org.testng.remote.RemoteTestNG.runTestNG(RemoteTestNG.java:216)
	at org.testng.yonyou.TestNGClientSocketHandler.run(TestNGClientSocketHandler.java:35)
]]>
    </failure>
  </testcase> <!-- forwardWorkflow -->
  <testcase name="getTasks" time="0.000" classname="nc.tc.uap.workflow.admin.IWFEngineServiceTest">
    <failure type="nc.bs.framework.exception.ComponentNotFoundException" message="Component: uap.workflow.admin.IWFEngineService,Detail Message: The tx component: uap.workflow.admin.IWFEngineService is not found in jndi  please deploy it!} jndiName: uap.workflow.admin.IWFEngineService meta: null">
      <![CDATA[nc.bs.framework.exception.ComponentNotFoundException: Component: uap.workflow.admin.IWFEngineService,Detail Message: The tx component: uap.workflow.admin.IWFEngineService is not found in jndi  please deploy it!} jndiName: uap.workflow.admin.IWFEngineService meta: null
	at nc.bs.framework.server.AbstractContext.lookup(AbstractContext.java:161)
	at nc.bs.framework.server.BusinessAppServer$3.lookup(BusinessAppServer.java:1089)
	at nc.bs.framework.server.ServerNCLocator.lookup(ServerNCLocator.java:21)
	at nc.bs.framework.common.NCLocator.lookup(NCLocator.java:154)
	at nc.tc.uap.workflow.admin.IWFEngineServiceTest.BeforeClass(IWFEngineServiceTest.java:81)
	at sun.reflect.NativeMethodAccessorImpl.invoke0(Native Method)
	at sun.reflect.NativeMethodAccessorImpl.invoke(NativeMethodAccessorImpl.java:39)
	at sun.reflect.DelegatingMethodAccessorImpl.invoke(DelegatingMethodAccessorImpl.java:25)
	at java.lang.reflect.Method.invoke(Method.java:597)
	at org.testng.internal.MethodInvocationHelper.invokeMethod(MethodInvocationHelper.java:84)
	at org.testng.internal.Invoker.invokeConfigurationMethod(Invoker.java:564)
	at org.testng.internal.Invoker.invokeConfigurations(Invoker.java:213)
	at org.testng.internal.Invoker.invokeConfigurations(Invoker.java:138)
	at org.testng.internal.TestMethodWorker.invokeBeforeClassMethods(TestMethodWorker.java:175)
	at org.testng.internal.TestMethodWorker.run(TestMethodWorker.java:107)
	at org.testng.TestRunner.privateRun(TestRunner.java:767)
	at org.testng.TestRunner.run(TestRunner.java:617)
	at org.testng.SuiteRunner.runTest(SuiteRunner.java:334)
	at org.testng.SuiteRunner.runSequentially(SuiteRunner.java:329)
	at org.testng.SuiteRunner.privateRun(SuiteRunner.java:291)
	at org.testng.SuiteRunner.run(SuiteRunner.java:240)
	at org.testng.SuiteRunnerWorker.runSuite(SuiteRunnerWorker.java:52)
	at org.testng.SuiteRunnerWorker.run(SuiteRunnerWorker.java:86)
	at org.testng.TestNG.runSuitesSequentially(TestNG.java:1224)
	at org.testng.TestNG.runSuitesLocally(TestNG.java:1149)
	at org.testng.TestNG.run(TestNG.java:1057)
	at org.testng.remote.RemoteTestNG.run(RemoteTestNG.java:127)
	at org.testng.remote.RemoteTestNG.initAndRun(RemoteTestNG.java:247)
	at org.testng.remote.RemoteTestNG.runTestNG(RemoteTestNG.java:216)
	at org.testng.yonyou.TestNGClientSocketHandler.run(TestNGClientSocketHandler.java:35)
]]>
    </failure>
  </testcase> <!-- getTasks -->
  <testcase name="forwardWorkflow" time="0.000" classname="nc.tc.uap.workflow.admin.IWFEngineServiceTest">
    <failure type="nc.bs.framework.exception.ComponentNotFoundException" message="Component: uap.workflow.admin.IWFEngineService,Detail Message: The tx component: uap.workflow.admin.IWFEngineService is not found in jndi  please deploy it!} jndiName: uap.workflow.admin.IWFEngineService meta: null">
      <![CDATA[nc.bs.framework.exception.ComponentNotFoundException: Component: uap.workflow.admin.IWFEngineService,Detail Message: The tx component: uap.workflow.admin.IWFEngineService is not found in jndi  please deploy it!} jndiName: uap.workflow.admin.IWFEngineService meta: null
	at nc.bs.framework.server.AbstractContext.lookup(AbstractContext.java:161)
	at nc.bs.framework.server.BusinessAppServer$3.lookup(BusinessAppServer.java:1089)
	at nc.bs.framework.server.ServerNCLocator.lookup(ServerNCLocator.java:21)
	at nc.bs.framework.common.NCLocator.lookup(NCLocator.java:154)
	at nc.tc.uap.workflow.admin.IWFEngineServiceTest.BeforeClass(IWFEngineServiceTest.java:81)
	at sun.reflect.NativeMethodAccessorImpl.invoke0(Native Method)
	at sun.reflect.NativeMethodAccessorImpl.invoke(NativeMethodAccessorImpl.java:39)
	at sun.reflect.DelegatingMethodAccessorImpl.invoke(DelegatingMethodAccessorImpl.java:25)
	at java.lang.reflect.Method.invoke(Method.java:597)
	at org.testng.internal.MethodInvocationHelper.invokeMethod(MethodInvocationHelper.java:84)
	at org.testng.internal.Invoker.invokeConfigurationMethod(Invoker.java:564)
	at org.testng.internal.Invoker.invokeConfigurations(Invoker.java:213)
	at org.testng.internal.Invoker.invokeConfigurations(Invoker.java:138)
	at org.testng.internal.TestMethodWorker.invokeBeforeClassMethods(TestMethodWorker.java:175)
	at org.testng.internal.TestMethodWorker.run(TestMethodWorker.java:107)
	at org.testng.TestRunner.privateRun(TestRunner.java:767)
	at org.testng.TestRunner.run(TestRunner.java:617)
	at org.testng.SuiteRunner.runTest(SuiteRunner.java:334)
	at org.testng.SuiteRunner.runSequentially(SuiteRunner.java:329)
	at org.testng.SuiteRunner.privateRun(SuiteRunner.java:291)
	at org.testng.SuiteRunner.run(SuiteRunner.java:240)
	at org.testng.SuiteRunnerWorker.runSuite(SuiteRunnerWorker.java:52)
	at org.testng.SuiteRunnerWorker.run(SuiteRunnerWorker.java:86)
	at org.testng.TestNG.runSuitesSequentially(TestNG.java:1224)
	at org.testng.TestNG.runSuitesLocally(TestNG.java:1149)
	at org.testng.TestNG.run(TestNG.java:1057)
	at org.testng.remote.RemoteTestNG.run(RemoteTestNG.java:127)
	at org.testng.remote.RemoteTestNG.initAndRun(RemoteTestNG.java:247)
	at org.testng.remote.RemoteTestNG.runTestNG(RemoteTestNG.java:216)
	at org.testng.yonyou.TestNGClientSocketHandler.run(TestNGClientSocketHandler.java:35)
]]>
    </failure>
  </testcase> <!-- forwardWorkflow -->
  <testcase name="afterAddSign" time="0.016" classname="nc.tc.uap.workflow.admin.IWFEngineServiceTest">
    <failure type="nc.bs.framework.exception.ComponentNotFoundException" message="Component: uap.workflow.admin.IWFEngineService,Detail Message: The tx component: uap.workflow.admin.IWFEngineService is not found in jndi  please deploy it!} jndiName: uap.workflow.admin.IWFEngineService meta: null">
      <![CDATA[nc.bs.framework.exception.ComponentNotFoundException: Component: uap.workflow.admin.IWFEngineService,Detail Message: The tx component: uap.workflow.admin.IWFEngineService is not found in jndi  please deploy it!} jndiName: uap.workflow.admin.IWFEngineService meta: null
	at nc.bs.framework.server.AbstractContext.lookup(AbstractContext.java:161)
	at nc.bs.framework.server.BusinessAppServer$3.lookup(BusinessAppServer.java:1089)
	at nc.bs.framework.server.ServerNCLocator.lookup(ServerNCLocator.java:21)
	at nc.bs.framework.common.NCLocator.lookup(NCLocator.java:154)
	at nc.tc.uap.workflow.admin.IWFEngineServiceTest.BeforeClass(IWFEngineServiceTest.java:81)
	at sun.reflect.NativeMethodAccessorImpl.invoke0(Native Method)
	at sun.reflect.NativeMethodAccessorImpl.invoke(NativeMethodAccessorImpl.java:39)
	at sun.reflect.DelegatingMethodAccessorImpl.invoke(DelegatingMethodAccessorImpl.java:25)
	at java.lang.reflect.Method.invoke(Method.java:597)
	at org.testng.internal.MethodInvocationHelper.invokeMethod(MethodInvocationHelper.java:84)
	at org.testng.internal.Invoker.invokeConfigurationMethod(Invoker.java:564)
	at org.testng.internal.Invoker.invokeConfigurations(Invoker.java:213)
	at org.testng.internal.Invoker.invokeConfigurations(Invoker.java:138)
	at org.testng.internal.TestMethodWorker.invokeBeforeClassMethods(TestMethodWorker.java:175)
	at org.testng.internal.TestMethodWorker.run(TestMethodWorker.java:107)
	at org.testng.TestRunner.privateRun(TestRunner.java:767)
	at org.testng.TestRunner.run(TestRunner.java:617)
	at org.testng.SuiteRunner.runTest(SuiteRunner.java:334)
	at org.testng.SuiteRunner.runSequentially(SuiteRunner.java:329)
	at org.testng.SuiteRunner.privateRun(SuiteRunner.java:291)
	at org.testng.SuiteRunner.run(SuiteRunner.java:240)
	at org.testng.SuiteRunnerWorker.runSuite(SuiteRunnerWorker.java:52)
	at org.testng.SuiteRunnerWorker.run(SuiteRunnerWorker.java:86)
	at org.testng.TestNG.runSuitesSequentially(TestNG.java:1224)
	at org.testng.TestNG.runSuitesLocally(TestNG.java:1149)
	at org.testng.TestNG.run(TestNG.java:1057)
	at org.testng.remote.RemoteTestNG.run(RemoteTestNG.java:127)
	at org.testng.remote.RemoteTestNG.initAndRun(RemoteTestNG.java:247)
	at org.testng.remote.RemoteTestNG.runTestNG(RemoteTestNG.java:216)
	at org.testng.yonyou.TestNGClientSocketHandler.run(TestNGClientSocketHandler.java:35)
]]>
    </failure>
  </testcase> <!-- afterAddSign -->
  <testcase name="beforeAddSign" time="0.000" classname="nc.tc.uap.workflow.admin.IWFEngineServiceTest">
    <failure type="nc.bs.framework.exception.ComponentNotFoundException" message="Component: uap.workflow.admin.IWFEngineService,Detail Message: The tx component: uap.workflow.admin.IWFEngineService is not found in jndi  please deploy it!} jndiName: uap.workflow.admin.IWFEngineService meta: null">
      <![CDATA[nc.bs.framework.exception.ComponentNotFoundException: Component: uap.workflow.admin.IWFEngineService,Detail Message: The tx component: uap.workflow.admin.IWFEngineService is not found in jndi  please deploy it!} jndiName: uap.workflow.admin.IWFEngineService meta: null
	at nc.bs.framework.server.AbstractContext.lookup(AbstractContext.java:161)
	at nc.bs.framework.server.BusinessAppServer$3.lookup(BusinessAppServer.java:1089)
	at nc.bs.framework.server.ServerNCLocator.lookup(ServerNCLocator.java:21)
	at nc.bs.framework.common.NCLocator.lookup(NCLocator.java:154)
	at nc.tc.uap.workflow.admin.IWFEngineServiceTest.BeforeClass(IWFEngineServiceTest.java:81)
	at sun.reflect.NativeMethodAccessorImpl.invoke0(Native Method)
	at sun.reflect.NativeMethodAccessorImpl.invoke(NativeMethodAccessorImpl.java:39)
	at sun.reflect.DelegatingMethodAccessorImpl.invoke(DelegatingMethodAccessorImpl.java:25)
	at java.lang.reflect.Method.invoke(Method.java:597)
	at org.testng.internal.MethodInvocationHelper.invokeMethod(MethodInvocationHelper.java:84)
	at org.testng.internal.Invoker.invokeConfigurationMethod(Invoker.java:564)
	at org.testng.internal.Invoker.invokeConfigurations(Invoker.java:213)
	at org.testng.internal.Invoker.invokeConfigurations(Invoker.java:138)
	at org.testng.internal.TestMethodWorker.invokeBeforeClassMethods(TestMethodWorker.java:175)
	at org.testng.internal.TestMethodWorker.run(TestMethodWorker.java:107)
	at org.testng.TestRunner.privateRun(TestRunner.java:767)
	at org.testng.TestRunner.run(TestRunner.java:617)
	at org.testng.SuiteRunner.runTest(SuiteRunner.java:334)
	at org.testng.SuiteRunner.runSequentially(SuiteRunner.java:329)
	at org.testng.SuiteRunner.privateRun(SuiteRunner.java:291)
	at org.testng.SuiteRunner.run(SuiteRunner.java:240)
	at org.testng.SuiteRunnerWorker.runSuite(SuiteRunnerWorker.java:52)
	at org.testng.SuiteRunnerWorker.run(SuiteRunnerWorker.java:86)
	at org.testng.TestNG.runSuitesSequentially(TestNG.java:1224)
	at org.testng.TestNG.runSuitesLocally(TestNG.java:1149)
	at org.testng.TestNG.run(TestNG.java:1057)
	at org.testng.remote.RemoteTestNG.run(RemoteTestNG.java:127)
	at org.testng.remote.RemoteTestNG.initAndRun(RemoteTestNG.java:247)
	at org.testng.remote.RemoteTestNG.runTestNG(RemoteTestNG.java:216)
	at org.testng.yonyou.TestNGClientSocketHandler.run(TestNGClientSocketHandler.java:35)
]]>
    </failure>
  </testcase> <!-- beforeAddSign -->
  <testcase name="forwardWorkflow" time="0.000" classname="nc.tc.uap.workflow.admin.IWFEngineServiceTest">
    <failure type="nc.bs.framework.exception.ComponentNotFoundException" message="Component: uap.workflow.admin.IWFEngineService,Detail Message: The tx component: uap.workflow.admin.IWFEngineService is not found in jndi  please deploy it!} jndiName: uap.workflow.admin.IWFEngineService meta: null">
      <![CDATA[nc.bs.framework.exception.ComponentNotFoundException: Component: uap.workflow.admin.IWFEngineService,Detail Message: The tx component: uap.workflow.admin.IWFEngineService is not found in jndi  please deploy it!} jndiName: uap.workflow.admin.IWFEngineService meta: null
	at nc.bs.framework.server.AbstractContext.lookup(AbstractContext.java:161)
	at nc.bs.framework.server.BusinessAppServer$3.lookup(BusinessAppServer.java:1089)
	at nc.bs.framework.server.ServerNCLocator.lookup(ServerNCLocator.java:21)
	at nc.bs.framework.common.NCLocator.lookup(NCLocator.java:154)
	at nc.tc.uap.workflow.admin.IWFEngineServiceTest.BeforeClass(IWFEngineServiceTest.java:81)
	at sun.reflect.NativeMethodAccessorImpl.invoke0(Native Method)
	at sun.reflect.NativeMethodAccessorImpl.invoke(NativeMethodAccessorImpl.java:39)
	at sun.reflect.DelegatingMethodAccessorImpl.invoke(DelegatingMethodAccessorImpl.java:25)
	at java.lang.reflect.Method.invoke(Method.java:597)
	at org.testng.internal.MethodInvocationHelper.invokeMethod(MethodInvocationHelper.java:84)
	at org.testng.internal.Invoker.invokeConfigurationMethod(Invoker.java:564)
	at org.testng.internal.Invoker.invokeConfigurations(Invoker.java:213)
	at org.testng.internal.Invoker.invokeConfigurations(Invoker.java:138)
	at org.testng.internal.TestMethodWorker.invokeBeforeClassMethods(TestMethodWorker.java:175)
	at org.testng.internal.TestMethodWorker.run(TestMethodWorker.java:107)
	at org.testng.TestRunner.privateRun(TestRunner.java:767)
	at org.testng.TestRunner.run(TestRunner.java:617)
	at org.testng.SuiteRunner.runTest(SuiteRunner.java:334)
	at org.testng.SuiteRunner.runSequentially(SuiteRunner.java:329)
	at org.testng.SuiteRunner.privateRun(SuiteRunner.java:291)
	at org.testng.SuiteRunner.run(SuiteRunner.java:240)
	at org.testng.SuiteRunnerWorker.runSuite(SuiteRunnerWorker.java:52)
	at org.testng.SuiteRunnerWorker.run(SuiteRunnerWorker.java:86)
	at org.testng.TestNG.runSuitesSequentially(TestNG.java:1224)
	at org.testng.TestNG.runSuitesLocally(TestNG.java:1149)
	at org.testng.TestNG.run(TestNG.java:1057)
	at org.testng.remote.RemoteTestNG.run(RemoteTestNG.java:127)
	at org.testng.remote.RemoteTestNG.initAndRun(RemoteTestNG.java:247)
	at org.testng.remote.RemoteTestNG.runTestNG(RemoteTestNG.java:216)
	at org.testng.yonyou.TestNGClientSocketHandler.run(TestNGClientSocketHandler.java:35)
]]>
    </failure>
  </testcase> <!-- forwardWorkflow -->
  <testcase name="getTasks" time="0.000" classname="nc.tc.uap.workflow.admin.IWFEngineServiceTest">
    <failure type="nc.bs.framework.exception.ComponentNotFoundException" message="Component: uap.workflow.admin.IWFEngineService,Detail Message: The tx component: uap.workflow.admin.IWFEngineService is not found in jndi  please deploy it!} jndiName: uap.workflow.admin.IWFEngineService meta: null">
      <![CDATA[nc.bs.framework.exception.ComponentNotFoundException: Component: uap.workflow.admin.IWFEngineService,Detail Message: The tx component: uap.workflow.admin.IWFEngineService is not found in jndi  please deploy it!} jndiName: uap.workflow.admin.IWFEngineService meta: null
	at nc.bs.framework.server.AbstractContext.lookup(AbstractContext.java:161)
	at nc.bs.framework.server.BusinessAppServer$3.lookup(BusinessAppServer.java:1089)
	at nc.bs.framework.server.ServerNCLocator.lookup(ServerNCLocator.java:21)
	at nc.bs.framework.common.NCLocator.lookup(NCLocator.java:154)
	at nc.tc.uap.workflow.admin.IWFEngineServiceTest.BeforeClass(IWFEngineServiceTest.java:81)
	at sun.reflect.NativeMethodAccessorImpl.invoke0(Native Method)
	at sun.reflect.NativeMethodAccessorImpl.invoke(NativeMethodAccessorImpl.java:39)
	at sun.reflect.DelegatingMethodAccessorImpl.invoke(DelegatingMethodAccessorImpl.java:25)
	at java.lang.reflect.Method.invoke(Method.java:597)
	at org.testng.internal.MethodInvocationHelper.invokeMethod(MethodInvocationHelper.java:84)
	at org.testng.internal.Invoker.invokeConfigurationMethod(Invoker.java:564)
	at org.testng.internal.Invoker.invokeConfigurations(Invoker.java:213)
	at org.testng.internal.Invoker.invokeConfigurations(Invoker.java:138)
	at org.testng.internal.TestMethodWorker.invokeBeforeClassMethods(TestMethodWorker.java:175)
	at org.testng.internal.TestMethodWorker.run(TestMethodWorker.java:107)
	at org.testng.TestRunner.privateRun(TestRunner.java:767)
	at org.testng.TestRunner.run(TestRunner.java:617)
	at org.testng.SuiteRunner.runTest(SuiteRunner.java:334)
	at org.testng.SuiteRunner.runSequentially(SuiteRunner.java:329)
	at org.testng.SuiteRunner.privateRun(SuiteRunner.java:291)
	at org.testng.SuiteRunner.run(SuiteRunner.java:240)
	at org.testng.SuiteRunnerWorker.runSuite(SuiteRunnerWorker.java:52)
	at org.testng.SuiteRunnerWorker.run(SuiteRunnerWorker.java:86)
	at org.testng.TestNG.runSuitesSequentially(TestNG.java:1224)
	at org.testng.TestNG.runSuitesLocally(TestNG.java:1149)
	at org.testng.TestNG.run(TestNG.java:1057)
	at org.testng.remote.RemoteTestNG.run(RemoteTestNG.java:127)
	at org.testng.remote.RemoteTestNG.initAndRun(RemoteTestNG.java:247)
	at org.testng.remote.RemoteTestNG.runTestNG(RemoteTestNG.java:216)
	at org.testng.yonyou.TestNGClientSocketHandler.run(TestNGClientSocketHandler.java:35)
]]>
    </failure>
  </testcase> <!-- getTasks -->
  <testcase name="forwardWorkflow" time="0.000" classname="nc.tc.uap.workflow.admin.IWFEngineServiceTest">
    <failure type="nc.bs.framework.exception.ComponentNotFoundException" message="Component: uap.workflow.admin.IWFEngineService,Detail Message: The tx component: uap.workflow.admin.IWFEngineService is not found in jndi  please deploy it!} jndiName: uap.workflow.admin.IWFEngineService meta: null">
      <![CDATA[nc.bs.framework.exception.ComponentNotFoundException: Component: uap.workflow.admin.IWFEngineService,Detail Message: The tx component: uap.workflow.admin.IWFEngineService is not found in jndi  please deploy it!} jndiName: uap.workflow.admin.IWFEngineService meta: null
	at nc.bs.framework.server.AbstractContext.lookup(AbstractContext.java:161)
	at nc.bs.framework.server.BusinessAppServer$3.lookup(BusinessAppServer.java:1089)
	at nc.bs.framework.server.ServerNCLocator.lookup(ServerNCLocator.java:21)
	at nc.bs.framework.common.NCLocator.lookup(NCLocator.java:154)
	at nc.tc.uap.workflow.admin.IWFEngineServiceTest.BeforeClass(IWFEngineServiceTest.java:81)
	at sun.reflect.NativeMethodAccessorImpl.invoke0(Native Method)
	at sun.reflect.NativeMethodAccessorImpl.invoke(NativeMethodAccessorImpl.java:39)
	at sun.reflect.DelegatingMethodAccessorImpl.invoke(DelegatingMethodAccessorImpl.java:25)
	at java.lang.reflect.Method.invoke(Method.java:597)
	at org.testng.internal.MethodInvocationHelper.invokeMethod(MethodInvocationHelper.java:84)
	at org.testng.internal.Invoker.invokeConfigurationMethod(Invoker.java:564)
	at org.testng.internal.Invoker.invokeConfigurations(Invoker.java:213)
	at org.testng.internal.Invoker.invokeConfigurations(Invoker.java:138)
	at org.testng.internal.TestMethodWorker.invokeBeforeClassMethods(TestMethodWorker.java:175)
	at org.testng.internal.TestMethodWorker.run(TestMethodWorker.java:107)
	at org.testng.TestRunner.privateRun(TestRunner.java:767)
	at org.testng.TestRunner.run(TestRunner.java:617)
	at org.testng.SuiteRunner.runTest(SuiteRunner.java:334)
	at org.testng.SuiteRunner.runSequentially(SuiteRunner.java:329)
	at org.testng.SuiteRunner.privateRun(SuiteRunner.java:291)
	at org.testng.SuiteRunner.run(SuiteRunner.java:240)
	at org.testng.SuiteRunnerWorker.runSuite(SuiteRunnerWorker.java:52)
	at org.testng.SuiteRunnerWorker.run(SuiteRunnerWorker.java:86)
	at org.testng.TestNG.runSuitesSequentially(TestNG.java:1224)
	at org.testng.TestNG.runSuitesLocally(TestNG.java:1149)
	at org.testng.TestNG.run(TestNG.java:1057)
	at org.testng.remote.RemoteTestNG.run(RemoteTestNG.java:127)
	at org.testng.remote.RemoteTestNG.initAndRun(RemoteTestNG.java:247)
	at org.testng.remote.RemoteTestNG.runTestNG(RemoteTestNG.java:216)
	at org.testng.yonyou.TestNGClientSocketHandler.run(TestNGClientSocketHandler.java:35)
]]>
    </failure>
  </testcase> <!-- forwardWorkflow -->
  <testcase name="signalWorkflow" time="0.000" classname="nc.tc.uap.workflow.admin.IWFEngineServiceTest">
    <failure type="nc.bs.framework.exception.ComponentNotFoundException" message="Component: uap.workflow.admin.IWFEngineService,Detail Message: The tx component: uap.workflow.admin.IWFEngineService is not found in jndi  please deploy it!} jndiName: uap.workflow.admin.IWFEngineService meta: null">
      <![CDATA[nc.bs.framework.exception.ComponentNotFoundException: Component: uap.workflow.admin.IWFEngineService,Detail Message: The tx component: uap.workflow.admin.IWFEngineService is not found in jndi  please deploy it!} jndiName: uap.workflow.admin.IWFEngineService meta: null
	at nc.bs.framework.server.AbstractContext.lookup(AbstractContext.java:161)
	at nc.bs.framework.server.BusinessAppServer$3.lookup(BusinessAppServer.java:1089)
	at nc.bs.framework.server.ServerNCLocator.lookup(ServerNCLocator.java:21)
	at nc.bs.framework.common.NCLocator.lookup(NCLocator.java:154)
	at nc.tc.uap.workflow.admin.IWFEngineServiceTest.BeforeClass(IWFEngineServiceTest.java:81)
	at sun.reflect.NativeMethodAccessorImpl.invoke0(Native Method)
	at sun.reflect.NativeMethodAccessorImpl.invoke(NativeMethodAccessorImpl.java:39)
	at sun.reflect.DelegatingMethodAccessorImpl.invoke(DelegatingMethodAccessorImpl.java:25)
	at java.lang.reflect.Method.invoke(Method.java:597)
	at org.testng.internal.MethodInvocationHelper.invokeMethod(MethodInvocationHelper.java:84)
	at org.testng.internal.Invoker.invokeConfigurationMethod(Invoker.java:564)
	at org.testng.internal.Invoker.invokeConfigurations(Invoker.java:213)
	at org.testng.internal.Invoker.invokeConfigurations(Invoker.java:138)
	at org.testng.internal.TestMethodWorker.invokeBeforeClassMethods(TestMethodWorker.java:175)
	at org.testng.internal.TestMethodWorker.run(TestMethodWorker.java:107)
	at org.testng.TestRunner.privateRun(TestRunner.java:767)
	at org.testng.TestRunner.run(TestRunner.java:617)
	at org.testng.SuiteRunner.runTest(SuiteRunner.java:334)
	at org.testng.SuiteRunner.runSequentially(SuiteRunner.java:329)
	at org.testng.SuiteRunner.privateRun(SuiteRunner.java:291)
	at org.testng.SuiteRunner.run(SuiteRunner.java:240)
	at org.testng.SuiteRunnerWorker.runSuite(SuiteRunnerWorker.java:52)
	at org.testng.SuiteRunnerWorker.run(SuiteRunnerWorker.java:86)
	at org.testng.TestNG.runSuitesSequentially(TestNG.java:1224)
	at org.testng.TestNG.runSuitesLocally(TestNG.java:1149)
	at org.testng.TestNG.run(TestNG.java:1057)
	at org.testng.remote.RemoteTestNG.run(RemoteTestNG.java:127)
	at org.testng.remote.RemoteTestNG.initAndRun(RemoteTestNG.java:247)
	at org.testng.remote.RemoteTestNG.runTestNG(RemoteTestNG.java:216)
	at org.testng.yonyou.TestNGClientSocketHandler.run(TestNGClientSocketHandler.java:35)
]]>
    </failure>
  </testcase> <!-- signalWorkflow -->
  <testcase name="forwardWorkflow" time="0.000" classname="nc.tc.uap.workflow.admin.IWFEngineServiceTest">
    <failure type="nc.bs.framework.exception.ComponentNotFoundException" message="Component: uap.workflow.admin.IWFEngineService,Detail Message: The tx component: uap.workflow.admin.IWFEngineService is not found in jndi  please deploy it!} jndiName: uap.workflow.admin.IWFEngineService meta: null">
      <![CDATA[nc.bs.framework.exception.ComponentNotFoundException: Component: uap.workflow.admin.IWFEngineService,Detail Message: The tx component: uap.workflow.admin.IWFEngineService is not found in jndi  please deploy it!} jndiName: uap.workflow.admin.IWFEngineService meta: null
	at nc.bs.framework.server.AbstractContext.lookup(AbstractContext.java:161)
	at nc.bs.framework.server.BusinessAppServer$3.lookup(BusinessAppServer.java:1089)
	at nc.bs.framework.server.ServerNCLocator.lookup(ServerNCLocator.java:21)
	at nc.bs.framework.common.NCLocator.lookup(NCLocator.java:154)
	at nc.tc.uap.workflow.admin.IWFEngineServiceTest.BeforeClass(IWFEngineServiceTest.java:81)
	at sun.reflect.NativeMethodAccessorImpl.invoke0(Native Method)
	at sun.reflect.NativeMethodAccessorImpl.invoke(NativeMethodAccessorImpl.java:39)
	at sun.reflect.DelegatingMethodAccessorImpl.invoke(DelegatingMethodAccessorImpl.java:25)
	at java.lang.reflect.Method.invoke(Method.java:597)
	at org.testng.internal.MethodInvocationHelper.invokeMethod(MethodInvocationHelper.java:84)
	at org.testng.internal.Invoker.invokeConfigurationMethod(Invoker.java:564)
	at org.testng.internal.Invoker.invokeConfigurations(Invoker.java:213)
	at org.testng.internal.Invoker.invokeConfigurations(Invoker.java:138)
	at org.testng.internal.TestMethodWorker.invokeBeforeClassMethods(TestMethodWorker.java:175)
	at org.testng.internal.TestMethodWorker.run(TestMethodWorker.java:107)
	at org.testng.TestRunner.privateRun(TestRunner.java:767)
	at org.testng.TestRunner.run(TestRunner.java:617)
	at org.testng.SuiteRunner.runTest(SuiteRunner.java:334)
	at org.testng.SuiteRunner.runSequentially(SuiteRunner.java:329)
	at org.testng.SuiteRunner.privateRun(SuiteRunner.java:291)
	at org.testng.SuiteRunner.run(SuiteRunner.java:240)
	at org.testng.SuiteRunnerWorker.runSuite(SuiteRunnerWorker.java:52)
	at org.testng.SuiteRunnerWorker.run(SuiteRunnerWorker.java:86)
	at org.testng.TestNG.runSuitesSequentially(TestNG.java:1224)
	at org.testng.TestNG.runSuitesLocally(TestNG.java:1149)
	at org.testng.TestNG.run(TestNG.java:1057)
	at org.testng.remote.RemoteTestNG.run(RemoteTestNG.java:127)
	at org.testng.remote.RemoteTestNG.initAndRun(RemoteTestNG.java:247)
	at org.testng.remote.RemoteTestNG.runTestNG(RemoteTestNG.java:216)
	at org.testng.yonyou.TestNGClientSocketHandler.run(TestNGClientSocketHandler.java:35)
]]>
    </failure>
  </testcase> <!-- forwardWorkflow -->
  <testcase name="forwardWorkflow" time="0.000" classname="nc.tc.uap.workflow.admin.IWFEngineServiceTest">
    <failure type="nc.bs.framework.exception.ComponentNotFoundException" message="Component: uap.workflow.admin.IWFEngineService,Detail Message: The tx component: uap.workflow.admin.IWFEngineService is not found in jndi  please deploy it!} jndiName: uap.workflow.admin.IWFEngineService meta: null">
      <![CDATA[nc.bs.framework.exception.ComponentNotFoundException: Component: uap.workflow.admin.IWFEngineService,Detail Message: The tx component: uap.workflow.admin.IWFEngineService is not found in jndi  please deploy it!} jndiName: uap.workflow.admin.IWFEngineService meta: null
	at nc.bs.framework.server.AbstractContext.lookup(AbstractContext.java:161)
	at nc.bs.framework.server.BusinessAppServer$3.lookup(BusinessAppServer.java:1089)
	at nc.bs.framework.server.ServerNCLocator.lookup(ServerNCLocator.java:21)
	at nc.bs.framework.common.NCLocator.lookup(NCLocator.java:154)
	at nc.tc.uap.workflow.admin.IWFEngineServiceTest.BeforeClass(IWFEngineServiceTest.java:81)
	at sun.reflect.NativeMethodAccessorImpl.invoke0(Native Method)
	at sun.reflect.NativeMethodAccessorImpl.invoke(NativeMethodAccessorImpl.java:39)
	at sun.reflect.DelegatingMethodAccessorImpl.invoke(DelegatingMethodAccessorImpl.java:25)
	at java.lang.reflect.Method.invoke(Method.java:597)
	at org.testng.internal.MethodInvocationHelper.invokeMethod(MethodInvocationHelper.java:84)
	at org.testng.internal.Invoker.invokeConfigurationMethod(Invoker.java:564)
	at org.testng.internal.Invoker.invokeConfigurations(Invoker.java:213)
	at org.testng.internal.Invoker.invokeConfigurations(Invoker.java:138)
	at org.testng.internal.TestMethodWorker.invokeBeforeClassMethods(TestMethodWorker.java:175)
	at org.testng.internal.TestMethodWorker.run(TestMethodWorker.java:107)
	at org.testng.TestRunner.privateRun(TestRunner.java:767)
	at org.testng.TestRunner.run(TestRunner.java:617)
	at org.testng.SuiteRunner.runTest(SuiteRunner.java:334)
	at org.testng.SuiteRunner.runSequentially(SuiteRunner.java:329)
	at org.testng.SuiteRunner.privateRun(SuiteRunner.java:291)
	at org.testng.SuiteRunner.run(SuiteRunner.java:240)
	at org.testng.SuiteRunnerWorker.runSuite(SuiteRunnerWorker.java:52)
	at org.testng.SuiteRunnerWorker.run(SuiteRunnerWorker.java:86)
	at org.testng.TestNG.runSuitesSequentially(TestNG.java:1224)
	at org.testng.TestNG.runSuitesLocally(TestNG.java:1149)
	at org.testng.TestNG.run(TestNG.java:1057)
	at org.testng.remote.RemoteTestNG.run(RemoteTestNG.java:127)
	at org.testng.remote.RemoteTestNG.initAndRun(RemoteTestNG.java:247)
	at org.testng.remote.RemoteTestNG.runTestNG(RemoteTestNG.java:216)
	at org.testng.yonyou.TestNGClientSocketHandler.run(TestNGClientSocketHandler.java:35)
]]>
    </failure>
  </testcase> <!-- forwardWorkflow -->
  <testcase name="forwardWorkflow" time="0.000" classname="nc.tc.uap.workflow.admin.IWFEngineServiceTest">
    <failure type="nc.bs.framework.exception.ComponentNotFoundException" message="Component: uap.workflow.admin.IWFEngineService,Detail Message: The tx component: uap.workflow.admin.IWFEngineService is not found in jndi  please deploy it!} jndiName: uap.workflow.admin.IWFEngineService meta: null">
      <![CDATA[nc.bs.framework.exception.ComponentNotFoundException: Component: uap.workflow.admin.IWFEngineService,Detail Message: The tx component: uap.workflow.admin.IWFEngineService is not found in jndi  please deploy it!} jndiName: uap.workflow.admin.IWFEngineService meta: null
	at nc.bs.framework.server.AbstractContext.lookup(AbstractContext.java:161)
	at nc.bs.framework.server.BusinessAppServer$3.lookup(BusinessAppServer.java:1089)
	at nc.bs.framework.server.ServerNCLocator.lookup(ServerNCLocator.java:21)
	at nc.bs.framework.common.NCLocator.lookup(NCLocator.java:154)
	at nc.tc.uap.workflow.admin.IWFEngineServiceTest.BeforeClass(IWFEngineServiceTest.java:81)
	at sun.reflect.NativeMethodAccessorImpl.invoke0(Native Method)
	at sun.reflect.NativeMethodAccessorImpl.invoke(NativeMethodAccessorImpl.java:39)
	at sun.reflect.DelegatingMethodAccessorImpl.invoke(DelegatingMethodAccessorImpl.java:25)
	at java.lang.reflect.Method.invoke(Method.java:597)
	at org.testng.internal.MethodInvocationHelper.invokeMethod(MethodInvocationHelper.java:84)
	at org.testng.internal.Invoker.invokeConfigurationMethod(Invoker.java:564)
	at org.testng.internal.Invoker.invokeConfigurations(Invoker.java:213)
	at org.testng.internal.Invoker.invokeConfigurations(Invoker.java:138)
	at org.testng.internal.TestMethodWorker.invokeBeforeClassMethods(TestMethodWorker.java:175)
	at org.testng.internal.TestMethodWorker.run(TestMethodWorker.java:107)
	at org.testng.TestRunner.privateRun(TestRunner.java:767)
	at org.testng.TestRunner.run(TestRunner.java:617)
	at org.testng.SuiteRunner.runTest(SuiteRunner.java:334)
	at org.testng.SuiteRunner.runSequentially(SuiteRunner.java:329)
	at org.testng.SuiteRunner.privateRun(SuiteRunner.java:291)
	at org.testng.SuiteRunner.run(SuiteRunner.java:240)
	at org.testng.SuiteRunnerWorker.runSuite(SuiteRunnerWorker.java:52)
	at org.testng.SuiteRunnerWorker.run(SuiteRunnerWorker.java:86)
	at org.testng.TestNG.runSuitesSequentially(TestNG.java:1224)
	at org.testng.TestNG.runSuitesLocally(TestNG.java:1149)
	at org.testng.TestNG.run(TestNG.java:1057)
	at org.testng.remote.RemoteTestNG.run(RemoteTestNG.java:127)
	at org.testng.remote.RemoteTestNG.initAndRun(RemoteTestNG.java:247)
	at org.testng.remote.RemoteTestNG.runTestNG(RemoteTestNG.java:216)
	at org.testng.yonyou.TestNGClientSocketHandler.run(TestNGClientSocketHandler.java:35)
]]>
    </failure>
  </testcase> <!-- forwardWorkflow -->
  <testcase name="forwardWorkflow" time="0.000" classname="nc.tc.uap.workflow.admin.IWFEngineServiceTest">
    <failure type="nc.bs.framework.exception.ComponentNotFoundException" message="Component: uap.workflow.admin.IWFEngineService,Detail Message: The tx component: uap.workflow.admin.IWFEngineService is not found in jndi  please deploy it!} jndiName: uap.workflow.admin.IWFEngineService meta: null">
      <![CDATA[nc.bs.framework.exception.ComponentNotFoundException: Component: uap.workflow.admin.IWFEngineService,Detail Message: The tx component: uap.workflow.admin.IWFEngineService is not found in jndi  please deploy it!} jndiName: uap.workflow.admin.IWFEngineService meta: null
	at nc.bs.framework.server.AbstractContext.lookup(AbstractContext.java:161)
	at nc.bs.framework.server.BusinessAppServer$3.lookup(BusinessAppServer.java:1089)
	at nc.bs.framework.server.ServerNCLocator.lookup(ServerNCLocator.java:21)
	at nc.bs.framework.common.NCLocator.lookup(NCLocator.java:154)
	at nc.tc.uap.workflow.admin.IWFEngineServiceTest.BeforeClass(IWFEngineServiceTest.java:81)
	at sun.reflect.NativeMethodAccessorImpl.invoke0(Native Method)
	at sun.reflect.NativeMethodAccessorImpl.invoke(NativeMethodAccessorImpl.java:39)
	at sun.reflect.DelegatingMethodAccessorImpl.invoke(DelegatingMethodAccessorImpl.java:25)
	at java.lang.reflect.Method.invoke(Method.java:597)
	at org.testng.internal.MethodInvocationHelper.invokeMethod(MethodInvocationHelper.java:84)
	at org.testng.internal.Invoker.invokeConfigurationMethod(Invoker.java:564)
	at org.testng.internal.Invoker.invokeConfigurations(Invoker.java:213)
	at org.testng.internal.Invoker.invokeConfigurations(Invoker.java:138)
	at org.testng.internal.TestMethodWorker.invokeBeforeClassMethods(TestMethodWorker.java:175)
	at org.testng.internal.TestMethodWorker.run(TestMethodWorker.java:107)
	at org.testng.TestRunner.privateRun(TestRunner.java:767)
	at org.testng.TestRunner.run(TestRunner.java:617)
	at org.testng.SuiteRunner.runTest(SuiteRunner.java:334)
	at org.testng.SuiteRunner.runSequentially(SuiteRunner.java:329)
	at org.testng.SuiteRunner.privateRun(SuiteRunner.java:291)
	at org.testng.SuiteRunner.run(SuiteRunner.java:240)
	at org.testng.SuiteRunnerWorker.runSuite(SuiteRunnerWorker.java:52)
	at org.testng.SuiteRunnerWorker.run(SuiteRunnerWorker.java:86)
	at org.testng.TestNG.runSuitesSequentially(TestNG.java:1224)
	at org.testng.TestNG.runSuitesLocally(TestNG.java:1149)
	at org.testng.TestNG.run(TestNG.java:1057)
	at org.testng.remote.RemoteTestNG.run(RemoteTestNG.java:127)
	at org.testng.remote.RemoteTestNG.initAndRun(RemoteTestNG.java:247)
	at org.testng.remote.RemoteTestNG.runTestNG(RemoteTestNG.java:216)
	at org.testng.yonyou.TestNGClientSocketHandler.run(TestNGClientSocketHandler.java:35)
]]>
    </failure>
  </testcase> <!-- forwardWorkflow -->
  <testcase name="forwardWorkflow" time="0.000" classname="nc.tc.uap.workflow.admin.IWFEngineServiceTest">
    <failure type="nc.bs.framework.exception.ComponentNotFoundException" message="Component: uap.workflow.admin.IWFEngineService,Detail Message: The tx component: uap.workflow.admin.IWFEngineService is not found in jndi  please deploy it!} jndiName: uap.workflow.admin.IWFEngineService meta: null">
      <![CDATA[nc.bs.framework.exception.ComponentNotFoundException: Component: uap.workflow.admin.IWFEngineService,Detail Message: The tx component: uap.workflow.admin.IWFEngineService is not found in jndi  please deploy it!} jndiName: uap.workflow.admin.IWFEngineService meta: null
	at nc.bs.framework.server.AbstractContext.lookup(AbstractContext.java:161)
	at nc.bs.framework.server.BusinessAppServer$3.lookup(BusinessAppServer.java:1089)
	at nc.bs.framework.server.ServerNCLocator.lookup(ServerNCLocator.java:21)
	at nc.bs.framework.common.NCLocator.lookup(NCLocator.java:154)
	at nc.tc.uap.workflow.admin.IWFEngineServiceTest.BeforeClass(IWFEngineServiceTest.java:81)
	at sun.reflect.NativeMethodAccessorImpl.invoke0(Native Method)
	at sun.reflect.NativeMethodAccessorImpl.invoke(NativeMethodAccessorImpl.java:39)
	at sun.reflect.DelegatingMethodAccessorImpl.invoke(DelegatingMethodAccessorImpl.java:25)
	at java.lang.reflect.Method.invoke(Method.java:597)
	at org.testng.internal.MethodInvocationHelper.invokeMethod(MethodInvocationHelper.java:84)
	at org.testng.internal.Invoker.invokeConfigurationMethod(Invoker.java:564)
	at org.testng.internal.Invoker.invokeConfigurations(Invoker.java:213)
	at org.testng.internal.Invoker.invokeConfigurations(Invoker.java:138)
	at org.testng.internal.TestMethodWorker.invokeBeforeClassMethods(TestMethodWorker.java:175)
	at org.testng.internal.TestMethodWorker.run(TestMethodWorker.java:107)
	at org.testng.TestRunner.privateRun(TestRunner.java:767)
	at org.testng.TestRunner.run(TestRunner.java:617)
	at org.testng.SuiteRunner.runTest(SuiteRunner.java:334)
	at org.testng.SuiteRunner.runSequentially(SuiteRunner.java:329)
	at org.testng.SuiteRunner.privateRun(SuiteRunner.java:291)
	at org.testng.SuiteRunner.run(SuiteRunner.java:240)
	at org.testng.SuiteRunnerWorker.runSuite(SuiteRunnerWorker.java:52)
	at org.testng.SuiteRunnerWorker.run(SuiteRunnerWorker.java:86)
	at org.testng.TestNG.runSuitesSequentially(TestNG.java:1224)
	at org.testng.TestNG.runSuitesLocally(TestNG.java:1149)
	at org.testng.TestNG.run(TestNG.java:1057)
	at org.testng.remote.RemoteTestNG.run(RemoteTestNG.java:127)
	at org.testng.remote.RemoteTestNG.initAndRun(RemoteTestNG.java:247)
	at org.testng.remote.RemoteTestNG.runTestNG(RemoteTestNG.java:216)
	at org.testng.yonyou.TestNGClientSocketHandler.run(TestNGClientSocketHandler.java:35)
]]>
    </failure>
  </testcase> <!-- forwardWorkflow -->
  <testcase name="getTasks" time="0.000" classname="nc.tc.uap.workflow.admin.IWFEngineServiceTest">
    <failure type="nc.bs.framework.exception.ComponentNotFoundException" message="Component: uap.workflow.admin.IWFEngineService,Detail Message: The tx component: uap.workflow.admin.IWFEngineService is not found in jndi  please deploy it!} jndiName: uap.workflow.admin.IWFEngineService meta: null">
      <![CDATA[nc.bs.framework.exception.ComponentNotFoundException: Component: uap.workflow.admin.IWFEngineService,Detail Message: The tx component: uap.workflow.admin.IWFEngineService is not found in jndi  please deploy it!} jndiName: uap.workflow.admin.IWFEngineService meta: null
	at nc.bs.framework.server.AbstractContext.lookup(AbstractContext.java:161)
	at nc.bs.framework.server.BusinessAppServer$3.lookup(BusinessAppServer.java:1089)
	at nc.bs.framework.server.ServerNCLocator.lookup(ServerNCLocator.java:21)
	at nc.bs.framework.common.NCLocator.lookup(NCLocator.java:154)
	at nc.tc.uap.workflow.admin.IWFEngineServiceTest.BeforeClass(IWFEngineServiceTest.java:81)
	at sun.reflect.NativeMethodAccessorImpl.invoke0(Native Method)
	at sun.reflect.NativeMethodAccessorImpl.invoke(NativeMethodAccessorImpl.java:39)
	at sun.reflect.DelegatingMethodAccessorImpl.invoke(DelegatingMethodAccessorImpl.java:25)
	at java.lang.reflect.Method.invoke(Method.java:597)
	at org.testng.internal.MethodInvocationHelper.invokeMethod(MethodInvocationHelper.java:84)
	at org.testng.internal.Invoker.invokeConfigurationMethod(Invoker.java:564)
	at org.testng.internal.Invoker.invokeConfigurations(Invoker.java:213)
	at org.testng.internal.Invoker.invokeConfigurations(Invoker.java:138)
	at org.testng.internal.TestMethodWorker.invokeBeforeClassMethods(TestMethodWorker.java:175)
	at org.testng.internal.TestMethodWorker.run(TestMethodWorker.java:107)
	at org.testng.TestRunner.privateRun(TestRunner.java:767)
	at org.testng.TestRunner.run(TestRunner.java:617)
	at org.testng.SuiteRunner.runTest(SuiteRunner.java:334)
	at org.testng.SuiteRunner.runSequentially(SuiteRunner.java:329)
	at org.testng.SuiteRunner.privateRun(SuiteRunner.java:291)
	at org.testng.SuiteRunner.run(SuiteRunner.java:240)
	at org.testng.SuiteRunnerWorker.runSuite(SuiteRunnerWorker.java:52)
	at org.testng.SuiteRunnerWorker.run(SuiteRunnerWorker.java:86)
	at org.testng.TestNG.runSuitesSequentially(TestNG.java:1224)
	at org.testng.TestNG.runSuitesLocally(TestNG.java:1149)
	at org.testng.TestNG.run(TestNG.java:1057)
	at org.testng.remote.RemoteTestNG.run(RemoteTestNG.java:127)
	at org.testng.remote.RemoteTestNG.initAndRun(RemoteTestNG.java:247)
	at org.testng.remote.RemoteTestNG.runTestNG(RemoteTestNG.java:216)
	at org.testng.yonyou.TestNGClientSocketHandler.run(TestNGClientSocketHandler.java:35)
]]>
    </failure>
  </testcase> <!-- getTasks -->
  <testcase name="getTasks" time="0.000" classname="nc.tc.uap.workflow.admin.IWFEngineServiceTest">
    <failure type="nc.bs.framework.exception.ComponentNotFoundException" message="Component: uap.workflow.admin.IWFEngineService,Detail Message: The tx component: uap.workflow.admin.IWFEngineService is not found in jndi  please deploy it!} jndiName: uap.workflow.admin.IWFEngineService meta: null">
      <![CDATA[nc.bs.framework.exception.ComponentNotFoundException: Component: uap.workflow.admin.IWFEngineService,Detail Message: The tx component: uap.workflow.admin.IWFEngineService is not found in jndi  please deploy it!} jndiName: uap.workflow.admin.IWFEngineService meta: null
	at nc.bs.framework.server.AbstractContext.lookup(AbstractContext.java:161)
	at nc.bs.framework.server.BusinessAppServer$3.lookup(BusinessAppServer.java:1089)
	at nc.bs.framework.server.ServerNCLocator.lookup(ServerNCLocator.java:21)
	at nc.bs.framework.common.NCLocator.lookup(NCLocator.java:154)
	at nc.tc.uap.workflow.admin.IWFEngineServiceTest.BeforeClass(IWFEngineServiceTest.java:81)
	at sun.reflect.NativeMethodAccessorImpl.invoke0(Native Method)
	at sun.reflect.NativeMethodAccessorImpl.invoke(NativeMethodAccessorImpl.java:39)
	at sun.reflect.DelegatingMethodAccessorImpl.invoke(DelegatingMethodAccessorImpl.java:25)
	at java.lang.reflect.Method.invoke(Method.java:597)
	at org.testng.internal.MethodInvocationHelper.invokeMethod(MethodInvocationHelper.java:84)
	at org.testng.internal.Invoker.invokeConfigurationMethod(Invoker.java:564)
	at org.testng.internal.Invoker.invokeConfigurations(Invoker.java:213)
	at org.testng.internal.Invoker.invokeConfigurations(Invoker.java:138)
	at org.testng.internal.TestMethodWorker.invokeBeforeClassMethods(TestMethodWorker.java:175)
	at org.testng.internal.TestMethodWorker.run(TestMethodWorker.java:107)
	at org.testng.TestRunner.privateRun(TestRunner.java:767)
	at org.testng.TestRunner.run(TestRunner.java:617)
	at org.testng.SuiteRunner.runTest(SuiteRunner.java:334)
	at org.testng.SuiteRunner.runSequentially(SuiteRunner.java:329)
	at org.testng.SuiteRunner.privateRun(SuiteRunner.java:291)
	at org.testng.SuiteRunner.run(SuiteRunner.java:240)
	at org.testng.SuiteRunnerWorker.runSuite(SuiteRunnerWorker.java:52)
	at org.testng.SuiteRunnerWorker.run(SuiteRunnerWorker.java:86)
	at org.testng.TestNG.runSuitesSequentially(TestNG.java:1224)
	at org.testng.TestNG.runSuitesLocally(TestNG.java:1149)
	at org.testng.TestNG.run(TestNG.java:1057)
	at org.testng.remote.RemoteTestNG.run(RemoteTestNG.java:127)
	at org.testng.remote.RemoteTestNG.initAndRun(RemoteTestNG.java:247)
	at org.testng.remote.RemoteTestNG.runTestNG(RemoteTestNG.java:216)
	at org.testng.yonyou.TestNGClientSocketHandler.run(TestNGClientSocketHandler.java:35)
]]>
    </failure>
  </testcase> <!-- getTasks -->
  <testcase name="getTasks" time="0.000" classname="nc.tc.uap.workflow.admin.IWFEngineServiceTest">
    <failure type="nc.bs.framework.exception.ComponentNotFoundException" message="Component: uap.workflow.admin.IWFEngineService,Detail Message: The tx component: uap.workflow.admin.IWFEngineService is not found in jndi  please deploy it!} jndiName: uap.workflow.admin.IWFEngineService meta: null">
      <![CDATA[nc.bs.framework.exception.ComponentNotFoundException: Component: uap.workflow.admin.IWFEngineService,Detail Message: The tx component: uap.workflow.admin.IWFEngineService is not found in jndi  please deploy it!} jndiName: uap.workflow.admin.IWFEngineService meta: null
	at nc.bs.framework.server.AbstractContext.lookup(AbstractContext.java:161)
	at nc.bs.framework.server.BusinessAppServer$3.lookup(BusinessAppServer.java:1089)
	at nc.bs.framework.server.ServerNCLocator.lookup(ServerNCLocator.java:21)
	at nc.bs.framework.common.NCLocator.lookup(NCLocator.java:154)
	at nc.tc.uap.workflow.admin.IWFEngineServiceTest.BeforeClass(IWFEngineServiceTest.java:81)
	at sun.reflect.NativeMethodAccessorImpl.invoke0(Native Method)
	at sun.reflect.NativeMethodAccessorImpl.invoke(NativeMethodAccessorImpl.java:39)
	at sun.reflect.DelegatingMethodAccessorImpl.invoke(DelegatingMethodAccessorImpl.java:25)
	at java.lang.reflect.Method.invoke(Method.java:597)
	at org.testng.internal.MethodInvocationHelper.invokeMethod(MethodInvocationHelper.java:84)
	at org.testng.internal.Invoker.invokeConfigurationMethod(Invoker.java:564)
	at org.testng.internal.Invoker.invokeConfigurations(Invoker.java:213)
	at org.testng.internal.Invoker.invokeConfigurations(Invoker.java:138)
	at org.testng.internal.TestMethodWorker.invokeBeforeClassMethods(TestMethodWorker.java:175)
	at org.testng.internal.TestMethodWorker.run(TestMethodWorker.java:107)
	at org.testng.TestRunner.privateRun(TestRunner.java:767)
	at org.testng.TestRunner.run(TestRunner.java:617)
	at org.testng.SuiteRunner.runTest(SuiteRunner.java:334)
	at org.testng.SuiteRunner.runSequentially(SuiteRunner.java:329)
	at org.testng.SuiteRunner.privateRun(SuiteRunner.java:291)
	at org.testng.SuiteRunner.run(SuiteRunner.java:240)
	at org.testng.SuiteRunnerWorker.runSuite(SuiteRunnerWorker.java:52)
	at org.testng.SuiteRunnerWorker.run(SuiteRunnerWorker.java:86)
	at org.testng.TestNG.runSuitesSequentially(TestNG.java:1224)
	at org.testng.TestNG.runSuitesLocally(TestNG.java:1149)
	at org.testng.TestNG.run(TestNG.java:1057)
	at org.testng.remote.RemoteTestNG.run(RemoteTestNG.java:127)
	at org.testng.remote.RemoteTestNG.initAndRun(RemoteTestNG.java:247)
	at org.testng.remote.RemoteTestNG.runTestNG(RemoteTestNG.java:216)
	at org.testng.yonyou.TestNGClientSocketHandler.run(TestNGClientSocketHandler.java:35)
]]>
    </failure>
  </testcase> <!-- getTasks -->
  <testcase name="rollbackWorkflow" time="0.000" classname="nc.tc.uap.workflow.admin.IWFEngineServiceTest">
    <failure type="nc.bs.framework.exception.ComponentNotFoundException" message="Component: uap.workflow.admin.IWFEngineService,Detail Message: The tx component: uap.workflow.admin.IWFEngineService is not found in jndi  please deploy it!} jndiName: uap.workflow.admin.IWFEngineService meta: null">
      <![CDATA[nc.bs.framework.exception.ComponentNotFoundException: Component: uap.workflow.admin.IWFEngineService,Detail Message: The tx component: uap.workflow.admin.IWFEngineService is not found in jndi  please deploy it!} jndiName: uap.workflow.admin.IWFEngineService meta: null
	at nc.bs.framework.server.AbstractContext.lookup(AbstractContext.java:161)
	at nc.bs.framework.server.BusinessAppServer$3.lookup(BusinessAppServer.java:1089)
	at nc.bs.framework.server.ServerNCLocator.lookup(ServerNCLocator.java:21)
	at nc.bs.framework.common.NCLocator.lookup(NCLocator.java:154)
	at nc.tc.uap.workflow.admin.IWFEngineServiceTest.BeforeClass(IWFEngineServiceTest.java:81)
	at sun.reflect.NativeMethodAccessorImpl.invoke0(Native Method)
	at sun.reflect.NativeMethodAccessorImpl.invoke(NativeMethodAccessorImpl.java:39)
	at sun.reflect.DelegatingMethodAccessorImpl.invoke(DelegatingMethodAccessorImpl.java:25)
	at java.lang.reflect.Method.invoke(Method.java:597)
	at org.testng.internal.MethodInvocationHelper.invokeMethod(MethodInvocationHelper.java:84)
	at org.testng.internal.Invoker.invokeConfigurationMethod(Invoker.java:564)
	at org.testng.internal.Invoker.invokeConfigurations(Invoker.java:213)
	at org.testng.internal.Invoker.invokeConfigurations(Invoker.java:138)
	at org.testng.internal.TestMethodWorker.invokeBeforeClassMethods(TestMethodWorker.java:175)
	at org.testng.internal.TestMethodWorker.run(TestMethodWorker.java:107)
	at org.testng.TestRunner.privateRun(TestRunner.java:767)
	at org.testng.TestRunner.run(TestRunner.java:617)
	at org.testng.SuiteRunner.runTest(SuiteRunner.java:334)
	at org.testng.SuiteRunner.runSequentially(SuiteRunner.java:329)
	at org.testng.SuiteRunner.privateRun(SuiteRunner.java:291)
	at org.testng.SuiteRunner.run(SuiteRunner.java:240)
	at org.testng.SuiteRunnerWorker.runSuite(SuiteRunnerWorker.java:52)
	at org.testng.SuiteRunnerWorker.run(SuiteRunnerWorker.java:86)
	at org.testng.TestNG.runSuitesSequentially(TestNG.java:1224)
	at org.testng.TestNG.runSuitesLocally(TestNG.java:1149)
	at org.testng.TestNG.run(TestNG.java:1057)
	at org.testng.remote.RemoteTestNG.run(RemoteTestNG.java:127)
	at org.testng.remote.RemoteTestNG.initAndRun(RemoteTestNG.java:247)
	at org.testng.remote.RemoteTestNG.runTestNG(RemoteTestNG.java:216)
	at org.testng.yonyou.TestNGClientSocketHandler.run(TestNGClientSocketHandler.java:35)
]]>
    </failure>
  </testcase> <!-- rollbackWorkflow -->
  <testcase name="forwardWorkflow" time="0.000" classname="nc.tc.uap.workflow.admin.IWFEngineServiceTest">
    <failure type="nc.bs.framework.exception.ComponentNotFoundException" message="Component: uap.workflow.admin.IWFEngineService,Detail Message: The tx component: uap.workflow.admin.IWFEngineService is not found in jndi  please deploy it!} jndiName: uap.workflow.admin.IWFEngineService meta: null">
      <![CDATA[nc.bs.framework.exception.ComponentNotFoundException: Component: uap.workflow.admin.IWFEngineService,Detail Message: The tx component: uap.workflow.admin.IWFEngineService is not found in jndi  please deploy it!} jndiName: uap.workflow.admin.IWFEngineService meta: null
	at nc.bs.framework.server.AbstractContext.lookup(AbstractContext.java:161)
	at nc.bs.framework.server.BusinessAppServer$3.lookup(BusinessAppServer.java:1089)
	at nc.bs.framework.server.ServerNCLocator.lookup(ServerNCLocator.java:21)
	at nc.bs.framework.common.NCLocator.lookup(NCLocator.java:154)
	at nc.tc.uap.workflow.admin.IWFEngineServiceTest.BeforeClass(IWFEngineServiceTest.java:81)
	at sun.reflect.NativeMethodAccessorImpl.invoke0(Native Method)
	at sun.reflect.NativeMethodAccessorImpl.invoke(NativeMethodAccessorImpl.java:39)
	at sun.reflect.DelegatingMethodAccessorImpl.invoke(DelegatingMethodAccessorImpl.java:25)
	at java.lang.reflect.Method.invoke(Method.java:597)
	at org.testng.internal.MethodInvocationHelper.invokeMethod(MethodInvocationHelper.java:84)
	at org.testng.internal.Invoker.invokeConfigurationMethod(Invoker.java:564)
	at org.testng.internal.Invoker.invokeConfigurations(Invoker.java:213)
	at org.testng.internal.Invoker.invokeConfigurations(Invoker.java:138)
	at org.testng.internal.TestMethodWorker.invokeBeforeClassMethods(TestMethodWorker.java:175)
	at org.testng.internal.TestMethodWorker.run(TestMethodWorker.java:107)
	at org.testng.TestRunner.privateRun(TestRunner.java:767)
	at org.testng.TestRunner.run(TestRunner.java:617)
	at org.testng.SuiteRunner.runTest(SuiteRunner.java:334)
	at org.testng.SuiteRunner.runSequentially(SuiteRunner.java:329)
	at org.testng.SuiteRunner.privateRun(SuiteRunner.java:291)
	at org.testng.SuiteRunner.run(SuiteRunner.java:240)
	at org.testng.SuiteRunnerWorker.runSuite(SuiteRunnerWorker.java:52)
	at org.testng.SuiteRunnerWorker.run(SuiteRunnerWorker.java:86)
	at org.testng.TestNG.runSuitesSequentially(TestNG.java:1224)
	at org.testng.TestNG.runSuitesLocally(TestNG.java:1149)
	at org.testng.TestNG.run(TestNG.java:1057)
	at org.testng.remote.RemoteTestNG.run(RemoteTestNG.java:127)
	at org.testng.remote.RemoteTestNG.initAndRun(RemoteTestNG.java:247)
	at org.testng.remote.RemoteTestNG.runTestNG(RemoteTestNG.java:216)
	at org.testng.yonyou.TestNGClientSocketHandler.run(TestNGClientSocketHandler.java:35)
]]>
    </failure>
  </testcase> <!-- forwardWorkflow -->
  <testcase name="getTasks" time="0.000" classname="nc.tc.uap.workflow.admin.IWFEngineServiceTest">
    <failure type="nc.bs.framework.exception.ComponentNotFoundException" message="Component: uap.workflow.admin.IWFEngineService,Detail Message: The tx component: uap.workflow.admin.IWFEngineService is not found in jndi  please deploy it!} jndiName: uap.workflow.admin.IWFEngineService meta: null">
      <![CDATA[nc.bs.framework.exception.ComponentNotFoundException: Component: uap.workflow.admin.IWFEngineService,Detail Message: The tx component: uap.workflow.admin.IWFEngineService is not found in jndi  please deploy it!} jndiName: uap.workflow.admin.IWFEngineService meta: null
	at nc.bs.framework.server.AbstractContext.lookup(AbstractContext.java:161)
	at nc.bs.framework.server.BusinessAppServer$3.lookup(BusinessAppServer.java:1089)
	at nc.bs.framework.server.ServerNCLocator.lookup(ServerNCLocator.java:21)
	at nc.bs.framework.common.NCLocator.lookup(NCLocator.java:154)
	at nc.tc.uap.workflow.admin.IWFEngineServiceTest.BeforeClass(IWFEngineServiceTest.java:81)
	at sun.reflect.NativeMethodAccessorImpl.invoke0(Native Method)
	at sun.reflect.NativeMethodAccessorImpl.invoke(NativeMethodAccessorImpl.java:39)
	at sun.reflect.DelegatingMethodAccessorImpl.invoke(DelegatingMethodAccessorImpl.java:25)
	at java.lang.reflect.Method.invoke(Method.java:597)
	at org.testng.internal.MethodInvocationHelper.invokeMethod(MethodInvocationHelper.java:84)
	at org.testng.internal.Invoker.invokeConfigurationMethod(Invoker.java:564)
	at org.testng.internal.Invoker.invokeConfigurations(Invoker.java:213)
	at org.testng.internal.Invoker.invokeConfigurations(Invoker.java:138)
	at org.testng.internal.TestMethodWorker.invokeBeforeClassMethods(TestMethodWorker.java:175)
	at org.testng.internal.TestMethodWorker.run(TestMethodWorker.java:107)
	at org.testng.TestRunner.privateRun(TestRunner.java:767)
	at org.testng.TestRunner.run(TestRunner.java:617)
	at org.testng.SuiteRunner.runTest(SuiteRunner.java:334)
	at org.testng.SuiteRunner.runSequentially(SuiteRunner.java:329)
	at org.testng.SuiteRunner.privateRun(SuiteRunner.java:291)
	at org.testng.SuiteRunner.run(SuiteRunner.java:240)
	at org.testng.SuiteRunnerWorker.runSuite(SuiteRunnerWorker.java:52)
	at org.testng.SuiteRunnerWorker.run(SuiteRunnerWorker.java:86)
	at org.testng.TestNG.runSuitesSequentially(TestNG.java:1224)
	at org.testng.TestNG.runSuitesLocally(TestNG.java:1149)
	at org.testng.TestNG.run(TestNG.java:1057)
	at org.testng.remote.RemoteTestNG.run(RemoteTestNG.java:127)
	at org.testng.remote.RemoteTestNG.initAndRun(RemoteTestNG.java:247)
	at org.testng.remote.RemoteTestNG.runTestNG(RemoteTestNG.java:216)
	at org.testng.yonyou.TestNGClientSocketHandler.run(TestNGClientSocketHandler.java:35)
]]>
    </failure>
  </testcase> <!-- getTasks -->
  <testcase name="startWorkflow" time="0.000" classname="nc.tc.uap.workflow.admin.IWFEngineServiceTest">
    <failure type="nc.bs.framework.exception.ComponentNotFoundException" message="Component: uap.workflow.admin.IWFEngineService,Detail Message: The tx component: uap.workflow.admin.IWFEngineService is not found in jndi  please deploy it!} jndiName: uap.workflow.admin.IWFEngineService meta: null">
      <![CDATA[nc.bs.framework.exception.ComponentNotFoundException: Component: uap.workflow.admin.IWFEngineService,Detail Message: The tx component: uap.workflow.admin.IWFEngineService is not found in jndi  please deploy it!} jndiName: uap.workflow.admin.IWFEngineService meta: null
	at nc.bs.framework.server.AbstractContext.lookup(AbstractContext.java:161)
	at nc.bs.framework.server.BusinessAppServer$3.lookup(BusinessAppServer.java:1089)
	at nc.bs.framework.server.ServerNCLocator.lookup(ServerNCLocator.java:21)
	at nc.bs.framework.common.NCLocator.lookup(NCLocator.java:154)
	at nc.tc.uap.workflow.admin.IWFEngineServiceTest.BeforeClass(IWFEngineServiceTest.java:81)
	at sun.reflect.NativeMethodAccessorImpl.invoke0(Native Method)
	at sun.reflect.NativeMethodAccessorImpl.invoke(NativeMethodAccessorImpl.java:39)
	at sun.reflect.DelegatingMethodAccessorImpl.invoke(DelegatingMethodAccessorImpl.java:25)
	at java.lang.reflect.Method.invoke(Method.java:597)
	at org.testng.internal.MethodInvocationHelper.invokeMethod(MethodInvocationHelper.java:84)
	at org.testng.internal.Invoker.invokeConfigurationMethod(Invoker.java:564)
	at org.testng.internal.Invoker.invokeConfigurations(Invoker.java:213)
	at org.testng.internal.Invoker.invokeConfigurations(Invoker.java:138)
	at org.testng.internal.TestMethodWorker.invokeBeforeClassMethods(TestMethodWorker.java:175)
	at org.testng.internal.TestMethodWorker.run(TestMethodWorker.java:107)
	at org.testng.TestRunner.privateRun(TestRunner.java:767)
	at org.testng.TestRunner.run(TestRunner.java:617)
	at org.testng.SuiteRunner.runTest(SuiteRunner.java:334)
	at org.testng.SuiteRunner.runSequentially(SuiteRunner.java:329)
	at org.testng.SuiteRunner.privateRun(SuiteRunner.java:291)
	at org.testng.SuiteRunner.run(SuiteRunner.java:240)
	at org.testng.SuiteRunnerWorker.runSuite(SuiteRunnerWorker.java:52)
	at org.testng.SuiteRunnerWorker.run(SuiteRunnerWorker.java:86)
	at org.testng.TestNG.runSuitesSequentially(TestNG.java:1224)
	at org.testng.TestNG.runSuitesLocally(TestNG.java:1149)
	at org.testng.TestNG.run(TestNG.java:1057)
	at org.testng.remote.RemoteTestNG.run(RemoteTestNG.java:127)
	at org.testng.remote.RemoteTestNG.initAndRun(RemoteTestNG.java:247)
	at org.testng.remote.RemoteTestNG.runTestNG(RemoteTestNG.java:216)
	at org.testng.yonyou.TestNGClientSocketHandler.run(TestNGClientSocketHandler.java:35)
]]>
    </failure>
  </testcase> <!-- startWorkflow -->
  <testcase name="forwardWorkflow" time="0.000" classname="nc.tc.uap.workflow.admin.IWFEngineServiceTest">
    <failure type="nc.bs.framework.exception.ComponentNotFoundException" message="Component: uap.workflow.admin.IWFEngineService,Detail Message: The tx component: uap.workflow.admin.IWFEngineService is not found in jndi  please deploy it!} jndiName: uap.workflow.admin.IWFEngineService meta: null">
      <![CDATA[nc.bs.framework.exception.ComponentNotFoundException: Component: uap.workflow.admin.IWFEngineService,Detail Message: The tx component: uap.workflow.admin.IWFEngineService is not found in jndi  please deploy it!} jndiName: uap.workflow.admin.IWFEngineService meta: null
	at nc.bs.framework.server.AbstractContext.lookup(AbstractContext.java:161)
	at nc.bs.framework.server.BusinessAppServer$3.lookup(BusinessAppServer.java:1089)
	at nc.bs.framework.server.ServerNCLocator.lookup(ServerNCLocator.java:21)
	at nc.bs.framework.common.NCLocator.lookup(NCLocator.java:154)
	at nc.tc.uap.workflow.admin.IWFEngineServiceTest.BeforeClass(IWFEngineServiceTest.java:81)
	at sun.reflect.NativeMethodAccessorImpl.invoke0(Native Method)
	at sun.reflect.NativeMethodAccessorImpl.invoke(NativeMethodAccessorImpl.java:39)
	at sun.reflect.DelegatingMethodAccessorImpl.invoke(DelegatingMethodAccessorImpl.java:25)
	at java.lang.reflect.Method.invoke(Method.java:597)
	at org.testng.internal.MethodInvocationHelper.invokeMethod(MethodInvocationHelper.java:84)
	at org.testng.internal.Invoker.invokeConfigurationMethod(Invoker.java:564)
	at org.testng.internal.Invoker.invokeConfigurations(Invoker.java:213)
	at org.testng.internal.Invoker.invokeConfigurations(Invoker.java:138)
	at org.testng.internal.TestMethodWorker.invokeBeforeClassMethods(TestMethodWorker.java:175)
	at org.testng.internal.TestMethodWorker.run(TestMethodWorker.java:107)
	at org.testng.TestRunner.privateRun(TestRunner.java:767)
	at org.testng.TestRunner.run(TestRunner.java:617)
	at org.testng.SuiteRunner.runTest(SuiteRunner.java:334)
	at org.testng.SuiteRunner.runSequentially(SuiteRunner.java:329)
	at org.testng.SuiteRunner.privateRun(SuiteRunner.java:291)
	at org.testng.SuiteRunner.run(SuiteRunner.java:240)
	at org.testng.SuiteRunnerWorker.runSuite(SuiteRunnerWorker.java:52)
	at org.testng.SuiteRunnerWorker.run(SuiteRunnerWorker.java:86)
	at org.testng.TestNG.runSuitesSequentially(TestNG.java:1224)
	at org.testng.TestNG.runSuitesLocally(TestNG.java:1149)
	at org.testng.TestNG.run(TestNG.java:1057)
	at org.testng.remote.RemoteTestNG.run(RemoteTestNG.java:127)
	at org.testng.remote.RemoteTestNG.initAndRun(RemoteTestNG.java:247)
	at org.testng.remote.RemoteTestNG.runTestNG(RemoteTestNG.java:216)
	at org.testng.yonyou.TestNGClientSocketHandler.run(TestNGClientSocketHandler.java:35)
]]>
    </failure>
  </testcase> <!-- forwardWorkflow -->
  <testcase name="forwardWorkflow" time="0.000" classname="nc.tc.uap.workflow.admin.IWFEngineServiceTest">
    <failure type="nc.bs.framework.exception.ComponentNotFoundException" message="Component: uap.workflow.admin.IWFEngineService,Detail Message: The tx component: uap.workflow.admin.IWFEngineService is not found in jndi  please deploy it!} jndiName: uap.workflow.admin.IWFEngineService meta: null">
      <![CDATA[nc.bs.framework.exception.ComponentNotFoundException: Component: uap.workflow.admin.IWFEngineService,Detail Message: The tx component: uap.workflow.admin.IWFEngineService is not found in jndi  please deploy it!} jndiName: uap.workflow.admin.IWFEngineService meta: null
	at nc.bs.framework.server.AbstractContext.lookup(AbstractContext.java:161)
	at nc.bs.framework.server.BusinessAppServer$3.lookup(BusinessAppServer.java:1089)
	at nc.bs.framework.server.ServerNCLocator.lookup(ServerNCLocator.java:21)
	at nc.bs.framework.common.NCLocator.lookup(NCLocator.java:154)
	at nc.tc.uap.workflow.admin.IWFEngineServiceTest.BeforeClass(IWFEngineServiceTest.java:81)
	at sun.reflect.NativeMethodAccessorImpl.invoke0(Native Method)
	at sun.reflect.NativeMethodAccessorImpl.invoke(NativeMethodAccessorImpl.java:39)
	at sun.reflect.DelegatingMethodAccessorImpl.invoke(DelegatingMethodAccessorImpl.java:25)
	at java.lang.reflect.Method.invoke(Method.java:597)
	at org.testng.internal.MethodInvocationHelper.invokeMethod(MethodInvocationHelper.java:84)
	at org.testng.internal.Invoker.invokeConfigurationMethod(Invoker.java:564)
	at org.testng.internal.Invoker.invokeConfigurations(Invoker.java:213)
	at org.testng.internal.Invoker.invokeConfigurations(Invoker.java:138)
	at org.testng.internal.TestMethodWorker.invokeBeforeClassMethods(TestMethodWorker.java:175)
	at org.testng.internal.TestMethodWorker.run(TestMethodWorker.java:107)
	at org.testng.TestRunner.privateRun(TestRunner.java:767)
	at org.testng.TestRunner.run(TestRunner.java:617)
	at org.testng.SuiteRunner.runTest(SuiteRunner.java:334)
	at org.testng.SuiteRunner.runSequentially(SuiteRunner.java:329)
	at org.testng.SuiteRunner.privateRun(SuiteRunner.java:291)
	at org.testng.SuiteRunner.run(SuiteRunner.java:240)
	at org.testng.SuiteRunnerWorker.runSuite(SuiteRunnerWorker.java:52)
	at org.testng.SuiteRunnerWorker.run(SuiteRunnerWorker.java:86)
	at org.testng.TestNG.runSuitesSequentially(TestNG.java:1224)
	at org.testng.TestNG.runSuitesLocally(TestNG.java:1149)
	at org.testng.TestNG.run(TestNG.java:1057)
	at org.testng.remote.RemoteTestNG.run(RemoteTestNG.java:127)
	at org.testng.remote.RemoteTestNG.initAndRun(RemoteTestNG.java:247)
	at org.testng.remote.RemoteTestNG.runTestNG(RemoteTestNG.java:216)
	at org.testng.yonyou.TestNGClientSocketHandler.run(TestNGClientSocketHandler.java:35)
]]>
    </failure>
  </testcase> <!-- forwardWorkflow -->
  <testcase name="forwardWorkflow" time="0.000" classname="nc.tc.uap.workflow.admin.IWFEngineServiceTest">
    <failure type="nc.bs.framework.exception.ComponentNotFoundException" message="Component: uap.workflow.admin.IWFEngineService,Detail Message: The tx component: uap.workflow.admin.IWFEngineService is not found in jndi  please deploy it!} jndiName: uap.workflow.admin.IWFEngineService meta: null">
[...]
	at org.testng.yonyou.TestNGClientSocketHandler.run(TestNGClientSocketHandler.java:35)
]]>
    </failure>
  </testcase> <!-- signalWorkflow -->
  <testcase name="forwardWorkflow" time="0.000" classname="nc.tc.uap.workflow.admin.IWFEngineServiceTest">
    <failure type="nc.bs.framework.exception.ComponentNotFoundException" message="Component: uap.workflow.admin.IWFEngineService,Detail Message: The tx component: uap.workflow.admin.IWFEngineService is not found in jndi  please deploy it!} jndiName: uap.workflow.admin.IWFEngineService meta: null">
      <![CDATA[nc.bs.framework.exception.ComponentNotFoundException: Component: uap.workflow.admin.IWFEngineService,Detail Message: The tx component: uap.workflow.admin.IWFEngineService is not found in jndi  please deploy it!} jndiName: uap.workflow.admin.IWFEngineService meta: null
	at nc.bs.framework.server.AbstractContext.lookup(AbstractContext.java:161)
	at nc.bs.framework.server.BusinessAppServer$3.lookup(BusinessAppServer.java:1089)
	at nc.bs.framework.server.ServerNCLocator.lookup(ServerNCLocator.java:21)
	at nc.bs.framework.common.NCLocator.lookup(NCLocator.java:154)
	at nc.tc.uap.workflow.admin.IWFEngineServiceTest.BeforeClass(IWFEngineServiceTest.java:81)
	at sun.reflect.NativeMethodAccessorImpl.invoke0(Native Method)
	at sun.reflect.NativeMethodAccessorImpl.invoke(NativeMethodAccessorImpl.java:39)
	at sun.reflect.DelegatingMethodAccessorImpl.invoke(DelegatingMethodAccessorImpl.java:25)
	at java.lang.reflect.Method.invoke(Method.java:597)
	at org.testng.internal.MethodInvocationHelper.invokeMethod(MethodInvocationHelper.java:84)
	at org.testng.internal.Invoker.invokeConfigurationMethod(Invoker.java:564)
	at org.testng.internal.Invoker.invokeConfigurations(Invoker.java:213)
	at org.testng.internal.Invoker.invokeConfigurations(Invoker.java:138)
	at org.testng.internal.TestMethodWorker.invokeBeforeClassMethods(TestMethodWorker.java:175)
	at org.testng.internal.TestMethodWorker.run(TestMethodWorker.java:107)
	at org.testng.TestRunner.privateRun(TestRunner.java:767)
	at org.testng.TestRunner.run(TestRunner.java:617)
	at org.testng.SuiteRunner.runTest(SuiteRunner.java:334)
	at org.testng.SuiteRunner.runSequentially(SuiteRunner.java:329)
	at org.testng.SuiteRunner.privateRun(SuiteRunner.java:291)
	at org.testng.SuiteRunner.run(SuiteRunner.java:240)
	at org.testng.SuiteRunnerWorker.runSuite(SuiteRunnerWorker.java:52)
	at org.testng.SuiteRunnerWorker.run(SuiteRunnerWorker.java:86)
	at org.testng.TestNG.runSuitesSequentially(TestNG.java:1224)
	at org.testng.TestNG.runSuitesLocally(TestNG.java:1149)
	at org.testng.TestNG.run(TestNG.java:1057)
	at org.testng.remote.RemoteTestNG.run(RemoteTestNG.java:127)
	at org.testng.remote.RemoteTestNG.initAndRun(RemoteTestNG.java:247)
	at org.testng.remote.RemoteTestNG.runTestNG(RemoteTestNG.java:216)
	at org.testng.yonyou.TestNGClientSocketHandler.run(TestNGClientSocketHandler.java:35)
]]>
    </failure>
  </testcase> <!-- forwardWorkflow -->
  <testcase name="forwardWorkflow" time="0.000" classname="nc.tc.uap.workflow.admin.IWFEngineServiceTest">
    <failure type="nc.bs.framework.exception.ComponentNotFoundException" message="Component: uap.workflow.admin.IWFEngineService,Detail Message: The tx component: uap.workflow.admin.IWFEngineService is not found in jndi  please deploy it!} jndiName: uap.workflow.admin.IWFEngineService meta: null">
      <![CDATA[nc.bs.framework.exception.ComponentNotFoundException: Component: uap.workflow.admin.IWFEngineService,Detail Message: The tx component: uap.workflow.admin.IWFEngineService is not found in jndi  please deploy it!} jndiName: uap.workflow.admin.IWFEngineService meta: null
	at nc.bs.framework.server.AbstractContext.lookup(AbstractContext.java:161)
	at nc.bs.framework.server.BusinessAppServer$3.lookup(BusinessAppServer.java:1089)
	at nc.bs.framework.server.ServerNCLocator.lookup(ServerNCLocator.java:21)
	at nc.bs.framework.common.NCLocator.lookup(NCLocator.java:154)
	at nc.tc.uap.workflow.admin.IWFEngineServiceTest.BeforeClass(IWFEngineServiceTest.java:81)
	at sun.reflect.NativeMethodAccessorImpl.invoke0(Native Method)
	at sun.reflect.NativeMethodAccessorImpl.invoke(NativeMethodAccessorImpl.java:39)
	at sun.reflect.DelegatingMethodAccessorImpl.invoke(DelegatingMethodAccessorImpl.java:25)
	at java.lang.reflect.Method.invoke(Method.java:597)
	at org.testng.internal.MethodInvocationHelper.invokeMethod(MethodInvocationHelper.java:84)
	at org.testng.internal.Invoker.invokeConfigurationMethod(Invoker.java:564)
	at org.testng.internal.Invoker.invokeConfigurations(Invoker.java:213)
	at org.testng.internal.Invoker.invokeConfigurations(Invoker.java:138)
	at org.testng.internal.TestMethodWorker.invokeBeforeClassMethods(TestMethodWorker.java:175)
	at org.testng.internal.TestMethodWorker.run(TestMethodWorker.java:107)
	at org.testng.TestRunner.privateRun(TestRunner.java:767)
	at org.testng.TestRunner.run(TestRunner.java:617)
	at org.testng.SuiteRunner.runTest(SuiteRunner.java:334)
	at org.testng.SuiteRunner.runSequentially(SuiteRunner.java:329)
	at org.testng.SuiteRunner.privateRun(SuiteRunner.java:291)
	at org.testng.SuiteRunner.run(SuiteRunner.java:240)
	at org.testng.SuiteRunnerWorker.runSuite(SuiteRunnerWorker.java:52)
	at org.testng.SuiteRunnerWorker.run(SuiteRunnerWorker.java:86)
	at org.testng.TestNG.runSuitesSequentially(TestNG.java:1224)
	at org.testng.TestNG.runSuitesLocally(TestNG.java:1149)
	at org.testng.TestNG.run(TestNG.java:1057)
	at org.testng.remote.RemoteTestNG.run(RemoteTestNG.java:127)
	at org.testng.remote.RemoteTestNG.initAndRun(RemoteTestNG.java:247)
	at org.testng.remote.RemoteTestNG.runTestNG(RemoteTestNG.java:216)
	at org.testng.yonyou.TestNGClientSocketHandler.run(TestNGClientSocketHandler.java:35)
]]>
    </failure>
  </testcase> <!-- forwardWorkflow -->
  <testcase name="getTasks" time="0.000" classname="nc.tc.uap.workflow.admin.IWFEngineServiceTest">
    <failure type="nc.bs.framework.exception.ComponentNotFoundException" message="Component: uap.workflow.admin.IWFEngineService,Detail Message: The tx component: uap.workflow.admin.IWFEngineService is not found in jndi  please deploy it!} jndiName: uap.workflow.admin.IWFEngineService meta: null">
      <![CDATA[nc.bs.framework.exception.ComponentNotFoundException: Component: uap.workflow.admin.IWFEngineService,Detail Message: The tx component: uap.workflow.admin.IWFEngineService is not found in jndi  please deploy it!} jndiName: uap.workflow.admin.IWFEngineService meta: null
	at nc.bs.framework.server.AbstractContext.lookup(AbstractContext.java:161)
	at nc.bs.framework.server.BusinessAppServer$3.lookup(BusinessAppServer.java:1089)
	at nc.bs.framework.server.ServerNCLocator.lookup(ServerNCLocator.java:21)
	at nc.bs.framework.common.NCLocator.lookup(NCLocator.java:154)
	at nc.tc.uap.workflow.admin.IWFEngineServiceTest.BeforeClass(IWFEngineServiceTest.java:81)
	at sun.reflect.NativeMethodAccessorImpl.invoke0(Native Method)
	at sun.reflect.NativeMethodAccessorImpl.invoke(NativeMethodAccessorImpl.java:39)
	at sun.reflect.DelegatingMethodAccessorImpl.invoke(DelegatingMethodAccessorImpl.java:25)
	at java.lang.reflect.Method.invoke(Method.java:597)
	at org.testng.internal.MethodInvocationHelper.invokeMethod(MethodInvocationHelper.java:84)
	at org.testng.internal.Invoker.invokeConfigurationMethod(Invoker.java:564)
	at org.testng.internal.Invoker.invokeConfigurations(Invoker.java:213)
	at org.testng.internal.Invoker.invokeConfigurations(Invoker.java:138)
	at org.testng.internal.TestMethodWorker.invokeBeforeClassMethods(TestMethodWorker.java:175)
	at org.testng.internal.TestMethodWorker.run(TestMethodWorker.java:107)
	at org.testng.TestRunner.privateRun(TestRunner.java:767)
	at org.testng.TestRunner.run(TestRunner.java:617)
	at org.testng.SuiteRunner.runTest(SuiteRunner.java:334)
	at org.testng.SuiteRunner.runSequentially(SuiteRunner.java:329)
	at org.testng.SuiteRunner.privateRun(SuiteRunner.java:291)
	at org.testng.SuiteRunner.run(SuiteRunner.java:240)
	at org.testng.SuiteRunnerWorker.runSuite(SuiteRunnerWorker.java:52)
	at org.testng.SuiteRunnerWorker.run(SuiteRunnerWorker.java:86)
	at org.testng.TestNG.runSuitesSequentially(TestNG.java:1224)
	at org.testng.TestNG.runSuitesLocally(TestNG.java:1149)
	at org.testng.TestNG.run(TestNG.java:1057)
	at org.testng.remote.RemoteTestNG.run(RemoteTestNG.java:127)
	at org.testng.remote.RemoteTestNG.initAndRun(RemoteTestNG.java:247)
	at org.testng.remote.RemoteTestNG.runTestNG(RemoteTestNG.java:216)
	at org.testng.yonyou.TestNGClientSocketHandler.run(TestNGClientSocketHandler.java:35)
]]>
    </failure>
  </testcase> <!-- getTasks -->
  <testcase name="forwardWorkflow" time="0.000" classname="nc.tc.uap.workflow.admin.IWFEngineServiceTest">
    <failure type="nc.bs.framework.exception.ComponentNotFoundException" message="Component: uap.workflow.admin.IWFEngineService,Detail Message: The tx component: uap.workflow.admin.IWFEngineService is not found in jndi  please deploy it!} jndiName: uap.workflow.admin.IWFEngineService meta: null">
      <![CDATA[nc.bs.framework.exception.ComponentNotFoundException: Component: uap.workflow.admin.IWFEngineService,Detail Message: The tx component: uap.workflow.admin.IWFEngineService is not found in jndi  please deploy it!} jndiName: uap.workflow.admin.IWFEngineService meta: null
	at nc.bs.framework.server.AbstractContext.lookup(AbstractContext.java:161)
	at nc.bs.framework.server.BusinessAppServer$3.lookup(BusinessAppServer.java:1089)
	at nc.bs.framework.server.ServerNCLocator.lookup(ServerNCLocator.java:21)
	at nc.bs.framework.common.NCLocator.lookup(NCLocator.java:154)
	at nc.tc.uap.workflow.admin.IWFEngineServiceTest.BeforeClass(IWFEngineServiceTest.java:81)
	at sun.reflect.NativeMethodAccessorImpl.invoke0(Native Method)
	at sun.reflect.NativeMethodAccessorImpl.invoke(NativeMethodAccessorImpl.java:39)
	at sun.reflect.DelegatingMethodAccessorImpl.invoke(DelegatingMethodAccessorImpl.java:25)
	at java.lang.reflect.Method.invoke(Method.java:597)
	at org.testng.internal.MethodInvocationHelper.invokeMethod(MethodInvocationHelper.java:84)
	at org.testng.internal.Invoker.invokeConfigurationMethod(Invoker.java:564)
	at org.testng.internal.Invoker.invokeConfigurations(Invoker.java:213)
	at org.testng.internal.Invoker.invokeConfigurations(Invoker.java:138)
	at org.testng.internal.TestMethodWorker.invokeBeforeClassMethods(TestMethodWorker.java:175)
	at org.testng.internal.TestMethodWorker.run(TestMethodWorker.java:107)
	at org.testng.TestRunner.privateRun(TestRunner.java:767)
	at org.testng.TestRunner.run(TestRunner.java:617)
	at org.testng.SuiteRunner.runTest(SuiteRunner.java:334)
	at org.testng.SuiteRunner.runSequentially(SuiteRunner.java:329)
	at org.testng.SuiteRunner.privateRun(SuiteRunner.java:291)
	at org.testng.SuiteRunner.run(SuiteRunner.java:240)
	at org.testng.SuiteRunnerWorker.runSuite(SuiteRunnerWorker.java:52)
	at org.testng.SuiteRunnerWorker.run(SuiteRunnerWorker.java:86)
	at org.testng.TestNG.runSuitesSequentially(TestNG.java:1224)
	at org.testng.TestNG.runSuitesLocally(TestNG.java:1149)
	at org.testng.TestNG.run(TestNG.java:1057)
	at org.testng.remote.RemoteTestNG.run(RemoteTestNG.java:127)
	at org.testng.remote.RemoteTestNG.initAndRun(RemoteTestNG.java:247)
	at org.testng.remote.RemoteTestNG.runTestNG(RemoteTestNG.java:216)
	at org.testng.yonyou.TestNGClientSocketHandler.run(TestNGClientSocketHandler.java:35)
]]>
    </failure>
  </testcase> <!-- forwardWorkflow -->
  <testcase name="forwardWorkflow" time="0.000" classname="nc.tc.uap.workflow.admin.IWFEngineServiceTest">
    <failure type="nc.bs.framework.exception.ComponentNotFoundException" message="Component: uap.workflow.admin.IWFEngineService,Detail Message: The tx component: uap.workflow.admin.IWFEngineService is not found in jndi  please deploy it!} jndiName: uap.workflow.admin.IWFEngineService meta: null">
      <![CDATA[nc.bs.framework.exception.ComponentNotFoundException: Component: uap.workflow.admin.IWFEngineService,Detail Message: The tx component: uap.workflow.admin.IWFEngineService is not found in jndi  please deploy it!} jndiName: uap.workflow.admin.IWFEngineService meta: null
	at nc.bs.framework.server.AbstractContext.lookup(AbstractContext.java:161)
	at nc.bs.framework.server.BusinessAppServer$3.lookup(BusinessAppServer.java:1089)
	at nc.bs.framework.server.ServerNCLocator.lookup(ServerNCLocator.java:21)
	at nc.bs.framework.common.NCLocator.lookup(NCLocator.java:154)
	at nc.tc.uap.workflow.admin.IWFEngineServiceTest.BeforeClass(IWFEngineServiceTest.java:81)
	at sun.reflect.NativeMethodAccessorImpl.invoke0(Native Method)
	at sun.reflect.NativeMethodAccessorImpl.invoke(NativeMethodAccessorImpl.java:39)
	at sun.reflect.DelegatingMethodAccessorImpl.invoke(DelegatingMethodAccessorImpl.java:25)
	at java.lang.reflect.Method.invoke(Method.java:597)
	at org.testng.internal.MethodInvocationHelper.invokeMethod(MethodInvocationHelper.java:84)
	at org.testng.internal.Invoker.invokeConfigurationMethod(Invoker.java:564)
	at org.testng.internal.Invoker.invokeConfigurations(Invoker.java:213)
	at org.testng.internal.Invoker.invokeConfigurations(Invoker.java:138)
	at org.testng.internal.TestMethodWorker.invokeBeforeClassMethods(TestMethodWorker.java:175)
	at org.testng.internal.TestMethodWorker.run(TestMethodWorker.java:107)
	at org.testng.TestRunner.privateRun(TestRunner.java:767)
	at org.testng.TestRunner.run(TestRunner.java:617)
	at org.testng.SuiteRunner.runTest(SuiteRunner.java:334)
	at org.testng.SuiteRunner.runSequentially(SuiteRunner.java:329)
	at org.testng.SuiteRunner.privateRun(SuiteRunner.java:291)
	at org.testng.SuiteRunner.run(SuiteRunner.java:240)
	at org.testng.SuiteRunnerWorker.runSuite(SuiteRunnerWorker.java:52)
	at org.testng.SuiteRunnerWorker.run(SuiteRunnerWorker.java:86)
	at org.testng.TestNG.runSuitesSequentially(TestNG.java:1224)
	at org.testng.TestNG.runSuitesLocally(TestNG.java:1149)
	at org.testng.TestNG.run(TestNG.java:1057)
	at org.testng.remote.RemoteTestNG.run(RemoteTestNG.java:127)
	at org.testng.remote.RemoteTestNG.initAndRun(RemoteTestNG.java:247)
	at org.testng.remote.RemoteTestNG.runTestNG(RemoteTestNG.java:216)
	at org.testng.yonyou.TestNGClientSocketHandler.run(TestNGClientSocketHandler.java:35)
]]>
    </failure>
  </testcase> <!-- forwardWorkflow -->
  <testcase name="rollbackWorkflow" time="0.000" classname="nc.tc.uap.workflow.admin.IWFEngineServiceTest">
    <failure type="nc.bs.framework.exception.ComponentNotFoundException" message="Component: uap.workflow.admin.IWFEngineService,Detail Message: The tx component: uap.workflow.admin.IWFEngineService is not found in jndi  please deploy it!} jndiName: uap.workflow.admin.IWFEngineService meta: null">
      <![CDATA[nc.bs.framework.exception.ComponentNotFoundException: Component: uap.workflow.admin.IWFEngineService,Detail Message: The tx component: uap.workflow.admin.IWFEngineService is not found in jndi  please deploy it!} jndiName: uap.workflow.admin.IWFEngineService meta: null
	at nc.bs.framework.server.AbstractContext.lookup(AbstractContext.java:161)
	at nc.bs.framework.server.BusinessAppServer$3.lookup(BusinessAppServer.java:1089)
	at nc.bs.framework.server.ServerNCLocator.lookup(ServerNCLocator.java:21)
	at nc.bs.framework.common.NCLocator.lookup(NCLocator.java:154)
	at nc.tc.uap.workflow.admin.IWFEngineServiceTest.BeforeClass(IWFEngineServiceTest.java:81)
	at sun.reflect.NativeMethodAccessorImpl.invoke0(Native Method)
	at sun.reflect.NativeMethodAccessorImpl.invoke(NativeMethodAccessorImpl.java:39)
	at sun.reflect.DelegatingMethodAccessorImpl.invoke(DelegatingMethodAccessorImpl.java:25)
	at java.lang.reflect.Method.invoke(Method.java:597)
	at org.testng.internal.MethodInvocationHelper.invokeMethod(MethodInvocationHelper.java:84)
	at org.testng.internal.Invoker.invokeConfigurationMethod(Invoker.java:564)
	at org.testng.internal.Invoker.invokeConfigurations(Invoker.java:213)
	at org.testng.internal.Invoker.invokeConfigurations(Invoker.java:138)
	at org.testng.internal.TestMethodWorker.invokeBeforeClassMethods(TestMethodWorker.java:175)
	at org.testng.internal.TestMethodWorker.run(TestMethodWorker.java:107)
	at org.testng.TestRunner.privateRun(TestRunner.java:767)
	at org.testng.TestRunner.run(TestRunner.java:617)
	at org.testng.SuiteRunner.runTest(SuiteRunner.java:334)
	at org.testng.SuiteRunner.runSequentially(SuiteRunner.java:329)
	at org.testng.SuiteRunner.privateRun(SuiteRunner.java:291)
	at org.testng.SuiteRunner.run(SuiteRunner.java:240)
	at org.testng.SuiteRunnerWorker.runSuite(SuiteRunnerWorker.java:52)
	at org.testng.SuiteRunnerWorker.run(SuiteRunnerWorker.java:86)
	at org.testng.TestNG.runSuitesSequentially(TestNG.java:1224)
	at org.testng.TestNG.runSuitesLocally(TestNG.java:1149)
	at org.testng.TestNG.run(TestNG.java:1057)
	at org.testng.remote.RemoteTestNG.run(RemoteTestNG.java:127)
	at org.testng.remote.RemoteTestNG.initAndRun(RemoteTestNG.java:247)
	at org.testng.remote.RemoteTestNG.runTestNG(RemoteTestNG.java:216)
	at org.testng.yonyou.TestNGClientSocketHandler.run(TestNGClientSocketHandler.java:35)
]]>
    </failure>
  </testcase> <!-- rollbackWorkflow -->
  <testcase name="forwardWorkflow" time="0.000" classname="nc.tc.uap.workflow.admin.IWFEngineServiceTest">
    <failure type="nc.bs.framework.exception.ComponentNotFoundException" message="Component: uap.workflow.admin.IWFEngineService,Detail Message: The tx component: uap.workflow.admin.IWFEngineService is not found in jndi  please deploy it!} jndiName: uap.workflow.admin.IWFEngineService meta: null">
      <![CDATA[nc.bs.framework.exception.ComponentNotFoundException: Component: uap.workflow.admin.IWFEngineService,Detail Message: The tx component: uap.workflow.admin.IWFEngineService is not found in jndi  please deploy it!} jndiName: uap.workflow.admin.IWFEngineService meta: null
	at nc.bs.framework.server.AbstractContext.lookup(AbstractContext.java:161)
	at nc.bs.framework.server.BusinessAppServer$3.lookup(BusinessAppServer.java:1089)
	at nc.bs.framework.server.ServerNCLocator.lookup(ServerNCLocator.java:21)
	at nc.bs.framework.common.NCLocator.lookup(NCLocator.java:154)
	at nc.tc.uap.workflow.admin.IWFEngineServiceTest.BeforeClass(IWFEngineServiceTest.java:81)
	at sun.reflect.NativeMethodAccessorImpl.invoke0(Native Method)
	at sun.reflect.NativeMethodAccessorImpl.invoke(NativeMethodAccessorImpl.java:39)
	at sun.reflect.DelegatingMethodAccessorImpl.invoke(DelegatingMethodAccessorImpl.java:25)
	at java.lang.reflect.Method.invoke(Method.java:597)
	at org.testng.internal.MethodInvocationHelper.invokeMethod(MethodInvocationHelper.java:84)
	at org.testng.internal.Invoker.invokeConfigurationMethod(Invoker.java:564)
	at org.testng.internal.Invoker.invokeConfigurations(Invoker.java:213)
	at org.testng.internal.Invoker.invokeConfigurations(Invoker.java:138)
	at org.testng.internal.TestMethodWorker.invokeBeforeClassMethods(TestMethodWorker.java:175)
	at org.testng.internal.TestMethodWorker.run(TestMethodWorker.java:107)
	at org.testng.TestRunner.privateRun(TestRunner.java:767)
	at org.testng.TestRunner.run(TestRunner.java:617)
	at org.testng.SuiteRunner.runTest(SuiteRunner.java:334)
	at org.testng.SuiteRunner.runSequentially(SuiteRunner.java:329)
	at org.testng.SuiteRunner.privateRun(SuiteRunner.java:291)
	at org.testng.SuiteRunner.run(SuiteRunner.java:240)
	at org.testng.SuiteRunnerWorker.runSuite(SuiteRunnerWorker.java:52)
	at org.testng.SuiteRunnerWorker.run(SuiteRunnerWorker.java:86)
	at org.testng.TestNG.runSuitesSequentially(TestNG.java:1224)
	at org.testng.TestNG.runSuitesLocally(TestNG.java:1149)
	at org.testng.TestNG.run(TestNG.java:1057)
	at org.testng.remote.RemoteTestNG.run(RemoteTestNG.java:127)
	at org.testng.remote.RemoteTestNG.initAndRun(RemoteTestNG.java:247)
	at org.testng.remote.RemoteTestNG.runTestNG(RemoteTestNG.java:216)
	at org.testng.yonyou.TestNGClientSocketHandler.run(TestNGClientSocketHandler.java:35)
]]>
    </failure>
  </testcase> <!-- forwardWorkflow -->
</testsuite> <!-- nc.tc.uap.workflow.admin.IWFEngineServiceTest -->
