<?xml version="1.0" encoding="UTF-8"?>
<testng-results skipped="71" failed="0" total="71" passed="0">
  <reporter-output>
  </reporter-output>
  <suite name="Default suite" duration-ms="8375" started-at="2013-06-03T06:55:11Z" finished-at="2013-06-03T06:55:19Z">
    <groups>
      <group name="">
        <method signature="IWFEngineServiceTest.afterAddSign(java.util.Map)[pri:0, instance:nc.tc.uap.workflow.admin.IWFEngineServiceTest@167436c]" name="afterAddSign" class="nc.tc.uap.workflow.admin.IWFEngineServiceTest"/>
        <method signature="IWFEngineServiceTest.beforeAddSign(java.util.Map)[pri:0, instance:nc.tc.uap.workflow.admin.IWFEngineServiceTest@167436c]" name="beforeAddSign" class="nc.tc.uap.workflow.admin.IWFEngineServiceTest"/>
        <method signature="IWFEngineServiceTest.cancelSubmitWorkflow(java.util.Map)[pri:0, instance:nc.tc.uap.workflow.admin.IWFEngineServiceTest@167436c]" name="cancelSubmitWorkflow" class="nc.tc.uap.workflow.admin.IWFEngineServiceTest"/>
        <method signature="IWFEngineServiceTest.checkUnfinishedWorkitem(java.util.Map)[pri:0, instance:nc.tc.uap.workflow.admin.IWFEngineServiceTest@167436c]" name="checkUnfinishedWorkitem" class="nc.tc.uap.workflow.admin.IWFEngineServiceTest"/>
        <method signature="IWFEngineServiceTest.delegateTask(java.util.Map)[pri:0, instance:nc.tc.uap.workflow.admin.IWFEngineServiceTest@167436c]" name="delegateTask" class="nc.tc.uap.workflow.admin.IWFEngineServiceTest"/>
        <method signature="IWFEngineServiceTest.forwardWorkflow(java.util.Map)[pri:0, instance:nc.tc.uap.workflow.admin.IWFEngineServiceTest@167436c]" name="forwardWorkflow" class="nc.tc.uap.workflow.admin.IWFEngineServiceTest"/>
        <method signature="IWFEngineServiceTest.getTasks(java.util.Map)[pri:0, instance:nc.tc.uap.workflow.admin.IWFEngineServiceTest@167436c]" name="getTasks" class="nc.tc.uap.workflow.admin.IWFEngineServiceTest"/>
        <method signature="IWFEngineServiceTest.getWorkflowComplex(java.util.Map)[pri:0, instance:nc.tc.uap.workflow.admin.IWFEngineServiceTest@167436c]" name="getWorkflowComplex" class="nc.tc.uap.workflow.admin.IWFEngineServiceTest"/>
        <method signature="IWFEngineServiceTest.getWorkflowItemsOnStart(java.util.Map)[pri:0, instance:nc.tc.uap.workflow.admin.IWFEngineServiceTest@167436c]" name="getWorkflowItemsOnStart" class="nc.tc.uap.workflow.admin.IWFEngineServiceTest"/>
        <method signature="IWFEngineServiceTest.getWorkitem(java.util.Map)[pri:0, instance:nc.tc.uap.workflow.admin.IWFEngineServiceTest@167436c]" name="getWorkitem" class="nc.tc.uap.workflow.admin.IWFEngineServiceTest"/>
        <method signature="IWFEngineServiceTest.rollbackWorkflow(java.util.Map)[pri:0, instance:nc.tc.uap.workflow.admin.IWFEngineServiceTest@167436c]" name="rollbackWorkflow" class="nc.tc.uap.workflow.admin.IWFEngineServiceTest"/>
        <method signature="IWFEngineServiceTest.signalWorkflow(java.util.Map)[pri:0, instance:nc.tc.uap.workflow.admin.IWFEngineServiceTest@167436c]" name="signalWorkflow" class="nc.tc.uap.workflow.admin.IWFEngineServiceTest"/>
        <method signature="IWFEngineServiceTest.startWorkflow(java.util.Map)[pri:0, instance:nc.tc.uap.workflow.admin.IWFEngineServiceTest@167436c]" name="startWorkflow" class="nc.tc.uap.workflow.admin.IWFEngineServiceTest"/>
      </group> <!--  -->
    </groups>
    <test name="Default test" duration-ms="8375" started-at="2013-06-03T06:55:11Z" finished-at="2013-06-03T06:55:19Z">
      <class name="nc.tc.uap.workflow.admin.IWFEngineServiceTest">
        <test-method status="PASS" signature="baseBeforeSuite()[pri:0, instance:nc.tc.uap.workflow.admin.IWFEngineServiceTest@167436c]" name="baseBeforeSuite" is-config="true" duration-ms="156" started-at="2013-06-03T14:55:11Z" finished-at="2013-06-03T14:55:11Z">
          <reporter-output>
          </reporter-output>
        </test-method> <!-- baseBeforeSuite -->
        <test-method status="PASS" signature="beforeClass()[pri:0, instance:nc.tc.uap.workflow.admin.IWFEngineServiceTest@167436c]" name="beforeClass" is-config="true" duration-ms="0" started-at="2013-06-03T14:55:11Z" finished-at="2013-06-03T14:55:11Z">
          <reporter-output>
          </reporter-output>
        </test-method> <!-- beforeClass -->
        <test-method status="FAIL" signature="BeforeClass()[pri:0, instance:nc.tc.uap.workflow.admin.IWFEngineServiceTest@167436c]" name="BeforeClass" is-config="true" duration-ms="0" started-at="2013-06-03T14:55:11Z" finished-at="2013-06-03T14:55:11Z">
          <exception class="nc.bs.framework.exception.ComponentNotFoundException">
            <message>
              <![CDATA[Component: uap.workflow.admin.IWFEngineService,Detail Message: The tx component: uap.workflow.admin.IWFEngineService is not found in jndi  please deploy it!} jndiName: uap.workflow.admin.IWFEngineService meta: null]]>
            </message>
            <full-stacktrace>
              <![CDATA[nc.bs.framework.exception.ComponentNotFoundException: Component: uap.workflow.admin.IWFEngineService,Detail Message: The tx component: uap.workflow.admin.IWFEngineService is not found in jndi  please deploy it!} jndiName: uap.workflow.admin.IWFEngineService meta: null
	at nc.bs.framework.server.AbstractContext.lookup(AbstractContext.java:161)
	at nc.bs.framework.server.BusinessAppServer$3.lookup(BusinessAppServer.java:1089)
	at nc.bs.framework.server.ServerNCLocator.lookup(ServerNCLocator.java:21)
	at nc.bs.framework.common.NCLocator.lookup(NCLocator.java:154)
	at nc.tc.uap.workflow.admin.IWFEngineServiceTest.BeforeClass(IWFEngineServiceTest.java:81)
	at sun.reflect.NativeMethodAccessorImpl.invoke0(Native Method)
	at sun.reflect.NativeMethodAccessorImpl.invoke(NativeMethodAccessorImpl.java:39)
	at sun.reflect.DelegatingMethodAccessorImpl.invoke(DelegatingMethodAccessorImpl.java:25)
	at java.lang.reflect.Method.invoke(Method.java:597)
	at org.testng.internal.MethodInvocationHelper.invokeMethod(MethodInvocationHelper.java:84)
	at org.testng.internal.Invoker.invokeConfigurationMethod(Invoker.java:564)
	at org.testng.internal.Invoker.invokeConfigurations(Invoker.java:213)
	at org.testng.internal.Invoker.invokeConfigurations(Invoker.java:138)
	at org.testng.internal.TestMethodWorker.invokeBeforeClassMethods(TestMethodWorker.java:175)
	at org.testng.internal.TestMethodWorker.run(TestMethodWorker.java:107)
	at org.testng.TestRunner.privateRun(TestRunner.java:767)
	at org.testng.TestRunner.run(TestRunner.java:617)
	at org.testng.SuiteRunner.runTest(SuiteRunner.java:334)
	at org.testng.SuiteRunner.runSequentially(SuiteRunner.java:329)
	at org.testng.SuiteRunner.privateRun(SuiteRunner.java:291)
	at org.testng.SuiteRunner.run(SuiteRunner.java:240)
	at org.testng.SuiteRunnerWorker.runSuite(SuiteRunnerWorker.java:52)
	at org.testng.SuiteRunnerWorker.run(SuiteRunnerWorker.java:86)
	at org.testng.TestNG.runSuitesSequentially(TestNG.java:1224)
	at org.testng.TestNG.runSuitesLocally(TestNG.java:1149)
	at org.testng.TestNG.run(TestNG.java:1057)
	at org.testng.remote.RemoteTestNG.run(RemoteTestNG.java:127)
	at org.testng.remote.RemoteTestNG.initAndRun(RemoteTestNG.java:247)
	at org.testng.remote.RemoteTestNG.runTestNG(RemoteTestNG.java:216)
	at org.testng.yonyou.TestNGClientSocketHandler.run(TestNGClientSocketHandler.java:35)
]]>
            </full-stacktrace>
          </exception> <!-- nc.bs.framework.exception.ComponentNotFoundException -->
          <reporter-output>
          </reporter-output>
        </test-method> <!-- BeforeClass -->
        <test-method status="SKIP" signature="BeforeMethod()[pri:0, instance:nc.tc.uap.workflow.admin.IWFEngineServiceTest@167436c]" name="BeforeMethod" is-config="true" duration-ms="0" started-at="2013-06-03T14:55:11Z" finished-at="2013-06-03T14:55:11Z">
          <reporter-output>
          </reporter-output>
        </test-method> <!-- BeforeMethod -->
        <test-method status="SKIP" signature="baseBeforeMethod(java.lang.reflect.Method)[pri:0, instance:nc.tc.uap.workflow.admin.IWFEngineServiceTest@167436c]" name="baseBeforeMethod" is-config="true" duration-ms="0" started-at="2013-06-03T14:55:11Z" finished-at="2013-06-03T14:55:11Z">
          <reporter-output>
          </reporter-output>
        </test-method> <!-- baseBeforeMethod -->
        <test-method status="SKIP" signature="afterAddSign(java.util.Map)[pri:0, instance:nc.tc.uap.workflow.admin.IWFEngineServiceTest@167436c]" name="afterAddSign" duration-ms="16" started-at="2013-06-03T14:55:11Z" data-provider="dp" finished-at="2013-06-03T14:55:11Z">
          <params>
            <param index="0">
              <value>
                <![CDATA[{referenceid=[1], state_proins=[0], testcase_id=[1001], actionName=[APPROVE], emendEnum=[-1], groupPK=[00012410000000000H12], pk_owner=[1001AA1000000000IHTW], nexttask_num=[1], operator=[1001AA1000000000IHTW], pk_prodef=[0001AA1000000001N45K], state_task=[5], billtype=[10GY], billMaker=[1001AA1000000000IHTW], task_state=[1], checknote=[批准], pk_form_ins=[1001AA1000000000KBHM], description=[正常流程], billNo=[GYS201212190115], billId=[1001AA1000000000KBHM], approveresult=[Y], orgPK=[00012410000000002G2A], autoApproveAfterCommit=[false]}]]>
              </value>
            </param>
          </params>
          <reporter-output>
          </reporter-output>
        </test-method> <!-- afterAddSign -->
        <test-method status="SKIP" signature="AfterMethod()[pri:0, instance:nc.tc.uap.workflow.admin.IWFEngineServiceTest@167436c]" name="AfterMethod" is-config="true" duration-ms="0" started-at="2013-06-03T14:55:11Z" finished-at="2013-06-03T14:55:11Z">
          <reporter-output>
          </reporter-output>
        </test-method> <!-- AfterMethod -->
        <test-method status="SKIP" signature="baseAfterMethod(org.testng.ITestResult)[pri:0, instance:nc.tc.uap.workflow.admin.IWFEngineServiceTest@167436c]" name="baseAfterMethod" is-config="true" duration-ms="0" started-at="2013-06-03T14:55:11Z" finished-at="2013-06-03T14:55:11Z">
          <reporter-output>
          </reporter-output>
        </test-method> <!-- baseAfterMethod -->
        <test-method status="SKIP" signature="beforeAddSign(java.util.Map)[pri:0, instance:nc.tc.uap.workflow.admin.IWFEngineServiceTest@167436c]" name="beforeAddSign" duration-ms="0" started-at="2013-06-03T14:55:12Z" data-provider="dp" finished-at="2013-06-03T14:55:12Z">
          <params>
            <param index="0">
              <value>
                <![CDATA[{referenceid=[1], state_proins=[0], testcase_id=[1001], actionName=[APPROVE], emendEnum=[-1], groupPK=[00012410000000000H12], pk_owner=[1001AA1000000000IHTW], nexttask_num=[1], operator=[1001AA1000000000IHTW], pk_prodef=[0001AA1000000001N45K], state_task=[5], billtype=[10GY], billMaker=[1001AA1000000000IHTW], task_state=[1], checknote=[批准], pk_form_ins=[1001AA1000000000KBHM], description=[正常流程], billNo=[GYS201212190115], billId=[1001AA1000000000KBHM], approveresult=[Y], orgPK=[00012410000000002G2A], autoApproveAfterCommit=[false]}]]>
              </value>
            </param>
          </params>
          <reporter-output>
          </reporter-output>
        </test-method> <!-- beforeAddSign -->
        <test-method status="SKIP" signature="AfterMethod()[pri:0, instance:nc.tc.uap.workflow.admin.IWFEngineServiceTest@167436c]" name="AfterMethod" is-config="true" duration-ms="0" started-at="2013-06-03T14:55:12Z" finished-at="2013-06-03T14:55:12Z">
          <reporter-output>
          </reporter-output>
        </test-method> <!-- AfterMethod -->
        <test-method status="SKIP" signature="baseBeforeMethod(java.lang.reflect.Method)[pri:0, instance:nc.tc.uap.workflow.admin.IWFEngineServiceTest@167436c]" name="baseBeforeMethod" is-config="true" duration-ms="0" started-at="2013-06-03T14:55:12Z" finished-at="2013-06-03T14:55:12Z">
          <reporter-output>
          </reporter-output>
        </test-method> <!-- baseBeforeMethod -->
        <test-method status="SKIP" signature="BeforeMethod()[pri:0, instance:nc.tc.uap.workflow.admin.IWFEngineServiceTest@167436c]" name="BeforeMethod" is-config="true" duration-ms="0" started-at="2013-06-03T14:55:12Z" finished-at="2013-06-03T14:55:12Z">
          <reporter-output>
          </reporter-output>
        </test-method> <!-- BeforeMethod -->
        <test-method status="SKIP" signature="BeforeMethod()[pri:0, instance:nc.tc.uap.workflow.admin.IWFEngineServiceTest@167436c]" name="BeforeMethod" is-config="true" duration-ms="0" started-at="2013-06-03T14:55:12Z" finished-at="2013-06-03T14:55:12Z">
          <reporter-output>
          </reporter-output>
        </test-method> <!-- BeforeMethod -->
        <test-method status="SKIP" signature="AfterMethod()[pri:0, instance:nc.tc.uap.workflow.admin.IWFEngineServiceTest@167436c]" name="AfterMethod" is-config="true" duration-ms="0" started-at="2013-06-03T14:55:12Z" finished-at="2013-06-03T14:55:12Z">
          <reporter-output>
          </reporter-output>
        </test-method> <!-- AfterMethod -->
        <test-method status="SKIP" signature="baseAfterMethod(org.testng.ITestResult)[pri:0, instance:nc.tc.uap.workflow.admin.IWFEngineServiceTest@167436c]" name="baseAfterMethod" is-config="true" duration-ms="0" started-at="2013-06-03T14:55:12Z" finished-at="2013-06-03T14:55:12Z">
          <reporter-output>
          </reporter-output>
        </test-method> <!-- baseAfterMethod -->
        <test-method status="SKIP" signature="beforeAddSign(java.util.Map)[pri:0, instance:nc.tc.uap.workflow.admin.IWFEngineServiceTest@167436c]" name="beforeAddSign" duration-ms="0" started-at="2013-06-03T14:55:12Z" data-provider="dp" finished-at="2013-06-03T14:55:12Z">
          <params>
            <param index="0">
              <value>
                <![CDATA[{referenceid=[2], state_proins=[0], testcase_id=[1011], actionName=[APPROVE], emendEnum=[-1], groupPK=[00012410000000000H12], pk_owner=[1001AA1000000000IHTW], nexttask_num=[1], operator=[1001AA1000000000IHTW], pk_prodef=[0001AA1000000001N45K], state_task=[5], billtype=[10GY], billMaker=[1001AA1000000000IHTW], task_state=[1], checknote=[批准], pk_form_ins=[1001AA1000000000KBHM], description=[正常流程], billNo=[GYS201212190115], billId=[1001AA1000000000KBHM], approveresult=[Y], orgPK=[00012410000000002G2A], autoApproveAfterCommit=[false]}]]>
              </value>
            </param>
          </params>
          <reporter-output>
          </reporter-output>
        </test-method> <!-- beforeAddSign -->
        <test-method status="SKIP" signature="baseAfterMethod(org.testng.ITestResult)[pri:0, instance:nc.tc.uap.workflow.admin.IWFEngineServiceTest@167436c]" name="baseAfterMethod" is-config="true" duration-ms="0" started-at="2013-06-03T14:55:12Z" finished-at="2013-06-03T14:55:12Z">
          <reporter-output>
          </reporter-output>
        </test-method> <!-- baseAfterMethod -->
        <test-method status="SKIP" signature="baseBeforeMethod(java.lang.reflect.Method)[pri:0, instance:nc.tc.uap.workflow.admin.IWFEngineServiceTest@167436c]" name="baseBeforeMethod" is-config="true" duration-ms="0" started-at="2013-06-03T14:55:12Z" finished-at="2013-06-03T14:55:12Z">
          <reporter-output>
          </reporter-output>
        </test-method> <!-- baseBeforeMethod -->
        <test-method status="SKIP" signature="baseBeforeMethod(java.lang.reflect.Method)[pri:0, instance:nc.tc.uap.workflow.admin.IWFEngineServiceTest@167436c]" name="baseBeforeMethod" is-config="true" duration-ms="0" started-at="2013-06-03T14:55:13Z" finished-at="2013-06-03T14:55:13Z">
          <reporter-output>
          </reporter-output>
        </test-method> <!-- baseBeforeMethod -->
        <test-method status="SKIP" signature="BeforeMethod()[pri:0, instance:nc.tc.uap.workflow.admin.IWFEngineServiceTest@167436c]" name="BeforeMethod" is-config="true" duration-ms="0" started-at="2013-06-03T14:55:13Z" finished-at="2013-06-03T14:55:13Z">
          <reporter-output>
          </reporter-output>
        </test-method> <!-- BeforeMethod -->
        <test-method status="SKIP" signature="BeforeMethod()[pri:0, instance:nc.tc.uap.workflow.admin.IWFEngineServiceTest@167436c]" name="BeforeMethod" is-config="true" duration-ms="0" started-at="2013-06-03T14:55:13Z" finished-at="2013-06-03T14:55:13Z">
          <reporter-output>
          </reporter-output>
        </test-method> <!-- BeforeMethod -->
        <test-method status="SKIP" signature="AfterMethod()[pri:0, instance:nc.tc.uap.workflow.admin.IWFEngineServiceTest@167436c]" name="AfterMethod" is-config="true" duration-ms="0" started-at="2013-06-03T14:55:13Z" finished-at="2013-06-03T14:55:13Z">
          <reporter-output>
          </reporter-output>
        </test-method> <!-- AfterMethod -->
        <test-method status="SKIP" signature="AfterMethod()[pri:0, instance:nc.tc.uap.workflow.admin.IWFEngineServiceTest@167436c]" name="AfterMethod" is-config="true" duration-ms="0" started-at="2013-06-03T14:55:13Z" finished-at="2013-06-03T14:55:13Z">
          <reporter-output>
          </reporter-output>
        </test-method> <!-- AfterMethod -->
        <test-method status="SKIP" signature="baseBeforeMethod(java.lang.reflect.Method)[pri:0, instance:nc.tc.uap.workflow.admin.IWFEngineServiceTest@167436c]" name="baseBeforeMethod" is-config="true" duration-ms="0" started-at="2013-06-03T14:55:13Z" finished-at="2013-06-03T14:55:13Z">
          <reporter-output>
          </reporter-output>
        </test-method> <!-- baseBeforeMethod -->
        <test-method status="SKIP" signature="baseAfterMethod(org.testng.ITestResult)[pri:0, instance:nc.tc.uap.workflow.admin.IWFEngineServiceTest@167436c]" name="baseAfterMethod" is-config="true" duration-ms="0" started-at="2013-06-03T14:55:13Z" finished-at="2013-06-03T14:55:13Z">
          <reporter-output>
          </reporter-output>
        </test-method> <!-- baseAfterMethod -->
        <test-method status="SKIP" signature="baseAfterMethod(org.testng.ITestResult)[pri:0, instance:nc.tc.uap.workflow.admin.IWFEngineServiceTest@167436c]" name="baseAfterMethod" is-config="true" duration-ms="0" started-at="2013-06-03T14:55:13Z" finished-at="2013-06-03T14:55:13Z">
          <reporter-output>
          </reporter-output>
        </test-method> <!-- baseAfterMethod -->
        <test-method status="SKIP" signature="cancelSubmitWorkflow(java.util.Map)[pri:0, instance:nc.tc.uap.workflow.admin.IWFEngineServiceTest@167436c]" name="cancelSubmitWorkflow" duration-ms="0" started-at="2013-06-03T14:55:13Z" data-provider="dp" finished-at="2013-06-03T14:55:13Z">
          <params>
            <param index="0">
              <value>
                <![CDATA[{referenceid=[2], state_proins=[0], testcase_id=[1011], actionName=[APPROVE], emendEnum=[-1], groupPK=[00012410000000000H12], pk_owner=[1001AA1000000000IHTW], nexttask_num=[1], operator=[1001AA1000000000IHTW], pk_prodef=[0001AA1000000001N45K], state_task=[5], billtype=[10GY], billMaker=[1001AA1000000000IHTW], task_state=[1], checknote=[批准], pk_form_ins=[1001AA1000000000KBHM], description=[正常流程], billNo=[GYS201212190115], billId=[1001AA1000000000KBHM], approveresult=[Y], orgPK=[00012410000000002G2A], autoApproveAfterCommit=[false]}]]>
              </value>
            </param>
          </params>
          <reporter-output>
          </reporter-output>
        </test-method> <!-- cancelSubmitWorkflow -->
        <test-method status="SKIP" signature="cancelSubmitWorkflow(java.util.Map)[pri:0, instance:nc.tc.uap.workflow.admin.IWFEngineServiceTest@167436c]" name="cancelSubmitWorkflow" duration-ms="0" started-at="2013-06-03T14:55:13Z" data-provider="dp" finished-at="2013-06-03T14:55:13Z">
          <params>
            <param index="0">
              <value>
                <![CDATA[{referenceid=[1], state_proins=[0], testcase_id=[1001], actionName=[APPROVE], emendEnum=[-1], groupPK=[00012410000000000H12], pk_owner=[1001AA1000000000IHTW], nexttask_num=[1], operator=[1001AA1000000000IHTW], pk_prodef=[0001AA1000000001N45K], state_task=[5], billtype=[10GY], billMaker=[1001AA1000000000IHTW], task_state=[1], checknote=[批准], pk_form_ins=[1001AA1000000000KBHM], description=[正常流程], billNo=[GYS201212190115], billId=[1001AA1000000000KBHM], approveresult=[Y], orgPK=[00012410000000002G2A], autoApproveAfterCommit=[false]}]]>
              </value>
            </param>
          </params>
          <reporter-output>
          </reporter-output>
        </test-method> <!-- cancelSubmitWorkflow -->
        <test-method status="SKIP" signature="AfterMethod()[pri:0, instance:nc.tc.uap.workflow.admin.IWFEngineServiceTest@167436c]" name="AfterMethod" is-config="true" duration-ms="0" started-at="2013-06-03T14:55:13Z" finished-at="2013-06-03T14:55:13Z">
          <reporter-output>
          </reporter-output>
        </test-method> <!-- AfterMethod -->
        <test-method status="SKIP" signature="BeforeMethod()[pri:0, instance:nc.tc.uap.workflow.admin.IWFEngineServiceTest@167436c]" name="BeforeMethod" is-config="true" duration-ms="0" started-at="2013-06-03T14:55:13Z" finished-at="2013-06-03T14:55:13Z">
          <reporter-output>
          </reporter-output>
        </test-method> <!-- BeforeMethod -->
        <test-method status="SKIP" signature="baseBeforeMethod(java.lang.reflect.Method)[pri:0, instance:nc.tc.uap.workflow.admin.IWFEngineServiceTest@167436c]" name="baseBeforeMethod" is-config="true" duration-ms="0" started-at="2013-06-03T14:55:13Z" finished-at="2013-06-03T14:55:13Z">
          <reporter-output>
          </reporter-output>
        </test-method> <!-- baseBeforeMethod -->
        <test-method status="SKIP" signature="baseAfterMethod(org.testng.ITestResult)[pri:0, instance:nc.tc.uap.workflow.admin.IWFEngineServiceTest@167436c]" name="baseAfterMethod" is-config="true" duration-ms="0" started-at="2013-06-03T14:55:13Z" finished-at="2013-06-03T14:55:13Z">
          <reporter-output>
          </reporter-output>
        </test-method> <!-- baseAfterMethod -->
        <test-method status="SKIP" signature="baseAfterMethod(org.testng.ITestResult)[pri:0, instance:nc.tc.uap.workflow.admin.IWFEngineServiceTest@167436c]" name="baseAfterMethod" is-config="true" duration-ms="0" started-at="2013-06-03T14:55:13Z" finished-at="2013-06-03T14:55:13Z">
          <reporter-output>
          </reporter-output>
        </test-method> <!-- baseAfterMethod -->
        <test-method status="SKIP" signature="checkUnfinishedWorkitem(java.util.Map)[pri:0, instance:nc.tc.uap.workflow.admin.IWFEngineServiceTest@167436c]" name="checkUnfinishedWorkitem" duration-ms="0" started-at="2013-06-03T14:55:13Z" data-provider="dp" finished-at="2013-06-03T14:55:13Z">
          <params>
            <param index="0">
              <value>
                <![CDATA[{referenceid=[2], state_proins=[0], testcase_id=[1011], actionName=[APPROVE], emendEnum=[-1], groupPK=[00012410000000000H12], pk_owner=[1001AA1000000000IHTW], nexttask_num=[1], operator=[1001AA1000000000IHTW], pk_prodef=[0001AA1000000001N45K], state_task=[5], billtype=[10GY], billMaker=[1001AA1000000000IHTW], task_state=[1], checknote=[批准], pk_form_ins=[1001AA1000000000KBHM], description=[正常流程], billNo=[GYS201212190115], billId=[1001AA1000000000KBHM], approveresult=[Y], orgPK=[00012410000000002G2A], autoApproveAfterCommit=[false]}]]>
              </value>
            </param>
          </params>
          <reporter-output>
          </reporter-output>
        </test-method> <!-- checkUnfinishedWorkitem -->
        <test-method status="SKIP" signature="baseBeforeMethod(java.lang.reflect.Method)[pri:0, instance:nc.tc.uap.workflow.admin.IWFEngineServiceTest@167436c]" name="baseBeforeMethod" is-config="true" duration-ms="0" started-at="2013-06-03T14:55:13Z" finished-at="2013-06-03T14:55:13Z">
          <reporter-output>
          </reporter-output>
        </test-method> <!-- baseBeforeMethod -->
        <test-method status="SKIP" signature="BeforeMethod()[pri:0, instance:nc.tc.uap.workflow.admin.IWFEngineServiceTest@167436c]" name="BeforeMethod" is-config="true" duration-ms="0" started-at="2013-06-03T14:55:13Z" finished-at="2013-06-03T14:55:13Z">
          <reporter-output>
          </reporter-output>
        </test-method> <!-- BeforeMethod -->
        <test-method status="SKIP" signature="AfterMethod()[pri:0, instance:nc.tc.uap.workflow.admin.IWFEngineServiceTest@167436c]" name="AfterMethod" is-config="true" duration-ms="0" started-at="2013-06-03T14:55:13Z" finished-at="2013-06-03T14:55:13Z">
          <reporter-output>
          </reporter-output>
        </test-method> <!-- AfterMethod -->
        <test-method status="SKIP" signature="checkUnfinishedWorkitem(java.util.Map)[pri:0, instance:nc.tc.uap.workflow.admin.IWFEngineServiceTest@167436c]" name="checkUnfinishedWorkitem" duration-ms="0" started-at="2013-06-03T14:55:13Z" data-provider="dp" finished-at="2013-06-03T14:55:13Z">
          <params>
            <param index="0">
              <value>
                <![CDATA[{referenceid=[1], state_proins=[0], testcase_id=[1001], actionName=[APPROVE], emendEnum=[-1], groupPK=[00012410000000000H12], pk_owner=[1001AA1000000000IHTW], nexttask_num=[1], operator=[1001AA1000000000IHTW], pk_prodef=[0001AA1000000001N45K], state_task=[5], billtype=[10GY], billMaker=[1001AA1000000000IHTW], task_state=[1], checknote=[批准], pk_form_ins=[1001AA1000000000KBHM], description=[正常流程], billNo=[GYS201212190115], billId=[1001AA1000000000KBHM], approveresult=[Y], orgPK=[00012410000000002G2A], autoApproveAfterCommit=[false]}]]>
              </value>
            </param>
          </params>
          <reporter-output>
          </reporter-output>
        </test-method> <!-- checkUnfinishedWorkitem -->
        <test-method status="SKIP" signature="BeforeMethod()[pri:0, instance:nc.tc.uap.workflow.admin.IWFEngineServiceTest@167436c]" name="BeforeMethod" is-config="true" duration-ms="0" started-at="2013-06-03T14:55:14Z" finished-at="2013-06-03T14:55:14Z">
          <reporter-output>
          </reporter-output>
        </test-method> <!-- BeforeMethod -->
        <test-method status="SKIP" signature="baseBeforeMethod(java.lang.reflect.Method)[pri:0, instance:nc.tc.uap.workflow.admin.IWFEngineServiceTest@167436c]" name="baseBeforeMethod" is-config="true" duration-ms="0" started-at="2013-06-03T14:55:14Z" finished-at="2013-06-03T14:55:14Z">
          <reporter-output>
          </reporter-output>
        </test-method> <!-- baseBeforeMethod -->
        <test-method status="SKIP" signature="delegateTask(java.util.Map)[pri:0, instance:nc.tc.uap.workflow.admin.IWFEngineServiceTest@167436c]" name="delegateTask" duration-ms="15" started-at="2013-06-03T14:55:14Z" data-provider="dp" finished-at="2013-06-03T14:55:14Z">
          <params>
            <param index="0">
              <value>
                <![CDATA[{referenceid=[1], turnUserPks=[1001AA1000000000II1L], state_proins=[0], testcase_id=[1001], actionName=[APPROVE], emendEnum=[-1], groupPK=[00012410000000000H12], pk_owner=[1001AA1000000000IHTW], nexttask_num=[1], operator=[1001AA1000000000IHTW], pk_prodef=[0001AA1000000001N45K], state_task=[5], billtype=[10GY], billMaker=[1001AA1000000000IHTW], task_state=[1], checknote=[批准], pk_form_ins=[1001AA1000000000KBHM], billNo=[GYS201212190115], description=[正常流程], currentUserId=[1001AA1000000000IHTW], billId=[1001AA1000000000KBHM], approveresult=[Y], orgPK=[00012410000000002G2A], autoApproveAfterCommit=[false]}]]>
              </value>
            </param>
          </params>
          <reporter-output>
          </reporter-output>
        </test-method> <!-- delegateTask -->
        <test-method status="SKIP" signature="AfterMethod()[pri:0, instance:nc.tc.uap.workflow.admin.IWFEngineServiceTest@167436c]" name="AfterMethod" is-config="true" duration-ms="0" started-at="2013-06-03T14:55:14Z" finished-at="2013-06-03T14:55:14Z">
          <reporter-output>
          </reporter-output>
        </test-method> <!-- AfterMethod -->
        <test-method status="SKIP" signature="baseAfterMethod(org.testng.ITestResult)[pri:0, instance:nc.tc.uap.workflow.admin.IWFEngineServiceTest@167436c]" name="baseAfterMethod" is-config="true" duration-ms="0" started-at="2013-06-03T14:55:14Z" finished-at="2013-06-03T14:55:14Z">
          <reporter-output>
          </reporter-output>
        </test-method> <!-- baseAfterMethod -->
        <test-method status="SKIP" signature="baseBeforeMethod(java.lang.reflect.Method)[pri:0, instance:nc.tc.uap.workflow.admin.IWFEngineServiceTest@167436c]" name="baseBeforeMethod" is-config="true" duration-ms="0" started-at="2013-06-03T14:55:14Z" finished-at="2013-06-03T14:55:14Z">
          <reporter-output>
          </reporter-output>
        </test-method> <!-- baseBeforeMethod -->
        <test-method status="SKIP" signature="delegateTask(java.util.Map)[pri:0, instance:nc.tc.uap.workflow.admin.IWFEngineServiceTest@167436c]" name="delegateTask" duration-ms="0" started-at="2013-06-03T14:55:14Z" data-provider="dp" finished-at="2013-06-03T14:55:14Z">
          <params>
            <param index="0">
              <value>
                <![CDATA[{referenceid=[1], turnUserPks=[1001AA1000000000II1L], state_proins=[0], testcase_id=[1001], actionName=[APPROVE], emendEnum=[-1], groupPK=[00012410000000000H12], pk_owner=[1001AA1000000000IHTW], nexttask_num=[1], operator=[1001AA1000000000IHTW], pk_prodef=[0001AA1000000001N45K], state_task=[5], billtype=[10GY], billMaker=[1001AA1000000000IHTW], task_state=[1], checknote=[批准], pk_form_ins=[1001AA1000000000KBHM], billNo=[GYS201212190115], description=[正常流程], currentUserId=[1001AA1000000000IHTW], billId=[1001AA1000000000KBHM], approveresult=[Y], orgPK=[00012410000000002G2A], autoApproveAfterCommit=[false]}]]>
              </value>
            </param>
          </params>
          <reporter-output>
          </reporter-output>
        </test-method> <!-- delegateTask -->
        <test-method status="SKIP" signature="BeforeMethod()[pri:0, instance:nc.tc.uap.workflow.admin.IWFEngineServiceTest@167436c]" name="BeforeMethod" is-config="true" duration-ms="0" started-at="2013-06-03T14:55:14Z" finished-at="2013-06-03T14:55:14Z">
          <reporter-output>
          </reporter-output>
        </test-method> <!-- BeforeMethod -->
        <test-method status="SKIP" signature="baseAfterMethod(org.testng.ITestResult)[pri:0, instance:nc.tc.uap.workflow.admin.IWFEngineServiceTest@167436c]" name="baseAfterMethod" is-config="true" duration-ms="0" started-at="2013-06-03T14:55:14Z" finished-at="2013-06-03T14:55:14Z">
          <reporter-output>
          </reporter-output>
        </test-method> <!-- baseAfterMethod -->
        <test-method status="SKIP" signature="AfterMethod()[pri:0, instance:nc.tc.uap.workflow.admin.IWFEngineServiceTest@167436c]" name="AfterMethod" is-config="true" duration-ms="0" started-at="2013-06-03T14:55:14Z" finished-at="2013-06-03T14:55:14Z">
          <reporter-output>
          </reporter-output>
        </test-method> <!-- AfterMethod -->
        <test-method status="SKIP" signature="forwardWorkflow(java.util.Map)[pri:0, instance:nc.tc.uap.workflow.admin.IWFEngineServiceTest@167436c]" name="forwardWorkflow" duration-ms="0" started-at="2013-06-03T14:55:14Z" data-provider="dp" finished-at="2013-06-03T14:55:14Z">
          <params>
            <param index="0">
              <value>
                <![CDATA[{referenceid=[null], state_proins=[1], testcase_id=[1006], actionName=[APPROVE], emendEnum=[-1], groupPK=[00012410000000000H12], pk_owner=[1001AA1000000000IHTW], nexttask_num=[0], operator=[1001AA1000000000IHTW], pk_prodef=[null], state_task=[5], billtype=[10GY], billMaker=[1001AA1000000000IHTW], task_state=[1], checknote=[批准], pk_form_ins=[1001AA1000000000KBHM], description=[正常流程], billNo=[GYS201212190115], billId=[1001AA1000000000KBHM], approveresult=[Y], orgPK=[00012410000000002G2A], autoApproveAfterCommit=[false]}]]>
              </value>
            </param>
          </params>
          <reporter-output>
          </reporter-output>
        </test-method> <!-- forwardWorkflow -->
        <test-method status="SKIP" signature="AfterMethod()[pri:0, instance:nc.tc.uap.workflow.admin.IWFEngineServiceTest@167436c]" name="AfterMethod" is-config="true" duration-ms="0" started-at="2013-06-03T14:55:14Z" finished-at="2013-06-03T14:55:14Z">
          <reporter-output>
          </reporter-output>
        </test-method> <!-- AfterMethod -->
        <test-method status="SKIP" signature="baseAfterMethod(org.testng.ITestResult)[pri:0, instance:nc.tc.uap.workflow.admin.IWFEngineServiceTest@167436c]" name="baseAfterMethod" is-config="true" duration-ms="0" started-at="2013-06-03T14:55:14Z" finished-at="2013-06-03T14:55:14Z">
          <reporter-output>
          </reporter-output>
        </test-method> <!-- baseAfterMethod -->
        <test-method status="SKIP" signature="baseBeforeMethod(java.lang.reflect.Method)[pri:0, instance:nc.tc.uap.workflow.admin.IWFEngineServiceTest@167436c]" name="baseBeforeMethod" is-config="true" duration-ms="0" started-at="2013-06-03T14:55:14Z" finished-at="2013-06-03T14:55:14Z">
          <reporter-output>
          </reporter-output>
        </test-method> <!-- baseBeforeMethod -->
        <test-method status="SKIP" signature="baseBeforeMethod(java.lang.reflect.Method)[pri:0, instance:nc.tc.uap.workflow.admin.IWFEngineServiceTest@167436c]" name="baseBeforeMethod" is-config="true" duration-ms="0" started-at="2013-06-03T14:55:14Z" finished-at="2013-06-03T14:55:14Z">
          <reporter-output>
          </reporter-output>
        </test-method> <!-- baseBeforeMethod -->
        <test-method status="SKIP" signature="forwardWorkflow(java.util.Map)[pri:0, instance:nc.tc.uap.workflow.admin.IWFEngineServiceTest@167436c]" name="forwardWorkflow" duration-ms="0" started-at="2013-06-03T14:55:14Z" data-provider="dp" finished-at="2013-06-03T14:55:14Z">
          <params>
            <param index="0">
              <value>
                <![CDATA[{referenceid=[null], state_proins=[0], testcase_id=[1005], actionName=[APPROVE], emendEnum=[-1], groupPK=[00012410000000000H12], pk_owner=[1001AA1000000000IHTW], nexttask_num=[1], operator=[1001AA1000000000IHTW], pk_prodef=[null], state_task=[5], billtype=[10GY], billMaker=[1001AA1000000000IHTW], task_state=[1], checknote=[批准], pk_form_ins=[1001AA1000000000KBHM], description=[正常流程], billNo=[GYS201212190115], billId=[1001AA1000000000KBHM], approveresult=[Y], orgPK=[00012410000000002G2A], autoApproveAfterCommit=[false]}]]>
              </value>
            </param>
          </params>
          <reporter-output>
          </reporter-output>
        </test-method> <!-- forwardWorkflow -->
        <test-method status="SKIP" signature="AfterMethod()[pri:0, instance:nc.tc.uap.workflow.admin.IWFEngineServiceTest@167436c]" name="AfterMethod" is-config="true" duration-ms="0" started-at="2013-06-03T14:55:14Z" finished-at="2013-06-03T14:55:14Z">
          <reporter-output>
          </reporter-output>
        </test-method> <!-- AfterMethod -->
        <test-method status="SKIP" signature="baseAfterMethod(org.testng.ITestResult)[pri:0, instance:nc.tc.uap.workflow.admin.IWFEngineServiceTest@167436c]" name="baseAfterMethod" is-config="true" duration-ms="0" started-at="2013-06-03T14:55:14Z" finished-at="2013-06-03T14:55:14Z">
          <reporter-output>
          </reporter-output>
        </test-method> <!-- baseAfterMethod -->
        <test-method status="SKIP" signature="BeforeMethod()[pri:0, instance:nc.tc.uap.workflow.admin.IWFEngineServiceTest@167436c]" name="BeforeMethod" is-config="true" duration-ms="0" started-at="2013-06-03T14:55:14Z" finished-at="2013-06-03T14:55:14Z">
          <reporter-output>
          </reporter-output>
        </test-method> <!-- BeforeMethod -->
        <test-method status="SKIP" signature="baseAfterMethod(org.testng.ITestResult)[pri:0, instance:nc.tc.uap.workflow.admin.IWFEngineServiceTest@167436c]" name="baseAfterMethod" is-config="true" duration-ms="0" started-at="2013-06-03T14:55:14Z" finished-at="2013-06-03T14:55:14Z">
          <reporter-output>
          </reporter-output>
        </test-method> <!-- baseAfterMethod -->
        <test-method status="SKIP" signature="baseAfterMethod(org.testng.ITestResult)[pri:0, instance:nc.tc.uap.workflow.admin.IWFEngineServiceTest@167436c]" name="baseAfterMethod" is-config="true" duration-ms="0" started-at="2013-06-03T14:55:14Z" finished-at="2013-06-03T14:55:14Z">
          <reporter-output>
          </reporter-output>
        </test-method> <!-- baseAfterMethod -->
        <test-method status="SKIP" signature="BeforeMethod()[pri:0, instance:nc.tc.uap.workflow.admin.IWFEngineServiceTest@167436c]" name="BeforeMethod" is-config="true" duration-ms="0" started-at="2013-06-03T14:55:14Z" finished-at="2013-06-03T14:55:14Z">
          <reporter-output>
          </reporter-output>
        </test-method> <!-- BeforeMethod -->
        <test-method status="SKIP" signature="baseAfterMethod(org.testng.ITestResult)[pri:0, instance:nc.tc.uap.workflow.admin.IWFEngineServiceTest@167436c]" name="baseAfterMethod" is-config="true" duration-ms="0" started-at="2013-06-03T14:55:14Z" finished-at="2013-06-03T14:55:14Z">
          <reporter-output>
          </reporter-output>
        </test-method> <!-- baseAfterMethod -->
        <test-method status="SKIP" signature="AfterMethod()[pri:0, instance:nc.tc.uap.workflow.admin.IWFEngineServiceTest@167436c]" name="AfterMethod" is-config="true" duration-ms="0" started-at="2013-06-03T14:55:14Z" finished-at="2013-06-03T14:55:14Z">
          <reporter-output>
          </reporter-output>
        </test-method> <!-- AfterMethod -->
        <test-method status="SKIP" signature="baseBeforeMethod(java.lang.reflect.Method)[pri:0, instance:nc.tc.uap.workflow.admin.IWFEngineServiceTest@167436c]" name="baseBeforeMethod" is-config="true" duration-ms="0" started-at="2013-06-03T14:55:14Z" finished-at="2013-06-03T14:55:14Z">
          <reporter-output>
          </reporter-output>
        </test-method> <!-- baseBeforeMethod -->
        <test-method status="SKIP" signature="baseBeforeMethod(java.lang.reflect.Method)[pri:0, instance:nc.tc.uap.workflow.admin.IWFEngineServiceTest@167436c]" name="baseBeforeMethod" is-config="true" duration-ms="0" started-at="2013-06-03T14:55:14Z" finished-at="2013-06-03T14:55:14Z">
          <reporter-output>
          </reporter-output>
        </test-method> <!-- baseBeforeMethod -->
        <test-method status="SKIP" signature="AfterMethod()[pri:0, instance:nc.tc.uap.workflow.admin.IWFEngineServiceTest@167436c]" name="AfterMethod" is-config="true" duration-ms="0" started-at="2013-06-03T14:55:14Z" finished-at="2013-06-03T14:55:14Z">
          <reporter-output>
          </reporter-output>
        </test-method> <!-- AfterMethod -->
        <test-method status="SKIP" signature="baseBeforeMethod(java.lang.reflect.Method)[pri:0, instance:nc.tc.uap.workflow.admin.IWFEngineServiceTest@167436c]" name="baseBeforeMethod" is-config="true" duration-ms="0" started-at="2013-06-03T14:55:14Z" finished-at="2013-06-03T14:55:14Z">
          <reporter-output>
          </reporter-output>
        </test-method> <!-- baseBeforeMethod -->
        <test-method status="SKIP" signature="BeforeMethod()[pri:0, instance:nc.tc.uap.workflow.admin.IWFEngineServiceTest@167436c]" name="BeforeMethod" is-config="true" duration-ms="0" started-at="2013-06-03T14:55:14Z" finished-at="2013-06-03T14:55:14Z">
          <reporter-output>
          </reporter-output>
        </test-method> <!-- BeforeMethod -->
        <test-method status="SKIP" signature="AfterMethod()[pri:0, instance:nc.tc.uap.workflow.admin.IWFEngineServiceTest@167436c]" name="AfterMethod" is-config="true" duration-ms="0" started-at="2013-06-03T14:55:14Z" finished-at="2013-06-03T14:55:14Z">
          <reporter-output>
          </reporter-output>
        </test-method> <!-- AfterMethod -->
        <test-method status="SKIP" signature="baseBeforeMethod(java.lang.reflect.Method)[pri:0, instance:nc.tc.uap.workflow.admin.IWFEngineServiceTest@167436c]" name="baseBeforeMethod" is-config="true" duration-ms="0" started-at="2013-06-03T14:55:14Z" finished-at="2013-06-03T14:55:14Z">
          <reporter-output>
          </reporter-output>
        </test-method> <!-- baseBeforeMethod -->
        <test-method status="SKIP" signature="AfterMethod()[pri:0, instance:nc.tc.uap.workflow.admin.IWFEngineServiceTest@167436c]" name="AfterMethod" is-config="true" duration-ms="0" started-at="2013-06-03T14:55:14Z" finished-at="2013-06-03T14:55:14Z">
          <reporter-output>
          </reporter-output>
        </test-method> <!-- AfterMethod -->
        <test-method status="SKIP" signature="BeforeMethod()[pri:0, instance:nc.tc.uap.workflow.admin.IWFEngineServiceTest@167436c]" name="BeforeMethod" is-config="true" duration-ms="0" started-at="2013-06-03T14:55:14Z" finished-at="2013-06-03T14:55:14Z">
          <reporter-output>
          </reporter-output>
        </test-method> <!-- BeforeMethod -->
        <test-method status="SKIP" signature="AfterMethod()[pri:0, instance:nc.tc.uap.workflow.admin.IWFEngineServiceTest@167436c]" name="AfterMethod" is-config="true" duration-ms="0" started-at="2013-06-03T14:55:14Z" finished-at="2013-06-03T14:55:14Z">
          <reporter-output>
          </reporter-output>
        </test-method> <!-- AfterMethod -->
        <test-method status="SKIP" signature="baseAfterMethod(org.testng.ITestResult)[pri:0, instance:nc.tc.uap.workflow.admin.IWFEngineServiceTest@167436c]" name="baseAfterMethod" is-config="true" duration-ms="0" started-at="2013-06-03T14:55:14Z" finished-at="2013-06-03T14:55:14Z">
          <reporter-output>
          </reporter-output>
        </test-method> <!-- baseAfterMethod -->
        <test-method status="SKIP" signature="BeforeMethod()[pri:0, instance:nc.tc.uap.workflow.admin.IWFEngineServiceTest@167436c]" name="BeforeMethod" is-config="true" duration-ms="0" started-at="2013-06-03T14:55:14Z" finished-at="2013-06-03T14:55:14Z">
          <reporter-output>
          </reporter-output>
        </test-method> <!-- BeforeMethod -->
        <test-method status="SKIP" signature="baseBeforeMethod(java.lang.reflect.Method)[pri:0, instance:nc.tc.uap.workflow.admin.IWFEngineServiceTest@167436c]" name="baseBeforeMethod" is-config="true" duration-ms="0" started-at="2013-06-03T14:55:14Z" finished-at="2013-06-03T14:55:14Z">
          <reporter-output>
          </reporter-output>
        </test-method> <!-- baseBeforeMethod -->
        <test-method status="SKIP" signature="BeforeMethod()[pri:0, instance:nc.tc.uap.workflow.admin.IWFEngineServiceTest@167436c]" name="BeforeMethod" is-config="true" duration-ms="0" started-at="2013-06-03T14:55:14Z" finished-at="2013-06-03T14:55:14Z">
          <reporter-output>
          </reporter-output>
        </test-method> <!-- BeforeMethod -->
        <test-method status="SKIP" signature="baseAfterMethod(org.testng.ITestResult)[pri:0, instance:nc.tc.uap.workflow.admin.IWFEngineServiceTest@167436c]" name="baseAfterMethod" is-config="true" duration-ms="0" started-at="2013-06-03T14:55:14Z" finished-at="2013-06-03T14:55:14Z">
          <reporter-output>
          </reporter-output>
        </test-method> <!-- baseAfterMethod -->
        <test-method status="SKIP" signature="BeforeMethod()[pri:0, instance:nc.tc.uap.workflow.admin.IWFEngineServiceTest@167436c]" name="BeforeMethod" is-config="true" duration-ms="0" started-at="2013-06-03T14:55:14Z" finished-at="2013-06-03T14:55:14Z">
          <reporter-output>
          </reporter-output>
        </test-method> <!-- BeforeMethod -->
        <test-method status="SKIP" signature="BeforeMethod()[pri:0, instance:nc.tc.uap.workflow.admin.IWFEngineServiceTest@167436c]" name="BeforeMethod" is-config="true" duration-ms="0" started-at="2013-06-03T14:55:14Z" finished-at="2013-06-03T14:55:14Z">
          <reporter-output>
          </reporter-output>
        </test-method> <!-- BeforeMethod -->
        <test-method status="SKIP" signature="baseBeforeMethod(java.lang.reflect.Method)[pri:0, instance:nc.tc.uap.workflow.admin.IWFEngineServiceTest@167436c]" name="baseBeforeMethod" is-config="true" duration-ms="0" started-at="2013-06-03T14:55:14Z" finished-at="2013-06-03T14:55:14Z">
          <reporter-output>
          </reporter-output>
        </test-method> <!-- baseBeforeMethod -->
        <test-method status="SKIP" signature="BeforeMethod()[pri:0, instance:nc.tc.uap.workflow.admin.IWFEngineServiceTest@167436c]" name="BeforeMethod" is-config="true" duration-ms="0" started-at="2013-06-03T14:55:14Z" finished-at="2013-06-03T14:55:14Z">
          <reporter-output>
          </reporter-output>
        </test-method> <!-- BeforeMethod -->
        <test-method status="SKIP" signature="baseBeforeMethod(java.lang.reflect.Method)[pri:0, instance:nc.tc.uap.workflow.admin.IWFEngineServiceTest@167436c]" name="baseBeforeMethod" is-config="true" duration-ms="0" started-at="2013-06-03T14:55:14Z" finished-at="2013-06-03T14:55:14Z">
          <reporter-output>
          </reporter-output>
        </test-method> <!-- baseBeforeMethod -->
        <test-method status="SKIP" signature="baseAfterMethod(org.testng.ITestResult)[pri:0, instance:nc.tc.uap.workflow.admin.IWFEngineServiceTest@167436c]" name="baseAfterMethod" is-config="true" duration-ms="0" started-at="2013-06-03T14:55:14Z" finished-at="2013-06-03T14:55:14Z">
          <reporter-output>
          </reporter-output>
        </test-method> <!-- baseAfterMethod -->
        <test-method status="SKIP" signature="forwardWorkflow(java.util.Map)[pri:0, instance:nc.tc.uap.workflow.admin.IWFEngineServiceTest@167436c]" name="forwardWorkflow" duration-ms="0" started-at="2013-06-03T14:55:14Z" data-provider="dp" finished-at="2013-06-03T14:55:14Z">
          <params>
            <param index="0">
              <value>
                <![CDATA[{referenceid=[null], state_proins=[0], testcase_id=[1014], actionName=[APPROVE], emendEnum=[-1], groupPK=[00012410000000000H12], pk_owner=[1001AA1000000000IHTW], nexttask_num=[1], operator=[1001AA1000000000IHTW], pk_prodef=[null], state_task=[5], billtype=[10GY], billMaker=[1001AA1000000000IHTW], task_state=[1], checknote=[批准], pk_form_ins=[1001AA1000000000KBHM], description=[正常流程], billNo=[GYS201212190115], billId=[1001AA1000000000KBHM], approveresult=[Y], orgPK=[00012410000000002G2A], autoApproveAfterCommit=[false]}]]>
              </value>
            </param>
          </params>
          <reporter-output>
          </reporter-output>
        </test-method> <!-- forwardWorkflow -->
        <test-method status="SKIP" signature="forwardWorkflow(java.util.Map)[pri:0, instance:nc.tc.uap.workflow.admin.IWFEngineServiceTest@167436c]" name="forwardWorkflow" duration-ms="0" started-at="2013-06-03T14:55:14Z" data-provider="dp" finished-at="2013-06-03T14:55:14Z">
          <params>
            <param index="0">
              <value>
                <![CDATA[{referenceid=[2], state_proins=[0], testcase_id=[1011], actionName=[APPROVE], emendEnum=[-1], groupPK=[00012410000000000H12], pk_owner=[1001AA1000000000IHTW], nexttask_num=[1], operator=[1001AA1000000000IHTW], pk_prodef=[0001AA1000000001N45K], state_task=[5], billtype=[10GY], billMaker=[1001AA1000000000IHTW], task_state=[1], checknote=[批准], pk_form_ins=[1001AA1000000000KBHM], description=[正常流程], billNo=[GYS201212190115], billId=[1001AA1000000000KBHM], approveresult=[Y], orgPK=[00012410000000002G2A], autoApproveAfterCommit=[false]}]]>
              </value>
            </param>
          </params>
          <reporter-output>
          </reporter-output>
        </test-method> <!-- forwardWorkflow -->
        <test-method status="SKIP" signature="AfterMethod()[pri:0, instance:nc.tc.uap.workflow.admin.IWFEngineServiceTest@167436c]" name="AfterMethod" is-config="true" duration-ms="0" started-at="2013-06-03T14:55:14Z" finished-at="2013-06-03T14:55:14Z">
          <reporter-output>
          </reporter-output>
        </test-method> <!-- AfterMethod -->
        <test-method status="SKIP" signature="forwardWorkflow(java.util.Map)[pri:0, instance:nc.tc.uap.workflow.admin.IWFEngineServiceTest@167436c]" name="forwardWorkflow" duration-ms="0" started-at="2013-06-03T14:55:14Z" data-provider="dp" finished-at="2013-06-03T14:55:14Z">
          <params>
            <param index="0">
              <value>
                <![CDATA[{referenceid=[null], state_proins=[0], testcase_id=[1002], actionName=[APPROVE], emendEnum=[-1], groupPK=[00012410000000000H12], pk_owner=[1001AA1000000000IHTW], nexttask_num=[1], operator=[1001AA1000000000IHTW], pk_prodef=[null], state_task=[5], billtype=[10GY], billMaker=[1001AA1000000000IHTW], task_state=[1], checknote=[批准], pk_form_ins=[1001AA1000000000KBHM], description=[正常流程], billNo=[GYS201212190115], billId=[1001AA1000000000KBHM], approveresult=[Y], orgPK=[00012410000000002G2A], autoApproveAfterCommit=[false]}]]>
              </value>
            </param>
          </params>
          <reporter-output>
          </reporter-output>
        </test-method> <!-- forwardWorkflow -->
        <test-method status="SKIP" signature="AfterMethod()[pri:0, instance:nc.tc.uap.workflow.admin.IWFEngineServiceTest@167436c]" name="AfterMethod" is-config="true" duration-ms="0" started-at="2013-06-03T14:55:14Z" finished-at="2013-06-03T14:55:14Z">
          <reporter-output>
          </reporter-output>
        </test-method> <!-- AfterMethod -->
        <test-method status="SKIP" signature="forwardWorkflow(java.util.Map)[pri:0, instance:nc.tc.uap.workflow.admin.IWFEngineServiceTest@167436c]" name="forwardWorkflow" duration-ms="0" started-at="2013-06-03T14:55:14Z" data-provider="dp" finished-at="2013-06-03T14:55:14Z">
          <params>
            <param index="0">
              <value>
                <![CDATA[{referenceid=[1], state_proins=[0], testcase_id=[1001], actionName=[APPROVE], emendEnum=[-1], groupPK=[00012410000000000H12], pk_owner=[1001AA1000000000IHTW], nexttask_num=[1], operator=[1001AA1000000000IHTW], pk_prodef=[0001AA1000000001N45K], state_task=[5], billtype=[10GY], billMaker=[1001AA1000000000IHTW], task_state=[1], checknote=[批准], pk_form_ins=[1001AA1000000000KBHM], description=[正常流程], billNo=[GYS201212190115], billId=[1001AA1000000000KBHM], approveresult=[Y], orgPK=[00012410000000002G2A], autoApproveAfterCommit=[false]}]]>
              </value>
            </param>
          </params>
          <reporter-output>
          </reporter-output>
        </test-method> <!-- forwardWorkflow -->
        <test-method status="SKIP" signature="forwardWorkflow(java.util.Map)[pri:0, instance:nc.tc.uap.workflow.admin.IWFEngineServiceTest@167436c]" name="forwardWorkflow" duration-ms="0" started-at="2013-06-03T14:55:14Z" data-provider="dp" finished-at="2013-06-03T14:55:14Z">
          <params>
            <param index="0">
              <value>
                <![CDATA[{referenceid=[null], state_proins=[0], testcase_id=[1003], actionName=[APPROVE], emendEnum=[-1], groupPK=[00012410000000000H12], pk_owner=[1001AA1000000000IHTW], nexttask_num=[1], operator=[1001AA1000000000IHTW], pk_prodef=[null], state_task=[5], billtype=[10GY], billMaker=[1001AA1000000000IHTW], task_state=[1], checknote=[批准], pk_form_ins=[1001AA1000000000KBHM], description=[正常流程], billNo=[GYS201212190115], billId=[1001AA1000000000KBHM], approveresult=[Y], orgPK=[00012410000000002G2A], autoApproveAfterCommit=[false]}]]>
              </value>
            </param>
          </params>
          <reporter-output>
          </reporter-output>
        </test-method> <!-- forwardWorkflow -->
        <test-method status="SKIP" signature="baseAfterMethod(org.testng.ITestResult)[pri:0, instance:nc.tc.uap.workflow.admin.IWFEngineServiceTest@167436c]" name="baseAfterMethod" is-config="true" duration-ms="0" started-at="2013-06-03T14:55:14Z" finished-at="2013-06-03T14:55:14Z">
          <reporter-output>
          </reporter-output>
        </test-method> <!-- baseAfterMethod -->
        <test-method status="SKIP" signature="AfterMethod()[pri:0, instance:nc.tc.uap.workflow.admin.IWFEngineServiceTest@167436c]" name="AfterMethod" is-config="true" duration-ms="0" started-at="2013-06-03T14:55:14Z" finished-at="2013-06-03T14:55:14Z">
          <reporter-output>
          </reporter-output>
        </test-method> <!-- AfterMethod -->
        <test-method status="SKIP" signature="forwardWorkflow(java.util.Map)[pri:0, instance:nc.tc.uap.workflow.admin.IWFEngineServiceTest@167436c]" name="forwardWorkflow" duration-ms="0" started-at="2013-06-03T14:55:14Z" data-provider="dp" finished-at="2013-06-03T14:55:14Z">
          <params>
            <param index="0">
              <value>
                <![CDATA[{referenceid=[null], state_proins=[0], testcase_id=[1012], actionName=[APPROVE], emendEnum=[-1], groupPK=[00012410000000000H12], pk_owner=[1001AA1000000000IHTW], nexttask_num=[1], operator=[1001AA1000000000IHTW], pk_prodef=[null], state_task=[5], billtype=[10GY], billMaker=[1001AA1000000000IHTW], task_state=[1], checknote=[批准], pk_form_ins=[1001AA1000000000KBHM], description=[正常流程], billNo=[GYS201212190115], billId=[1001AA1000000000KBHM], approveresult=[Y], orgPK=[00012410000000002G2A], autoApproveAfterCommit=[false]}]]>
              </value>
            </param>
          </params>
          <reporter-output>
          </reporter-output>
        </test-method> <!-- forwardWorkflow -->
        <test-method status="SKIP" signature="baseBeforeMethod(java.lang.reflect.Method)[pri:0, instance:nc.tc.uap.workflow.admin.IWFEngineServiceTest@167436c]" name="baseBeforeMethod" is-config="true" duration-ms="0" started-at="2013-06-03T14:55:14Z" finished-at="2013-06-03T14:55:14Z">
          <reporter-output>
          </reporter-output>
        </test-method> <!-- baseBeforeMethod -->
        <test-method status="SKIP" signature="forwardWorkflow(java.util.Map)[pri:0, instance:nc.tc.uap.workflow.admin.IWFEngineServiceTest@167436c]" name="forwardWorkflow" duration-ms="0" started-at="2013-06-03T14:55:14Z" data-provider="dp" finished-at="2013-06-03T14:55:14Z">
          <params>
            <param index="0">
              <value>
                <![CDATA[{referenceid=[null], state_proins=[0], testcase_id=[1004], actionName=[APPROVE], emendEnum=[-1], groupPK=[00012410000000000H12], pk_owner=[1001AA1000000000IHTW], nexttask_num=[1], operator=[1001AA1000000000IHTW], pk_prodef=[null], state_task=[5], billtype=[10GY], billMaker=[1001AA1000000000IHTW], task_state=[1], checknote=[批准], pk_form_ins=[1001AA1000000000KBHM], description=[正常流程], billNo=[GYS201212190115], billId=[1001AA1000000000KBHM], approveresult=[Y], orgPK=[00012410000000002G2A], autoApproveAfterCommit=[false]}]]>
              </value>
            </param>
          </params>
          <reporter-output>
          </reporter-output>
        </test-method> <!-- forwardWorkflow -->
        <test-method status="SKIP" signature="BeforeMethod()[pri:0, instance:nc.tc.uap.workflow.admin.IWFEngineServiceTest@167436c]" name="BeforeMethod" is-config="true" duration-ms="0" started-at="2013-06-03T14:55:14Z" finished-at="2013-06-03T14:55:14Z">
          <reporter-output>
          </reporter-output>
        </test-method> <!-- BeforeMethod -->
        <test-method status="SKIP" signature="forwardWorkflow(java.util.Map)[pri:0, instance:nc.tc.uap.workflow.admin.IWFEngineServiceTest@167436c]" name="forwardWorkflow" duration-ms="0" started-at="2013-06-03T14:55:14Z" data-provider="dp" finished-at="2013-06-03T14:55:14Z">
          <params>
            <param index="0">
              <value>
                <![CDATA[{referenceid=[null], state_proins=[0], testcase_id=[1013], actionName=[APPROVE], emendEnum=[-1], groupPK=[00012410000000000H12], pk_owner=[1001AA1000000000IHTW], nexttask_num=[1], operator=[1001AA1000000000IHTW], pk_prodef=[null], state_task=[5], billtype=[10GY], billMaker=[1001AA1000000000IHTW], task_state=[1], checknote=[批准], pk_form_ins=[1001AA1000000000KBHM], description=[正常流程], billNo=[GYS201212190115], billId=[1001AA1000000000KBHM], approveresult=[Y], orgPK=[00012410000000002G2A], autoApproveAfterCommit=[false]}]]>
              </value>
            </param>
          </params>
          <reporter-output>
          </reporter-output>
        </test-method> <!-- forwardWorkflow -->
        <test-method status="SKIP" signature="BeforeMethod()[pri:0, instance:nc.tc.uap.workflow.admin.IWFEngineServiceTest@167436c]" name="BeforeMethod" is-config="true" duration-ms="0" started-at="2013-06-03T14:55:14Z" finished-at="2013-06-03T14:55:14Z">
          <reporter-output>
          </reporter-output>
        </test-method> <!-- BeforeMethod -->
        <test-method status="SKIP" signature="baseBeforeMethod(java.lang.reflect.Method)[pri:0, instance:nc.tc.uap.workflow.admin.IWFEngineServiceTest@167436c]" name="baseBeforeMethod" is-config="true" duration-ms="0" started-at="2013-06-03T14:55:14Z" finished-at="2013-06-03T14:55:14Z">
          <reporter-output>
          </reporter-output>
        </test-method> <!-- baseBeforeMethod -->
        <test-method status="SKIP" signature="baseBeforeMethod(java.lang.reflect.Method)[pri:0, instance:nc.tc.uap.workflow.admin.IWFEngineServiceTest@167436c]" name="baseBeforeMethod" is-config="true" duration-ms="0" started-at="2013-06-03T14:55:14Z" finished-at="2013-06-03T14:55:14Z">
          <reporter-output>
          </reporter-output>
        </test-method> <!-- baseBeforeMethod -->
        <test-method status="SKIP" signature="baseAfterMethod(org.testng.ITestResult)[pri:0, instance:nc.tc.uap.workflow.admin.IWFEngineServiceTest@167436c]" name="baseAfterMethod" is-config="true" duration-ms="0" started-at="2013-06-03T14:55:14Z" finished-at="2013-06-03T14:55:14Z">
          <reporter-output>
          </reporter-output>
        </test-method> <!-- baseAfterMethod -->
        <test-method status="SKIP" signature="baseBeforeMethod(java.lang.reflect.Method)[pri:0, instance:nc.tc.uap.workflow.admin.IWFEngineServiceTest@167436c]" name="baseBeforeMethod" is-config="true" duration-ms="0" started-at="2013-06-03T14:55:14Z" finished-at="2013-06-03T14:55:14Z">
          <reporter-output>
          </reporter-output>
        </test-method> <!-- baseBeforeMethod -->
        <test-method status="SKIP" signature="AfterMethod()[pri:0, instance:nc.tc.uap.workflow.admin.IWFEngineServiceTest@167436c]" name="AfterMethod" is-config="true" duration-ms="0" started-at="2013-06-03T14:55:14Z" finished-at="2013-06-03T14:55:14Z">
          <reporter-output>
          </reporter-output>
        </test-method> <!-- AfterMethod -->
        <test-method status="SKIP" signature="baseAfterMethod(org.testng.ITestResult)[pri:0, instance:nc.tc.uap.workflow.admin.IWFEngineServiceTest@167436c]" name="baseAfterMethod" is-config="true" duration-ms="0" started-at="2013-06-03T14:55:14Z" finished-at="2013-06-03T14:55:14Z">
          <reporter-output>
          </reporter-output>
        </test-method> <!-- baseAfterMethod -->
        <test-method status="SKIP" signature="AfterMethod()[pri:0, instance:nc.tc.uap.workflow.admin.IWFEngineServiceTest@167436c]" name="AfterMethod" is-config="true" duration-ms="0" started-at="2013-06-03T14:55:14Z" finished-at="2013-06-03T14:55:14Z">
          <reporter-output>
          </reporter-output>
        </test-method> <!-- AfterMethod -->
        <test-method status="SKIP" signature="forwardWorkflow(java.util.Map)[pri:0, instance:nc.tc.uap.workflow.admin.IWFEngineServiceTest@167436c]" name="forwardWorkflow" duration-ms="0" started-at="2013-06-03T14:55:14Z" data-provider="dp" finished-at="2013-06-03T14:55:14Z">
          <params>
            <param index="0">
              <value>
                <![CDATA[{referenceid=[3], state_proins=[0], testcase_id=[1021], actionName=[APPROVE], emendEnum=[-1], groupPK=[00012410000000000H12], pk_owner=[1001AA1000000000IHTW], nexttask_num=[2], operator=[1001AA1000000000IHTW], pk_prodef=[0001AA1000000001NYYU], state_task=[5], billtype=[10GY], billMaker=[1001AA1000000000IHTW], task_state=[1], checknote=[批准], pk_form_ins=[1001AA1000000000KBHM], description=[正常流程], billNo=[GYS201212190115], billId=[1001AA1000000000KBHM], approveresult=[Y], orgPK=[00012410000000002G2A], autoApproveAfterCommit=[false]}]]>
              </value>
            </param>
          </params>
          <reporter-output>
          </reporter-output>
        </test-method> <!-- forwardWorkflow -->
        <test-method status="SKIP" signature="forwardWorkflow(java.util.Map)[pri:0, instance:nc.tc.uap.workflow.admin.IWFEngineServiceTest@167436c]" name="forwardWorkflow" duration-ms="0" started-at="2013-06-03T14:55:14Z" data-provider="dp" finished-at="2013-06-03T14:55:14Z">
          <params>
            <param index="0">
              <value>
                <![CDATA[{referenceid=[null], state_proins=[0], testcase_id=[1022], actionName=[APPROVE], emendEnum=[-1], groupPK=[00012410000000000H12], pk_owner=[1001AA1000000000IHTW], nexttask_num=[0], operator=[1001AA1000000000IHTW], pk_prodef=[null], state_task=[5], billtype=[10GY], billMaker=[1001AA1000000000IHTW], task_state=[1], checknote=[不批准], pk_form_ins=[1001AA1000000000KBHM], description=[正常流程], billNo=[GYS201212190115], billId=[1001AA1000000000KBHM], approveresult=[N], orgPK=[00012410000000002G2A], autoApproveAfterCommit=[false]}]]>
              </value>
            </param>
          </params>
          <reporter-output>
          </reporter-output>
        </test-method> <!-- forwardWorkflow -->
        <test-method status="SKIP" signature="baseBeforeMethod(java.lang.reflect.Method)[pri:0, instance:nc.tc.uap.workflow.admin.IWFEngineServiceTest@167436c]" name="baseBeforeMethod" is-config="true" duration-ms="0" started-at="2013-06-03T14:55:14Z" finished-at="2013-06-03T14:55:14Z">
          <reporter-output>
          </reporter-output>
        </test-method> <!-- baseBeforeMethod -->
        <test-method status="SKIP" signature="baseAfterMethod(org.testng.ITestResult)[pri:0, instance:nc.tc.uap.workflow.admin.IWFEngineServiceTest@167436c]" name="baseAfterMethod" is-config="true" duration-ms="0" started-at="2013-06-03T14:55:14Z" finished-at="2013-06-03T14:55:14Z">
          <reporter-output>
          </reporter-output>
        </test-method> <!-- baseAfterMethod -->
        <test-method status="SKIP" signature="baseAfterMethod(org.testng.ITestResult)[pri:0, instance:nc.tc.uap.workflow.admin.IWFEngineServiceTest@167436c]" name="baseAfterMethod" is-config="true" duration-ms="0" started-at="2013-06-03T14:55:14Z" finished-at="2013-06-03T14:55:14Z">
          <reporter-output>
          </reporter-output>
        </test-method> <!-- baseAfterMethod -->
        <test-method status="SKIP" signature="BeforeMethod()[pri:0, instance:nc.tc.uap.workflow.admin.IWFEngineServiceTest@167436c]" name="BeforeMethod" is-config="true" duration-ms="0" started-at="2013-06-03T14:55:14Z" finished-at="2013-06-03T14:55:14Z">
          <reporter-output>
          </reporter-output>
        </test-method> <!-- BeforeMethod -->
        <test-method status="SKIP" signature="BeforeMethod()[pri:0, instance:nc.tc.uap.workflow.admin.IWFEngineServiceTest@167436c]" name="BeforeMethod" is-config="true" duration-ms="0" started-at="2013-06-03T14:55:14Z" finished-at="2013-06-03T14:55:14Z">
          <reporter-output>
          </reporter-output>
        </test-method> <!-- BeforeMethod -->
        <test-method status="SKIP" signature="AfterMethod()[pri:0, instance:nc.tc.uap.workflow.admin.IWFEngineServiceTest@167436c]" name="AfterMethod" is-config="true" duration-ms="0" started-at="2013-06-03T14:55:14Z" finished-at="2013-06-03T14:55:14Z">
          <reporter-output>
          </reporter-output>
        </test-method> <!-- AfterMethod -->
        <test-method status="SKIP" signature="forwardWorkflow(java.util.Map)[pri:0, instance:nc.tc.uap.workflow.admin.IWFEngineServiceTest@167436c]" name="forwardWorkflow" duration-ms="0" started-at="2013-06-03T14:55:14Z" data-provider="dp" finished-at="2013-06-03T14:55:14Z">
          <params>
            <param index="0">
              <value>
                <![CDATA[{referenceid=[null], state_proins=[1], testcase_id=[1016], actionName=[APPROVE], emendEnum=[-1], groupPK=[00012410000000000H12], pk_owner=[1001AA1000000000IHTW], nexttask_num=[0], operator=[1001AA1000000000IHTW], pk_prodef=[null], state_task=[5], billtype=[10GY], billMaker=[1001AA1000000000IHTW], task_state=[1], checknote=[不批准], pk_form_ins=[1001AA1000000000KBHM], description=[正常流程], billNo=[GYS201212190115], billId=[1001AA1000000000KBHM], approveresult=[N], orgPK=[00012410000000002G2A], autoApproveAfterCommit=[false]}]]>
              </value>
            </param>
          </params>
          <reporter-output>
          </reporter-output>
        </test-method> <!-- forwardWorkflow -->
        <test-method status="SKIP" signature="AfterMethod()[pri:0, instance:nc.tc.uap.workflow.admin.IWFEngineServiceTest@167436c]" name="AfterMethod" is-config="true" duration-ms="0" started-at="2013-06-03T14:55:14Z" finished-at="2013-06-03T14:55:14Z">
          <reporter-output>
          </reporter-output>
        </test-method> <!-- AfterMethod -->
        <test-method status="SKIP" signature="forwardWorkflow(java.util.Map)[pri:0, instance:nc.tc.uap.workflow.admin.IWFEngineServiceTest@167436c]" name="forwardWorkflow" duration-ms="0" started-at="2013-06-03T14:55:14Z" data-provider="dp" finished-at="2013-06-03T14:55:14Z">
          <params>
            <param index="0">
              <value>
                <![CDATA[{referenceid=[null], state_proins=[0], testcase_id=[1015], actionName=[APPROVE], emendEnum=[-1], groupPK=[00012410000000000H12], pk_owner=[1001AA1000000000IHTW], nexttask_num=[1], operator=[1001AA1000000000IHTW], pk_prodef=[null], state_task=[5], billtype=[10GY], billMaker=[1001AA1000000000IHTW], task_state=[1], checknote=[批准], pk_form_ins=[1001AA1000000000KBHM], description=[正常流程], billNo=[GYS201212190115], billId=[1001AA1000000000KBHM], approveresult=[Y], orgPK=[00012410000000002G2A], autoApproveAfterCommit=[false]}]]>
              </value>
            </param>
          </params>
          <reporter-output>
          </reporter-output>
        </test-method> <!-- forwardWorkflow -->
        <test-method status="SKIP" signature="BeforeMethod()[pri:0, instance:nc.tc.uap.workflow.admin.IWFEngineServiceTest@167436c]" name="BeforeMethod" is-config="true" duration-ms="0" started-at="2013-06-03T14:55:14Z" finished-at="2013-06-03T14:55:14Z">
          <reporter-output>
          </reporter-output>
        </test-method> <!-- BeforeMethod -->
        <test-method status="SKIP" signature="BeforeMethod()[pri:0, instance:nc.tc.uap.workflow.admin.IWFEngineServiceTest@167436c]" name="BeforeMethod" is-config="true" duration-ms="0" started-at="2013-06-03T14:55:14Z" finished-at="2013-06-03T14:55:14Z">
          <reporter-output>
          </reporter-output>
        </test-method> <!-- BeforeMethod -->
        <test-method status="SKIP" signature="forwardWorkflow(java.util.Map)[pri:0, instance:nc.tc.uap.workflow.admin.IWFEngineServiceTest@167436c]" name="forwardWorkflow" duration-ms="0" started-at="2013-06-03T14:55:14Z" data-provider="dp" finished-at="2013-06-03T14:55:14Z">
          <params>
            <param index="0">
              <value>
                <![CDATA[{referenceid=[4], state_proins=[0], testcase_id=[1031], actionName=[APPROVE], emendEnum=[-1], groupPK=[00012410000000000H12], pk_owner=[1001AA1000000000IHTW], nexttask_num=[2], operator=[1001AA1000000000IHTW], pk_prodef=[0001AA1000000001NYYU], state_task=[5], billtype=[10GY], billMaker=[1001AA1000000000IHTW], task_state=[1], checknote=[批准], pk_form_ins=[1001AA1000000000KBHM], description=[正常流程], billNo=[GYS201212190115], billId=[1001AA1000000000KBHM], approveresult=[Y], orgPK=[00012410000000002G2A], autoApproveAfterCommit=[false]}]]>
              </value>
            </param>
          </params>
          <reporter-output>
          </reporter-output>
        </test-method> <!-- forwardWorkflow -->
        <test-method status="SKIP" signature="baseBeforeMethod(java.lang.reflect.Method)[pri:0, instance:nc.tc.uap.workflow.admin.IWFEngineServiceTest@167436c]" name="baseBeforeMethod" is-config="true" duration-ms="0" started-at="2013-06-03T14:55:14Z" finished-at="2013-06-03T14:55:14Z">
          <reporter-output>
          </reporter-output>
        </test-method> <!-- baseBeforeMethod -->
        <test-method status="SKIP" signature="baseAfterMethod(org.testng.ITestResult)[pri:0, instance:nc.tc.uap.workflow.admin.IWFEngineServiceTest@167436c]" name="baseAfterMethod" is-config="true" duration-ms="0" started-at="2013-06-03T14:55:14Z" finished-at="2013-06-03T14:55:14Z">
          <reporter-output>
          </reporter-output>
        </test-method> <!-- baseAfterMethod -->
        <test-method status="SKIP" signature="baseAfterMethod(org.testng.ITestResult)[pri:0, instance:nc.tc.uap.workflow.admin.IWFEngineServiceTest@167436c]" name="baseAfterMethod" is-config="true" duration-ms="0" started-at="2013-06-03T14:55:14Z" finished-at="2013-06-03T14:55:14Z">
          <reporter-output>
          </reporter-output>
        </test-method> <!-- baseAfterMethod -->
        <test-method status="SKIP" signature="BeforeMethod()[pri:0, instance:nc.tc.uap.workflow.admin.IWFEngineServiceTest@167436c]" name="BeforeMethod" is-config="true" duration-ms="0" started-at="2013-06-03T14:55:14Z" finished-at="2013-06-03T14:55:14Z">
          <reporter-output>
          </reporter-output>
        </test-method> <!-- BeforeMethod -->
        <test-method status="SKIP" signature="AfterMethod()[pri:0, instance:nc.tc.uap.workflow.admin.IWFEngineServiceTest@167436c]" name="AfterMethod" is-config="true" duration-ms="0" started-at="2013-06-03T14:55:14Z" finished-at="2013-06-03T14:55:14Z">
          <reporter-output>
          </reporter-output>
        </test-method> <!-- AfterMethod -->
        <test-method status="SKIP" signature="forwardWorkflow(java.util.Map)[pri:0, instance:nc.tc.uap.workflow.admin.IWFEngineServiceTest@167436c]" name="forwardWorkflow" duration-ms="15" started-at="2013-06-03T14:55:14Z" data-provider="dp" finished-at="2013-06-03T14:55:14Z">
          <params>
            <param index="0">
              <value>
                <![CDATA[{referenceid=[null], state_proins=[1], testcase_id=[1033], actionName=[APPROVE], emendEnum=[-1], groupPK=[00012410000000000H12], pk_owner=[1001AA1000000000II1L], nexttask_num=[0], operator=[1001AA1000000000IHTW], pk_prodef=[null], state_task=[5], billtype=[10GY], billMaker=[1001AA1000000000IHTW], task_state=[1], checknote=[批准], pk_form_ins=[1001AA1000000000KBHM], description=[正常流程], billNo=[GYS201212190115], billId=[1001AA1000000000KBHM], approveresult=[Y], orgPK=[00012410000000002G2A], autoApproveAfterCommit=[false]}]]>
              </value>
            </param>
          </params>
          <reporter-output>
          </reporter-output>
        </test-method> <!-- forwardWorkflow -->
        <test-method status="SKIP" signature="baseBeforeMethod(java.lang.reflect.Method)[pri:0, instance:nc.tc.uap.workflow.admin.IWFEngineServiceTest@167436c]" name="baseBeforeMethod" is-config="true" duration-ms="0" started-at="2013-06-03T14:55:14Z" finished-at="2013-06-03T14:55:14Z">
          <reporter-output>
          </reporter-output>
        </test-method> <!-- baseBeforeMethod -->
        <test-method status="SKIP" signature="AfterMethod()[pri:0, instance:nc.tc.uap.workflow.admin.IWFEngineServiceTest@167436c]" name="AfterMethod" is-config="true" duration-ms="0" started-at="2013-06-03T14:55:14Z" finished-at="2013-06-03T14:55:14Z">
          <reporter-output>
          </reporter-output>
        </test-method> <!-- AfterMethod -->
        <test-method status="SKIP" signature="BeforeMethod()[pri:0, instance:nc.tc.uap.workflow.admin.IWFEngineServiceTest@167436c]" name="BeforeMethod" is-config="true" duration-ms="0" started-at="2013-06-03T14:55:14Z" finished-at="2013-06-03T14:55:14Z">
          <reporter-output>
          </reporter-output>
        </test-method> <!-- BeforeMethod -->
        <test-method status="SKIP" signature="forwardWorkflow(java.util.Map)[pri:0, instance:nc.tc.uap.workflow.admin.IWFEngineServiceTest@167436c]" name="forwardWorkflow" duration-ms="0" started-at="2013-06-03T14:55:14Z" data-provider="dp" finished-at="2013-06-03T14:55:14Z">
          <params>
            <param index="0">
              <value>
                <![CDATA[{referenceid=[null], state_proins=[0], testcase_id=[1032], actionName=[APPROVE], emendEnum=[-1], groupPK=[00012410000000000H12], pk_owner=[1001AA1000000000IHTW], nexttask_num=[0], operator=[1001AA1000000000IHTW], pk_prodef=[null], state_task=[5], billtype=[10GY], billMaker=[1001AA1000000000IHTW], task_state=[1], checknote=[批准], pk_form_ins=[1001AA1000000000KBHM], description=[正常流程], billNo=[GYS201212190115], billId=[1001AA1000000000KBHM], approveresult=[Y], orgPK=[00012410000000002G2A], autoApproveAfterCommit=[false]}]]>
              </value>
            </param>
          </params>
          <reporter-output>
          </reporter-output>
        </test-method> <!-- forwardWorkflow -->
        <test-method status="SKIP" signature="baseAfterMethod(org.testng.ITestResult)[pri:0, instance:nc.tc.uap.workflow.admin.IWFEngineServiceTest@167436c]" name="baseAfterMethod" is-config="true" duration-ms="0" started-at="2013-06-03T14:55:14Z" finished-at="2013-06-03T14:55:14Z">
          <reporter-output>
          </reporter-output>
        </test-method> <!-- baseAfterMethod -->
        <test-method status="SKIP" signature="baseBeforeMethod(java.lang.reflect.Method)[pri:0, instance:nc.tc.uap.workflow.admin.IWFEngineServiceTest@167436c]" name="baseBeforeMethod" is-config="true" duration-ms="0" started-at="2013-06-03T14:55:14Z" finished-at="2013-06-03T14:55:14Z">
          <reporter-output>
          </reporter-output>
        </test-method> <!-- baseBeforeMethod -->
        <test-method status="SKIP" signature="AfterMethod()[pri:0, instance:nc.tc.uap.workflow.admin.IWFEngineServiceTest@167436c]" name="AfterMethod" is-config="true" duration-ms="0" started-at="2013-06-03T14:55:14Z" finished-at="2013-06-03T14:55:14Z">
          <reporter-output>
          </reporter-output>
        </test-method> <!-- AfterMethod -->
        <test-method status="SKIP" signature="forwardWorkflow(java.util.Map)[pri:0, instance:nc.tc.uap.workflow.admin.IWFEngineServiceTest@167436c]" name="forwardWorkflow" duration-ms="0" started-at="2013-06-03T14:55:14Z" data-provider="dp" finished-at="2013-06-03T14:55:14Z">
          <params>
            <param index="0">
              <value>
                <![CDATA[{referenceid=[5], state_proins=[0], testcase_id=[1041], actionName=[APPROVE], emendEnum=[-1], groupPK=[00012410000000000H12], pk_owner=[1001AA1000000000IHTW], nexttask_num=[2], operator=[1001AA1000000000IHTW], pk_prodef=[0001AA1000000001NYYU], state_task=[5], billtype=[10GY], billMaker=[1001AA1000000000IHTW], task_state=[1], checknote=[批准], pk_form_ins=[1001AA1000000000KBHM], description=[正常流程], billNo=[GYS201212190115], billId=[1001AA1000000000KBHM], approveresult=[Y], orgPK=[00012410000000002G2A], autoApproveAfterCommit=[false]}]]>
              </value>
            </param>
          </params>
          <reporter-output>
          </reporter-output>
        </test-method> <!-- forwardWorkflow -->
        <test-method status="SKIP" signature="baseAfterMethod(org.testng.ITestResult)[pri:0, instance:nc.tc.uap.workflow.admin.IWFEngineServiceTest@167436c]" name="baseAfterMethod" is-config="true" duration-ms="0" started-at="2013-06-03T14:55:14Z" finished-at="2013-06-03T14:55:14Z">
          <reporter-output>
          </reporter-output>
        </test-method> <!-- baseAfterMethod -->
        <test-method status="SKIP" signature="BeforeMethod()[pri:0, instance:nc.tc.uap.workflow.admin.IWFEngineServiceTest@167436c]" name="BeforeMethod" is-config="true" duration-ms="0" started-at="2013-06-03T14:55:14Z" finished-at="2013-06-03T14:55:14Z">
          <reporter-output>
          </reporter-output>
        </test-method> <!-- BeforeMethod -->
        <test-method status="SKIP" signature="baseAfterMethod(org.testng.ITestResult)[pri:0, instance:nc.tc.uap.workflow.admin.IWFEngineServiceTest@167436c]" name="baseAfterMethod" is-config="true" duration-ms="0" started-at="2013-06-03T14:55:14Z" finished-at="2013-06-03T14:55:14Z">
          <reporter-output>
          </reporter-output>
        </test-method> <!-- baseAfterMethod -->
        <test-method status="SKIP" signature="BeforeMethod()[pri:0, instance:nc.tc.uap.workflow.admin.IWFEngineServiceTest@167436c]" name="BeforeMethod" is-config="true" duration-ms="0" started-at="2013-06-03T14:55:14Z" finished-at="2013-06-03T14:55:14Z">
          <reporter-output>
          </reporter-output>
        </test-method> <!-- BeforeMethod -->
        <test-method status="SKIP" signature="AfterMethod()[pri:0, instance:nc.tc.uap.workflow.admin.IWFEngineServiceTest@167436c]" name="AfterMethod" is-config="true" duration-ms="0" started-at="2013-06-03T14:55:14Z" finished-at="2013-06-03T14:55:14Z">
          <reporter-output>
          </reporter-output>
        </test-method> <!-- AfterMethod -->
        <test-method status="SKIP" signature="forwardWorkflow(java.util.Map)[pri:0, instance:nc.tc.uap.workflow.admin.IWFEngineServiceTest@167436c]" name="forwardWorkflow" duration-ms="0" started-at="2013-06-03T14:55:14Z" data-provider="dp" finished-at="2013-06-03T14:55:14Z">
          <params>
            <param index="0">
              <value>
                <![CDATA[{referenceid=[null], state_proins=[1], testcase_id=[1043], actionName=[APPROVE], emendEnum=[-1], groupPK=[00012410000000000H12], pk_owner=[1001AA1000000000II1L], nexttask_num=[0], operator=[1001AA1000000000IHTW], pk_prodef=[null], state_task=[5], billtype=[10GY], billMaker=[1001AA1000000000IHTW], task_state=[1], checknote=[不批准], pk_form_ins=[1001AA1000000000KBHM], description=[正常流程], billNo=[GYS201212190115], billId=[1001AA1000000000KBHM], approveresult=[N], orgPK=[00012410000000002G2A], autoApproveAfterCommit=[false]}]]>
              </value>
            </param>
          </params>
          <reporter-output>
          </reporter-output>
        </test-method> <!-- forwardWorkflow -->
        <test-method status="SKIP" signature="BeforeMethod()[pri:0, instance:nc.tc.uap.workflow.admin.IWFEngineServiceTest@167436c]" name="BeforeMethod" is-config="true" duration-ms="0" started-at="2013-06-03T14:55:14Z" finished-at="2013-06-03T14:55:14Z">
          <reporter-output>
          </reporter-output>
        </test-method> <!-- BeforeMethod -->
        <test-method status="SKIP" signature="forwardWorkflow(java.util.Map)[pri:0, instance:nc.tc.uap.workflow.admin.IWFEngineServiceTest@167436c]" name="forwardWorkflow" duration-ms="0" started-at="2013-06-03T14:55:14Z" data-provider="dp" finished-at="2013-06-03T14:55:14Z">
          <params>
            <param index="0">
              <value>
                <![CDATA[{referenceid=[null], state_proins=[0], testcase_id=[1042], actionName=[APPROVE], emendEnum=[-1], groupPK=[00012410000000000H12], pk_owner=[1001AA1000000000IHTW], nexttask_num=[0], operator=[1001AA1000000000IHTW], pk_prodef=[null], state_task=[5], billtype=[10GY], billMaker=[1001AA1000000000IHTW], task_state=[1], checknote=[不批准], pk_form_ins=[1001AA1000000000KBHM], description=[正常流程], billNo=[GYS201212190115], billId=[1001AA1000000000KBHM], approveresult=[N], orgPK=[00012410000000002G2A], autoApproveAfterCommit=[false]}]]>
              </value>
            </param>
          </params>
          <reporter-output>
          </reporter-output>
        </test-method> <!-- forwardWorkflow -->
        <test-method status="SKIP" signature="AfterMethod()[pri:0, instance:nc.tc.uap.workflow.admin.IWFEngineServiceTest@167436c]" name="AfterMethod" is-config="true" duration-ms="0" started-at="2013-06-03T14:55:14Z" finished-at="2013-06-03T14:55:14Z">
          <reporter-output>
          </reporter-output>
        </test-method> <!-- AfterMethod -->
[...]
              </value>
            </param>
          </params>
          <reporter-output>
          </reporter-output>
        </test-method> <!-- getWorkitem -->
        <test-method status="SKIP" signature="AfterMethod()[pri:0, instance:nc.tc.uap.workflow.admin.IWFEngineServiceTest@167436c]" name="AfterMethod" is-config="true" duration-ms="0" started-at="2013-06-03T14:55:17Z" finished-at="2013-06-03T14:55:17Z">
          <reporter-output>
          </reporter-output>
        </test-method> <!-- AfterMethod -->
        <test-method status="SKIP" signature="BeforeMethod()[pri:0, instance:nc.tc.uap.workflow.admin.IWFEngineServiceTest@167436c]" name="BeforeMethod" is-config="true" duration-ms="0" started-at="2013-06-03T14:55:17Z" finished-at="2013-06-03T14:55:17Z">
          <reporter-output>
          </reporter-output>
        </test-method> <!-- BeforeMethod -->
        <test-method status="SKIP" signature="baseBeforeMethod(java.lang.reflect.Method)[pri:0, instance:nc.tc.uap.workflow.admin.IWFEngineServiceTest@167436c]" name="baseBeforeMethod" is-config="true" duration-ms="0" started-at="2013-06-03T14:55:17Z" finished-at="2013-06-03T14:55:17Z">
          <reporter-output>
          </reporter-output>
        </test-method> <!-- baseBeforeMethod -->
        <test-method status="SKIP" signature="getWorkitem(java.util.Map)[pri:0, instance:nc.tc.uap.workflow.admin.IWFEngineServiceTest@167436c]" name="getWorkitem" duration-ms="0" started-at="2013-06-03T14:55:17Z" data-provider="dp" finished-at="2013-06-03T14:55:17Z">
          <params>
            <param index="0">
              <value>
                <![CDATA[{referenceid=[2], state_proins=[0], testcase_id=[1011], actionName=[APPROVE], emendEnum=[-1], groupPK=[00012410000000000H12], pk_owner=[1001AA1000000000IHTW], nexttask_num=[1], operator=[1001AA1000000000IHTW], pk_prodef=[0001AA1000000001N45K], state_task=[5], billtype=[10GY], billMaker=[1001AA1000000000IHTW], task_state=[1], checknote=[批准], pk_form_ins=[1001AA1000000000KBHM], description=[正常流程], billNo=[GYS201212190115], billId=[1001AA1000000000KBHM], approveresult=[Y], orgPK=[00012410000000002G2A], autoApproveAfterCommit=[false]}]]>
              </value>
            </param>
          </params>
          <reporter-output>
          </reporter-output>
        </test-method> <!-- getWorkitem -->
        <test-method status="SKIP" signature="baseBeforeMethod(java.lang.reflect.Method)[pri:0, instance:nc.tc.uap.workflow.admin.IWFEngineServiceTest@167436c]" name="baseBeforeMethod" is-config="true" duration-ms="0" started-at="2013-06-03T14:55:17Z" finished-at="2013-06-03T14:55:17Z">
          <reporter-output>
          </reporter-output>
        </test-method> <!-- baseBeforeMethod -->
        <test-method status="SKIP" signature="BeforeMethod()[pri:0, instance:nc.tc.uap.workflow.admin.IWFEngineServiceTest@167436c]" name="BeforeMethod" is-config="true" duration-ms="0" started-at="2013-06-03T14:55:17Z" finished-at="2013-06-03T14:55:17Z">
          <reporter-output>
          </reporter-output>
        </test-method> <!-- BeforeMethod -->
        <test-method status="SKIP" signature="AfterMethod()[pri:0, instance:nc.tc.uap.workflow.admin.IWFEngineServiceTest@167436c]" name="AfterMethod" is-config="true" duration-ms="0" started-at="2013-06-03T14:55:17Z" finished-at="2013-06-03T14:55:17Z">
          <reporter-output>
          </reporter-output>
        </test-method> <!-- AfterMethod -->
        <test-method status="SKIP" signature="baseBeforeMethod(java.lang.reflect.Method)[pri:0, instance:nc.tc.uap.workflow.admin.IWFEngineServiceTest@167436c]" name="baseBeforeMethod" is-config="true" duration-ms="0" started-at="2013-06-03T14:55:18Z" finished-at="2013-06-03T14:55:18Z">
          <reporter-output>
          </reporter-output>
        </test-method> <!-- baseBeforeMethod -->
        <test-method status="SKIP" signature="AfterMethod()[pri:0, instance:nc.tc.uap.workflow.admin.IWFEngineServiceTest@167436c]" name="AfterMethod" is-config="true" duration-ms="0" started-at="2013-06-03T14:55:18Z" finished-at="2013-06-03T14:55:18Z">
          <reporter-output>
          </reporter-output>
        </test-method> <!-- AfterMethod -->
        <test-method status="SKIP" signature="baseAfterMethod(org.testng.ITestResult)[pri:0, instance:nc.tc.uap.workflow.admin.IWFEngineServiceTest@167436c]" name="baseAfterMethod" is-config="true" duration-ms="0" started-at="2013-06-03T14:55:18Z" finished-at="2013-06-03T14:55:18Z">
          <reporter-output>
          </reporter-output>
        </test-method> <!-- baseAfterMethod -->
        <test-method status="SKIP" signature="rollbackWorkflow(java.util.Map)[pri:0, instance:nc.tc.uap.workflow.admin.IWFEngineServiceTest@167436c]" name="rollbackWorkflow" duration-ms="0" started-at="2013-06-03T14:55:18Z" data-provider="dp" finished-at="2013-06-03T14:55:18Z">
          <params>
            <param index="0">
              <value>
                <![CDATA[{referenceid=[1], state_proins=[0], testcase_id=[1001], actionName=[APPROVE], emendEnum=[-1], groupPK=[00012410000000000H12], pk_owner=[1001AA1000000000IHTW], nexttask_num=[1], operator=[1001AA1000000000IHTW], pk_prodef=[0001AA1000000001N45K], state_task=[5], billtype=[10GY], billMaker=[1001AA1000000000IHTW], task_state=[1], checknote=[批准], pk_form_ins=[1001AA1000000000KBHM], description=[正常流程], billNo=[GYS201212190115], billId=[1001AA1000000000KBHM], approveresult=[Y], orgPK=[00012410000000002G2A], autoApproveAfterCommit=[false]}]]>
              </value>
            </param>
          </params>
          <reporter-output>
          </reporter-output>
        </test-method> <!-- rollbackWorkflow -->
        <test-method status="SKIP" signature="rollbackWorkflow(java.util.Map)[pri:0, instance:nc.tc.uap.workflow.admin.IWFEngineServiceTest@167436c]" name="rollbackWorkflow" duration-ms="0" started-at="2013-06-03T14:55:18Z" data-provider="dp" finished-at="2013-06-03T14:55:18Z">
          <params>
            <param index="0">
              <value>
                <![CDATA[{referenceid=[2], state_proins=[0], testcase_id=[1011], actionName=[APPROVE], emendEnum=[-1], groupPK=[00012410000000000H12], pk_owner=[1001AA1000000000IHTW], nexttask_num=[1], operator=[1001AA1000000000IHTW], pk_prodef=[0001AA1000000001N45K], state_task=[5], billtype=[10GY], billMaker=[1001AA1000000000IHTW], task_state=[1], checknote=[批准], pk_form_ins=[1001AA1000000000KBHM], description=[正常流程], billNo=[GYS201212190115], billId=[1001AA1000000000KBHM], approveresult=[Y], orgPK=[00012410000000002G2A], autoApproveAfterCommit=[false]}]]>
              </value>
            </param>
          </params>
          <reporter-output>
          </reporter-output>
        </test-method> <!-- rollbackWorkflow -->
        <test-method status="SKIP" signature="baseAfterMethod(org.testng.ITestResult)[pri:0, instance:nc.tc.uap.workflow.admin.IWFEngineServiceTest@167436c]" name="baseAfterMethod" is-config="true" duration-ms="0" started-at="2013-06-03T14:55:18Z" finished-at="2013-06-03T14:55:18Z">
          <reporter-output>
          </reporter-output>
        </test-method> <!-- baseAfterMethod -->
        <test-method status="SKIP" signature="BeforeMethod()[pri:0, instance:nc.tc.uap.workflow.admin.IWFEngineServiceTest@167436c]" name="BeforeMethod" is-config="true" duration-ms="0" started-at="2013-06-03T14:55:18Z" finished-at="2013-06-03T14:55:18Z">
          <reporter-output>
          </reporter-output>
        </test-method> <!-- BeforeMethod -->
        <test-method status="SKIP" signature="BeforeMethod()[pri:0, instance:nc.tc.uap.workflow.admin.IWFEngineServiceTest@167436c]" name="BeforeMethod" is-config="true" duration-ms="0" started-at="2013-06-03T14:55:18Z" finished-at="2013-06-03T14:55:18Z">
          <reporter-output>
          </reporter-output>
        </test-method> <!-- BeforeMethod -->
        <test-method status="SKIP" signature="AfterMethod()[pri:0, instance:nc.tc.uap.workflow.admin.IWFEngineServiceTest@167436c]" name="AfterMethod" is-config="true" duration-ms="0" started-at="2013-06-03T14:55:18Z" finished-at="2013-06-03T14:55:18Z">
          <reporter-output>
          </reporter-output>
        </test-method> <!-- AfterMethod -->
        <test-method status="SKIP" signature="baseBeforeMethod(java.lang.reflect.Method)[pri:0, instance:nc.tc.uap.workflow.admin.IWFEngineServiceTest@167436c]" name="baseBeforeMethod" is-config="true" duration-ms="0" started-at="2013-06-03T14:55:18Z" finished-at="2013-06-03T14:55:18Z">
          <reporter-output>
          </reporter-output>
        </test-method> <!-- baseBeforeMethod -->
        <test-method status="SKIP" signature="signalWorkflow(java.util.Map)[pri:0, instance:nc.tc.uap.workflow.admin.IWFEngineServiceTest@167436c]" name="signalWorkflow" duration-ms="0" started-at="2013-06-03T14:55:18Z" data-provider="dp" finished-at="2013-06-03T14:55:18Z">
          <params>
            <param index="0">
              <value>
                <![CDATA[{referenceid=[2], state_proins=[0], testcase_id=[1011], actionName=[APPROVE], emendEnum=[-1], groupPK=[00012410000000000H12], pk_owner=[1001AA1000000000IHTW], nexttask_num=[1], operator=[1001AA1000000000IHTW], pk_prodef=[0001AA1000000001N45K], state_task=[5], billtype=[10GY], billMaker=[1001AA1000000000IHTW], task_state=[1], checknote=[批准], pk_form_ins=[1001AA1000000000KBHM], description=[正常流程], billNo=[GYS201212190115], billId=[1001AA1000000000KBHM], approveresult=[Y], orgPK=[00012410000000002G2A], autoApproveAfterCommit=[false]}]]>
              </value>
            </param>
          </params>
          <reporter-output>
          </reporter-output>
        </test-method> <!-- signalWorkflow -->
        <test-method status="SKIP" signature="signalWorkflow(java.util.Map)[pri:0, instance:nc.tc.uap.workflow.admin.IWFEngineServiceTest@167436c]" name="signalWorkflow" duration-ms="0" started-at="2013-06-03T14:55:18Z" data-provider="dp" finished-at="2013-06-03T14:55:18Z">
          <params>
            <param index="0">
              <value>
                <![CDATA[{referenceid=[1], state_proins=[0], testcase_id=[1001], actionName=[APPROVE], emendEnum=[-1], groupPK=[00012410000000000H12], pk_owner=[1001AA1000000000IHTW], nexttask_num=[1], operator=[1001AA1000000000IHTW], pk_prodef=[0001AA1000000001N45K], state_task=[5], billtype=[10GY], billMaker=[1001AA1000000000IHTW], task_state=[1], checknote=[批准], pk_form_ins=[1001AA1000000000KBHM], description=[正常流程], billNo=[GYS201212190115], billId=[1001AA1000000000KBHM], approveresult=[Y], orgPK=[00012410000000002G2A], autoApproveAfterCommit=[false]}]]>
              </value>
            </param>
          </params>
          <reporter-output>
          </reporter-output>
        </test-method> <!-- signalWorkflow -->
        <test-method status="SKIP" signature="AfterMethod()[pri:0, instance:nc.tc.uap.workflow.admin.IWFEngineServiceTest@167436c]" name="AfterMethod" is-config="true" duration-ms="0" started-at="2013-06-03T14:55:18Z" finished-at="2013-06-03T14:55:18Z">
          <reporter-output>
          </reporter-output>
        </test-method> <!-- AfterMethod -->
        <test-method status="SKIP" signature="baseBeforeMethod(java.lang.reflect.Method)[pri:0, instance:nc.tc.uap.workflow.admin.IWFEngineServiceTest@167436c]" name="baseBeforeMethod" is-config="true" duration-ms="0" started-at="2013-06-03T14:55:18Z" finished-at="2013-06-03T14:55:18Z">
          <reporter-output>
          </reporter-output>
        </test-method> <!-- baseBeforeMethod -->
        <test-method status="SKIP" signature="baseBeforeMethod(java.lang.reflect.Method)[pri:0, instance:nc.tc.uap.workflow.admin.IWFEngineServiceTest@167436c]" name="baseBeforeMethod" is-config="true" duration-ms="0" started-at="2013-06-03T14:55:18Z" finished-at="2013-06-03T14:55:18Z">
          <reporter-output>
          </reporter-output>
        </test-method> <!-- baseBeforeMethod -->
        <test-method status="SKIP" signature="AfterMethod()[pri:0, instance:nc.tc.uap.workflow.admin.IWFEngineServiceTest@167436c]" name="AfterMethod" is-config="true" duration-ms="0" started-at="2013-06-03T14:55:18Z" finished-at="2013-06-03T14:55:18Z">
          <reporter-output>
          </reporter-output>
        </test-method> <!-- AfterMethod -->
        <test-method status="SKIP" signature="BeforeMethod()[pri:0, instance:nc.tc.uap.workflow.admin.IWFEngineServiceTest@167436c]" name="BeforeMethod" is-config="true" duration-ms="0" started-at="2013-06-03T14:55:18Z" finished-at="2013-06-03T14:55:18Z">
          <reporter-output>
          </reporter-output>
        </test-method> <!-- BeforeMethod -->
        <test-method status="SKIP" signature="baseAfterMethod(org.testng.ITestResult)[pri:0, instance:nc.tc.uap.workflow.admin.IWFEngineServiceTest@167436c]" name="baseAfterMethod" is-config="true" duration-ms="0" started-at="2013-06-03T14:55:18Z" finished-at="2013-06-03T14:55:18Z">
          <reporter-output>
          </reporter-output>
        </test-method> <!-- baseAfterMethod -->
        <test-method status="SKIP" signature="baseAfterMethod(org.testng.ITestResult)[pri:0, instance:nc.tc.uap.workflow.admin.IWFEngineServiceTest@167436c]" name="baseAfterMethod" is-config="true" duration-ms="0" started-at="2013-06-03T14:55:18Z" finished-at="2013-06-03T14:55:18Z">
          <reporter-output>
          </reporter-output>
        </test-method> <!-- baseAfterMethod -->
        <test-method status="SKIP" signature="BeforeMethod()[pri:0, instance:nc.tc.uap.workflow.admin.IWFEngineServiceTest@167436c]" name="BeforeMethod" is-config="true" duration-ms="0" started-at="2013-06-03T14:55:18Z" finished-at="2013-06-03T14:55:18Z">
          <reporter-output>
          </reporter-output>
        </test-method> <!-- BeforeMethod -->
        <test-method status="SKIP" signature="BeforeMethod()[pri:0, instance:nc.tc.uap.workflow.admin.IWFEngineServiceTest@167436c]" name="BeforeMethod" is-config="true" duration-ms="0" started-at="2013-06-03T14:55:19Z" finished-at="2013-06-03T14:55:19Z">
          <reporter-output>
          </reporter-output>
        </test-method> <!-- BeforeMethod -->
        <test-method status="SKIP" signature="baseAfterMethod(org.testng.ITestResult)[pri:0, instance:nc.tc.uap.workflow.admin.IWFEngineServiceTest@167436c]" name="baseAfterMethod" is-config="true" duration-ms="0" started-at="2013-06-03T14:55:19Z" finished-at="2013-06-03T14:55:19Z">
          <reporter-output>
          </reporter-output>
        </test-method> <!-- baseAfterMethod -->
        <test-method status="SKIP" signature="baseAfterMethod(org.testng.ITestResult)[pri:0, instance:nc.tc.uap.workflow.admin.IWFEngineServiceTest@167436c]" name="baseAfterMethod" is-config="true" duration-ms="0" started-at="2013-06-03T14:55:19Z" finished-at="2013-06-03T14:55:19Z">
          <reporter-output>
          </reporter-output>
        </test-method> <!-- baseAfterMethod -->
        <test-method status="SKIP" signature="baseBeforeMethod(java.lang.reflect.Method)[pri:0, instance:nc.tc.uap.workflow.admin.IWFEngineServiceTest@167436c]" name="baseBeforeMethod" is-config="true" duration-ms="0" started-at="2013-06-03T14:55:19Z" finished-at="2013-06-03T14:55:19Z">
          <reporter-output>
          </reporter-output>
        </test-method> <!-- baseBeforeMethod -->
        <test-method status="SKIP" signature="AfterMethod()[pri:0, instance:nc.tc.uap.workflow.admin.IWFEngineServiceTest@167436c]" name="AfterMethod" is-config="true" duration-ms="0" started-at="2013-06-03T14:55:19Z" finished-at="2013-06-03T14:55:19Z">
          <reporter-output>
          </reporter-output>
        </test-method> <!-- AfterMethod -->
        <test-method status="SKIP" signature="startWorkflow(java.util.Map)[pri:0, instance:nc.tc.uap.workflow.admin.IWFEngineServiceTest@167436c]" name="startWorkflow" duration-ms="0" started-at="2013-06-03T14:55:19Z" data-provider="dp" finished-at="2013-06-03T14:55:19Z">
          <params>
            <param index="0">
              <value>
                <![CDATA[{referenceid=[1], state_proins=[0], testcase_id=[1001], actionName=[APPROVE], emendEnum=[-1], groupPK=[00012410000000000H12], pk_owner=[1001AA1000000000IHTW], nexttask_num=[1], operator=[1001AA1000000000IHTW], pk_prodef=[0001AA1000000001N45K], state_task=[5], billtype=[10GY], billMaker=[1001AA1000000000IHTW], task_state=[1], checknote=[批准], pk_form_ins=[1001AA1000000000KBHM], description=[正常流程], billNo=[GYS201212190115], billId=[1001AA1000000000KBHM], approveresult=[Y], orgPK=[00012410000000002G2A], autoApproveAfterCommit=[false]}]]>
              </value>
            </param>
          </params>
          <reporter-output>
          </reporter-output>
        </test-method> <!-- startWorkflow -->
        <test-method status="SKIP" signature="BeforeMethod()[pri:0, instance:nc.tc.uap.workflow.admin.IWFEngineServiceTest@167436c]" name="BeforeMethod" is-config="true" duration-ms="0" started-at="2013-06-03T14:55:19Z" finished-at="2013-06-03T14:55:19Z">
          <reporter-output>
          </reporter-output>
        </test-method> <!-- BeforeMethod -->
        <test-method status="SKIP" signature="baseBeforeMethod(java.lang.reflect.Method)[pri:0, instance:nc.tc.uap.workflow.admin.IWFEngineServiceTest@167436c]" name="baseBeforeMethod" is-config="true" duration-ms="0" started-at="2013-06-03T14:55:19Z" finished-at="2013-06-03T14:55:19Z">
          <reporter-output>
          </reporter-output>
        </test-method> <!-- baseBeforeMethod -->
        <test-method status="SKIP" signature="startWorkflow(java.util.Map)[pri:0, instance:nc.tc.uap.workflow.admin.IWFEngineServiceTest@167436c]" name="startWorkflow" duration-ms="0" started-at="2013-06-03T14:55:19Z" data-provider="dp" finished-at="2013-06-03T14:55:19Z">
          <params>
            <param index="0">
              <value>
                <![CDATA[{referenceid=[2], state_proins=[0], testcase_id=[1011], actionName=[APPROVE], emendEnum=[-1], groupPK=[00012410000000000H12], pk_owner=[1001AA1000000000IHTW], nexttask_num=[1], operator=[1001AA1000000000IHTW], pk_prodef=[0001AA1000000001N45K], state_task=[5], billtype=[10GY], billMaker=[1001AA1000000000IHTW], task_state=[1], checknote=[批准], pk_form_ins=[1001AA1000000000KBHM], description=[正常流程], billNo=[GYS201212190115], billId=[1001AA1000000000KBHM], approveresult=[Y], orgPK=[00012410000000002G2A], autoApproveAfterCommit=[false]}]]>
              </value>
            </param>
          </params>
          <reporter-output>
          </reporter-output>
        </test-method> <!-- startWorkflow -->
        <test-method status="SKIP" signature="AfterMethod()[pri:0, instance:nc.tc.uap.workflow.admin.IWFEngineServiceTest@167436c]" name="AfterMethod" is-config="true" duration-ms="0" started-at="2013-06-03T14:55:19Z" finished-at="2013-06-03T14:55:19Z">
          <reporter-output>
          </reporter-output>
        </test-method> <!-- AfterMethod -->
        <test-method status="SKIP" signature="AfterClass()[pri:0, instance:nc.tc.uap.workflow.admin.IWFEngineServiceTest@167436c]" name="AfterClass" is-config="true" duration-ms="0" started-at="2013-06-03T14:55:19Z" finished-at="2013-06-03T14:55:19Z">
          <reporter-output>
          </reporter-output>
        </test-method> <!-- AfterClass -->
        <test-method status="SKIP" signature="baseTearDown()[pri:0, instance:nc.tc.uap.workflow.admin.IWFEngineServiceTest@167436c]" name="baseTearDown" is-config="true" duration-ms="0" started-at="2013-06-03T14:55:19Z" finished-at="2013-06-03T14:55:19Z">
          <reporter-output>
          </reporter-output>
        </test-method> <!-- baseTearDown -->
      </class> <!-- nc.tc.uap.workflow.admin.IWFEngineServiceTest -->
    </test> <!-- Default test -->
  </suite> <!-- Default suite -->
</testng-results>
